###############################################################################
#                                                                             #
# IAR ANSI C/C++ Compiler V6.50.1.4415/W32 for ARM      16/May/2013  10:07:31 #
# Copyright 1999-2012 IAR Systems AB.                                         #
#                                                                             #
#    Cpu mode     =  thumb                                                    #
#    Endian       =  little                                                   #
#    Source file  =  C:\Tools\IAR Systems\Embedded Workbench                  #
#                    6.5\WorkSpace\WL9F_Monitor_APP\Platform\TaeHa -          #
#                    ECS\SRC\DPRAM_Control.c                                  #
#    Command line =  "C:\Tools\IAR Systems\Embedded Workbench                 #
#                    6.5\WorkSpace\WL9F_Monitor_APP\Platform\TaeHa -          #
#                    ECS\SRC\DPRAM_Control.c" -D USE_STDPERIPH_DRIVER -D      #
#                    STM32F4XX -D USE_STM324xG_EVAL -D USE_FULL_ASSERT -lcN   #
#                    "C:\Tools\IAR Systems\Embedded Workbench                 #
#                    6.5\WorkSpace\WL9F_Monitor_APP\Project\Debug\List\" -o   #
#                    "C:\Tools\IAR Systems\Embedded Workbench                 #
#                    6.5\WorkSpace\WL9F_Monitor_APP\Project\Debug\Obj\"       #
#                    --debug --endian=little --cpu=Cortex-M4 -e               #
#                    --fpu=VFPv4_sp --dlib_config "C:\Tools\IAR               #
#                    Systems\Embedded Workbench 6.5\arm\INC\c\DLib_Config_Ful #
#                    l.h" -I "C:\Tools\IAR Systems\Embedded Workbench         #
#                    6.5\WorkSpace\WL9F_Monitor_APP\Project\..\Platform\COMMO #
#                    N\INC\" -I "C:\Tools\IAR Systems\Embedded Workbench      #
#                    6.5\WorkSpace\WL9F_Monitor_APP\Project\..\Platform\TaeHa #
#                     - ECS\INC\" -I "C:\Tools\IAR Systems\Embedded           #
#                    Workbench 6.5\WorkSpace\WL9F_Monitor_APP\Project\..\Libr #
#                    aries\CMSIS\Device\ST\STM32F4xx\Include\" -I             #
#                    "C:\Tools\IAR Systems\Embedded Workbench                 #
#                    6.5\WorkSpace\WL9F_Monitor_APP\Project\..\Libraries\STM3 #
#                    2F4xx_StdPeriph_Driver\inc\" -Oh --use_c++_inline -I     #
#                    "C:\Tools\IAR Systems\Embedded Workbench                 #
#                    6.5\arm\CMSIS\Include\"                                  #
#    List file    =  C:\Tools\IAR Systems\Embedded Workbench                  #
#                    6.5\WorkSpace\WL9F_Monitor_APP\Project\Debug\List\DPRAM_ #
#                    Control.lst                                              #
#    Object file  =  C:\Tools\IAR Systems\Embedded Workbench                  #
#                    6.5\WorkSpace\WL9F_Monitor_APP\Project\Debug\Obj\DPRAM_C #
#                    ontrol.o                                                 #
#                                                                             #
#                                                                             #
###############################################################################

C:\Tools\IAR Systems\Embedded Workbench 6.5\WorkSpace\WL9F_Monitor_APP\Platform\TaeHa - ECS\SRC\DPRAM_Control.c
      1          /**
      2            ******************************************************************************
      3            * @file    DPRAM_Control.c 
      4            * @author  kutelf (kutelf@taeha.co.kr)
      5            * @version V1.0.0
      6            * @date    02/22/2013
      7            * @brief   DPRAM_Control.c module
      8            *
      9            * Project Name       : WL9F Monitor APP
     10            * Project Enviroment : IAREmbedded Workbench for ARM 6.5x 
     11            *                      STM32F407ZGT6 Firmware Library
     12            * Project Workspace  : WL9F_Monitor_APP
     13            * MCU Type           : STM32F407ZGT6
     14            *
     15            * TAEHA MECHATRONICS Co., Ltd (http://www.taeha.co.kr)				
     16            * ECS Division R&D Center. / Author by Young-Min Han (kutelf@taeha.co.kr)
     17            * 
     18            ******************************************************************************
     19            */ 
     20          
     21          /* Includes ------------------------------------------------------------------*/
     22          #include "WL9F_Monitor_APP.h"	
     23          
     24          /* Private typedef -----------------------------------------------------------*/
     25          /* Private define ------------------------------------------------------------*/
     26          /* Private macro -------------------------------------------------------------*/
     27          /* Private variables ---------------------------------------------------------*/
     28          /* Private function prototypes -----------------------------------------------*/
     29          /* Private functions ---------------------------------------------------------*/
     30          /**
     31            * @brief  DPRAM Initialize 
     32            * @param  
     33            * @retval None
     34            */
     35          void DPRAM_Init(void)
     36          {
     37              DebugMsg_printf("++ DPRAM Initialize START\r\n");
     38          
     39          	//  DPRAM GPIO는 System_Init.c 에서 설정
     40              #if 0
     41          
     42          	#endif
     43          
     44              DebugMsg_printf("++ DPRAM Initialize END\r\n");
     45          }
     46          
     47          /*********(C) COPYRIGHT 2010 TaeHa Mechatronics Co., Ltd. *****END OF FILE****/

   Maximum stack usage in bytes:

   .cstack Function
   ------- --------
       0   DPRAM_Init


   Section sizes:

   Bytes  Function/Label
   -----  --------------
       2  DPRAM_Init

 
 2 bytes in section .text
 
 2 bytes of CODE memory

Errors: none
Warnings: none
