###############################################################################
#                                                                             #
# IAR ANSI C/C++ Compiler V6.50.1.4415/W32 for ARM      14/Apr/2014  09:10:44 #
# Copyright 1999-2012 IAR Systems AB.                                         #
#                                                                             #
#    Cpu mode     =  thumb                                                    #
#    Endian       =  little                                                   #
#    Source file  =  C:\Tools\WL9F\WL_F_Monitor_APP\Platform\TaeHa -          #
#                    ECS\SRC\GPIO_Control.c                                   #
#    Command line =  "C:\Tools\WL9F\WL_F_Monitor_APP\Platform\TaeHa -         #
#                    ECS\SRC\GPIO_Control.c" -D USE_STDPERIPH_DRIVER -D       #
#                    STM32F4XX -D USE_STM324xG_EVAL -D USE_FULL_ASSERT -lcN   #
#                    C:\Tools\WL9F\WL_F_Monitor_APP\Project\Debug\List\ -o    #
#                    C:\Tools\WL9F\WL_F_Monitor_APP\Project\Debug\Obj\        #
#                    --debug --endian=little --cpu=Cortex-M4 -e               #
#                    --fpu=VFPv4_sp --dlib_config "C:\Tools\IAR               #
#                    Systems\Embedded Workbench 6.5\arm\INC\c\DLib_Config_Ful #
#                    l.h" -I C:\Tools\WL9F\WL_F_Monitor_APP\Project\..\Platfo #
#                    rm\COMMON\INC\ -I "C:\Tools\WL9F\WL_F_Monitor_APP\Projec #
#                    t\..\Platform\TaeHa - ECS\INC\" -I                       #
#                    C:\Tools\WL9F\WL_F_Monitor_APP\Project\..\Libraries\CMSI #
#                    S\Device\ST\STM32F4xx\Include\ -I                        #
#                    C:\Tools\WL9F\WL_F_Monitor_APP\Project\..\Libraries\STM3 #
#                    2F4xx_StdPeriph_Driver\inc\ -Oh --use_c++_inline -I      #
#                    "C:\Tools\IAR Systems\Embedded Workbench                 #
#                    6.5\arm\CMSIS\Include\"                                  #
#    List file    =  C:\Tools\WL9F\WL_F_Monitor_APP\Project\Debug\List\GPIO_C #
#                    ontrol.lst                                               #
#    Object file  =  C:\Tools\WL9F\WL_F_Monitor_APP\Project\Debug\Obj\GPIO_Co #
#                    ntrol.o                                                  #
#                                                                             #
#                                                                             #
###############################################################################

C:\Tools\WL9F\WL_F_Monitor_APP\Platform\TaeHa - ECS\SRC\GPIO_Control.c
      1          /**
      2            ******************************************************************************
      3            * @file    GPIO_Control.c 
      4            * @author  kutelf (kutelf@taeha.co.kr)
      5            * @version V1.0.0
      6            * @date    02/22/2013
      7            * @brief   GPIO_Control.c module
      8            *
      9            * Project Name       : WL9F Monitor APP
     10            * Project Enviroment : IAREmbedded Workbench for ARM 6.5x 
     11            *                      STM32F407ZGT6 Firmware Library
     12            * Project Workspace  : WL9F_Monitor_APP
     13            * MCU Type           : STM32F407ZGT6
     14            *
     15            * TAEHA MECHATRONICS Co., Ltd (http://www.taeha.co.kr)				
     16            * ECS Division R&D Center. / Author by Young-Min Han (kutelf@taeha.co.kr)
     17            * 
     18            ******************************************************************************
     19            */ 
     20          
     21          /* Includes ------------------------------------------------------------------*/
     22          #include "WL9F_Monitor_APP.h"	
     23          
     24          /* Private typedef -----------------------------------------------------------*/
     25          /* Private define ------------------------------------------------------------*/
     26          /* Private macro -------------------------------------------------------------*/
     27          /* Private variables ---------------------------------------------------------*/
     28          /* Private function prototypes -----------------------------------------------*/
     29          /* Private functions ---------------------------------------------------------*/
     30          
     31          void WL9FM_EXYNOS_POWER_ONOFF(uint8_t BitData)
     32          {
     33          	GPIO_WriteBit(EXYNOS_PWR_CTRL_PORT, EXYNOS_PWR_CTRL, (BitAction) BitData);
     34          }
     35          
     36          void WL9FM_EXYNOS_PMIC_ONOFF(void)
     37          {
     38          	GPIO_WriteBit(EXYNOS_PMIC_CTRL_PORT, EXYNOS_PMIC_CTRL, Bit_SET);
     39          	TimeDelay_msec(100);
     40          	GPIO_WriteBit(EXYNOS_PMIC_CTRL_PORT, EXYNOS_PMIC_CTRL, Bit_RESET);
     41          	TimeDelay_msec(100);
     42          }
     43          
     44          void WL9FM_CAMERA_nRESET(void)
     45          {
     46          	GPIO_WriteBit(CAMERA_nRESET_PORT, CAMERA_nRESET, Bit_RESET);
     47          	TimeDelay_msec(100);
     48          	GPIO_WriteBit(CAMERA_nRESET_PORT, CAMERA_nRESET, Bit_SET);
     49          }
     50          
     51          void WL9FM_PowerIG(uint8_t BitData)
     52          {
     53              GPIO_WriteBit(PWR_CTRL_PORT, PWR_CTRL, (BitAction) BitData);
     54          }
     55          
     56          uint8_t WL9FM_GetPowerIG(void)
     57          {
     58              return GPIO_ReadInputDataBit(PWR_IGMON_PORT, PWR_IGMON);
     59          }
     60          
     61          
     62          
     63          /*********(C) COPYRIGHT 2013 TaeHa Mechatronics Co., Ltd. *****END OF FILE****/

   Maximum stack usage in bytes:

   .cstack Function
   ------- --------
       8   WL9FM_CAMERA_nRESET
         0   -> GPIO_WriteBit
         8   -> GPIO_WriteBit
         8   -> TimeDelay_msec
       8   WL9FM_EXYNOS_PMIC_ONOFF
         8   -> GPIO_WriteBit
         0   -> TimeDelay_msec
         8   -> TimeDelay_msec
       0   WL9FM_EXYNOS_POWER_ONOFF
         0   -> GPIO_WriteBit
       0   WL9FM_GetPowerIG
         0   -> GPIO_ReadInputDataBit
       0   WL9FM_PowerIG
         0   -> GPIO_WriteBit


   Section sizes:

   Bytes  Function/Label
   -----  --------------
       4  ??DataTable4
       4  ??DataTable4_1
       4  ??DataTable4_2
      38  WL9FM_CAMERA_nRESET
      40  WL9FM_EXYNOS_PMIC_ONOFF
      12  WL9FM_EXYNOS_POWER_ONOFF
       8  WL9FM_GetPowerIG
      10  WL9FM_PowerIG

 
 120 bytes in section .text
 
 120 bytes of CODE memory

Errors: none
Warnings: none
