###############################################################################
#                                                                             #
# IAR ANSI C/C++ Compiler V6.50.1.4415/W32 for ARM      02/Jul/2014  19:49:19 #
# Copyright 1999-2012 IAR Systems AB.                                         #
#                                                                             #
#    Cpu mode     =  thumb                                                    #
#    Endian       =  little                                                   #
#    Source file  =  C:\Tools\WL9F\WL_F_Monitor_APP\Platform\TaeHa -          #
#                    ECS\SRC\Hardware_Version.c                               #
#    Command line =  "C:\Tools\WL9F\WL_F_Monitor_APP\Platform\TaeHa -         #
#                    ECS\SRC\Hardware_Version.c" -D USE_STDPERIPH_DRIVER -D   #
#                    STM32F4XX -D USE_STM324xG_EVAL -D USE_FULL_ASSERT -lcN   #
#                    C:\Tools\WL9F\WL_F_Monitor_APP\Project\Debug\List\ -o    #
#                    C:\Tools\WL9F\WL_F_Monitor_APP\Project\Debug\Obj\        #
#                    --debug --endian=little --cpu=Cortex-M4 -e               #
#                    --fpu=VFPv4_sp --dlib_config "C:\Tools\IAR               #
#                    Systems\Embedded Workbench 6.5\arm\INC\c\DLib_Config_Ful #
#                    l.h" -I C:\Tools\WL9F\WL_F_Monitor_APP\Project\..\Platfo #
#                    rm\COMMON\INC\ -I "C:\Tools\WL9F\WL_F_Monitor_APP\Projec #
#                    t\..\Platform\TaeHa - ECS\INC\" -I                       #
#                    C:\Tools\WL9F\WL_F_Monitor_APP\Project\..\Libraries\CMSI #
#                    S\Device\ST\STM32F4xx\Include\ -I                        #
#                    C:\Tools\WL9F\WL_F_Monitor_APP\Project\..\Libraries\STM3 #
#                    2F4xx_StdPeriph_Driver\inc\ -Oh --use_c++_inline -I      #
#                    "C:\Tools\IAR Systems\Embedded Workbench                 #
#                    6.5\arm\CMSIS\Include\"                                  #
#    List file    =  C:\Tools\WL9F\WL_F_Monitor_APP\Project\Debug\List\Hardwa #
#                    re_Version.lst                                           #
#    Object file  =  C:\Tools\WL9F\WL_F_Monitor_APP\Project\Debug\Obj\Hardwar #
#                    e_Version.o                                              #
#                                                                             #
#                                                                             #
###############################################################################

C:\Tools\WL9F\WL_F_Monitor_APP\Platform\TaeHa - ECS\SRC\Hardware_Version.c
      1          /**
      2            ******************************************************************************
      3            * @file    Hardware_Version.c 
      4            * @author  kutelf (kutelf@taeha.co.kr)
      5            * @version V1.0.0
      6            * @date    02/22/2013
      7            * @brief   Hardware_Version.c module
      8            *
      9            * Project Name       : WL9F Monitor APP
     10            * Project Enviroment : IAREmbedded Workbench for ARM 6.5x 
     11            *                      STM32F407ZGT6 Firmware Library
     12            * Project Workspace  : WL9F_Monitor_APP
     13            * MCU Type           : STM32F407ZGT6
     14            *
     15            * TAEHA MECHATRONICS Co., Ltd (http://www.taeha.co.kr)				
     16            * ECS Division R&D Center. / Author by Young-Min Han (kutelf@taeha.co.kr)
     17            * 
     18            ******************************************************************************
     19            */ 
     20          
     21          /* Includes ------------------------------------------------------------------*/
     22          #include "WL9F_Monitor_APP.h"	
     23          
     24          /* Private typedef -----------------------------------------------------------*/
     25          /* Private define ------------------------------------------------------------*/
     26          /* Private macro -------------------------------------------------------------*/
     27          /* Private variables ---------------------------------------------------------*/
     28          
     29          /* Private function prototypes -----------------------------------------------*/
     30          /* Private functions ---------------------------------------------------------*/
     31          
     32          /*******************************************************************************
     33          * Function Name  : ADC_Configuration
     34          * Description    : Configure the ADC.
     35          * Input          : None
     36          * Output         : None
     37          * Return         : None
     38          *******************************************************************************/
     39          void ADC_Configuration(void)
     40          {
     41          
     42          }
     43          
     44          /**\
     45            * @brief  None
     46            * @param  None
     47            * @retval None
     48            */
     49          void Hardware_Version_Init(void)
     50          {
     51              DebugMsg_printf("++ Hardware_Version (ADC : IN13), ADC Initialize START\r\n");
     52          
     53          	ADC_Configuration();
     54          	
     55              DebugMsg_printf("-- Hardware_Version (ADC : IN13), ADC Initialize END\r\n");
     56          }
     57          
     58          /*********(C) COPYRIGHT 2010 TaeHa Mechatronics Co., Ltd. *****END OF FILE****/

   Maximum stack usage in bytes:

   .cstack Function
   ------- --------
       0   ADC_Configuration
       0   Hardware_Version_Init


   Section sizes:

   Bytes  Function/Label
   -----  --------------
       2  ADC_Configuration
       2  Hardware_Version_Init

 
 4 bytes in section .text
 
 4 bytes of CODE memory

Errors: none
Warnings: none
