###############################################################################
#                                                                             #
# IAR ANSI C/C++ Compiler V6.50.1.4415/W32 for ARM      15/Apr/2015  17:13:05 #
# Copyright 1999-2012 IAR Systems AB.                                         #
#                                                                             #
#    Cpu mode     =  thumb                                                    #
#    Endian       =  little                                                   #
#    Source file  =  C:\Tools\IAR Systems\Workspace_WL9F\WL_F_Monitor_APP\Pla #
#                    tform\TaeHa - ECS\SRC\M25PXX.c                           #
#    Command line =  "C:\Tools\IAR Systems\Workspace_WL9F\WL_F_Monitor_APP\Pl #
#                    atform\TaeHa - ECS\SRC\M25PXX.c" -D                      #
#                    USE_STDPERIPH_DRIVER -D STM32F4XX -D USE_STM324xG_EVAL   #
#                    -D USE_FULL_ASSERT -lcN "C:\Tools\IAR                    #
#                    Systems\Workspace_WL9F\WL_F_Monitor_APP\Project\Debug\Li #
#                    st\" -o "C:\Tools\IAR Systems\Workspace_WL9F\WL_F_Monito #
#                    r_APP\Project\Debug\Obj\" --debug --endian=little        #
#                    --cpu=Cortex-M4 -e --fpu=VFPv4_sp --dlib_config          #
#                    "C:\Tools\IAR Systems\Embedded Workbench                 #
#                    6.5\arm\INC\c\DLib_Config_Full.h" -I "C:\Tools\IAR       #
#                    Systems\Workspace_WL9F\WL_F_Monitor_APP\Project\..\Platf #
#                    orm\COMMON\INC\" -I "C:\Tools\IAR                        #
#                    Systems\Workspace_WL9F\WL_F_Monitor_APP\Project\..\Platf #
#                    orm\TaeHa - ECS\INC\" -I "C:\Tools\IAR                   #
#                    Systems\Workspace_WL9F\WL_F_Monitor_APP\Project\..\Libra #
#                    ries\CMSIS\Device\ST\STM32F4xx\Include\" -I              #
#                    "C:\Tools\IAR Systems\Workspace_WL9F\WL_F_Monitor_APP\Pr #
#                    oject\..\Libraries\STM32F4xx_StdPeriph_Driver\inc\" -Oh  #
#                    --use_c++_inline -I "C:\Tools\IAR Systems\Embedded       #
#                    Workbench 6.5\arm\CMSIS\Include\"                        #
#    List file    =  C:\Tools\IAR Systems\Workspace_WL9F\WL_F_Monitor_APP\Pro #
#                    ject\Debug\List\M25PXX.lst                               #
#    Object file  =  C:\Tools\IAR Systems\Workspace_WL9F\WL_F_Monitor_APP\Pro #
#                    ject\Debug\Obj\M25PXX.o                                  #
#                                                                             #
#                                                                             #
###############################################################################

C:\Tools\IAR Systems\Workspace_WL9F\WL_F_Monitor_APP\Platform\TaeHa - ECS\SRC\M25PXX.c
      1          /**
      2            ******************************************************************************
      3            * @file    M25PXX.c 
      4            * @author  kutelf (kutelf@taeha.co.kr)
      5            * @version V1.0.0
      6            * @date    02/22/2013
      7            * @brief   M25PXX.c module
      8            *
      9            * Project Name       : WL9F Monitor APP
     10            * Project Enviroment : IAREmbedded Workbench for ARM 6.5x 
     11            *                      STM32F407ZGT6 Firmware Library
     12            * Project Workspace  : WL9F_Monitor_APP
     13            * MCU Type           : STM32F407ZGT6
     14            *
     15            * TAEHA MECHATRONICS Co., Ltd (http://www.taeha.co.kr)				
     16            * ECS Division R&D Center. / Author by Young-Min Han (kutelf@taeha.co.kr)
     17            * 
     18            ******************************************************************************
     19            */ 
     20          
     21          /* Includes ------------------------------------------------------------------*/
     22          #include "WL9F_Monitor_APP.h"	
     23          
     24          #define Sector_1 	0x10000
     25          #define Sector_10 	0xA0000
     26          #define Sector_60 	0x3c0000
     27          #define Sector_61 	0x3d0000
     28          #define Sector_62 	0x3e0000
     29          #define Sector_63 	0x3f0000
     30          
     31          const unsigned short Crc16Table[256] = {
     32             0x0000, 0xC0C1, 0xC181, 0x0140, 0xC301, 0x03C0, 0x0280, 0xC241,
     33             0xC601, 0x06C0, 0x0780, 0xC741, 0x0500, 0xC5C1, 0xC481, 0x0440,
     34             0xCC01, 0x0CC0, 0x0D80, 0xCD41, 0x0F00, 0xCFC1, 0xCE81, 0x0E40,
     35             0x0A00, 0xCAC1, 0xCB81, 0x0B40, 0xC901, 0x09C0, 0x0880, 0xC841,
     36             0xD801, 0x18C0, 0x1980, 0xD941, 0x1B00, 0xDBC1, 0xDA81, 0x1A40,
     37             0x1E00, 0xDEC1, 0xDF81, 0x1F40, 0xDD01, 0x1DC0, 0x1C80, 0xDC41,
     38             0x1400, 0xD4C1, 0xD581, 0x1540, 0xD701, 0x17C0, 0x1680, 0xD641,
     39             0xD201, 0x12C0, 0x1380, 0xD341, 0x1100, 0xD1C1, 0xD081, 0x1040,
     40             0xF001, 0x30C0, 0x3180, 0xF141, 0x3300, 0xF3C1, 0xF281, 0x3240,
     41             0x3600, 0xF6C1, 0xF781, 0x3740, 0xF501, 0x35C0, 0x3480, 0xF441,
     42             0x3C00, 0xFCC1, 0xFD81, 0x3D40, 0xFF01, 0x3FC0, 0x3E80, 0xFE41,
     43             0xFA01, 0x3AC0, 0x3B80, 0xFB41, 0x3900, 0xF9C1, 0xF881, 0x3840,
     44             0x2800, 0xE8C1, 0xE981, 0x2940, 0xEB01, 0x2BC0, 0x2A80, 0xEA41,
     45             0xEE01, 0x2EC0, 0x2F80, 0xEF41, 0x2D00, 0xEDC1, 0xEC81, 0x2C40,
     46             0xE401, 0x24C0, 0x2580, 0xE541, 0x2700, 0xE7C1, 0xE681, 0x2640,
     47             0x2200, 0xE2C1, 0xE381, 0x2340, 0xE101, 0x21C0, 0x2080, 0xE041,
     48             0xA001, 0x60C0, 0x6180, 0xA141, 0x6300, 0xA3C1, 0xA281, 0x6240,
     49             0x6600, 0xA6C1, 0xA781, 0x6740, 0xA501, 0x65C0, 0x6480, 0xA441,
     50             0x6C00, 0xACC1, 0xAD81, 0x6D40, 0xAF01, 0x6FC0, 0x6E80, 0xAE41,
     51             0xAA01, 0x6AC0, 0x6B80, 0xAB41, 0x6900, 0xA9C1, 0xA881, 0x6840,
     52             0x7800, 0xB8C1, 0xB981, 0x7940, 0xBB01, 0x7BC0, 0x7A80, 0xBA41,
     53             0xBE01, 0x7EC0, 0x7F80, 0xBF41, 0x7D00, 0xBDC1, 0xBC81, 0x7C40,
     54             0xB401, 0x74C0, 0x7580, 0xB541, 0x7700, 0xB7C1, 0xB681, 0x7640,
     55             0x7200, 0xB2C1, 0xB381, 0x7340, 0xB101, 0x71C0, 0x7080, 0xB041,
     56             0x5000, 0x90C1, 0x9181, 0x5140, 0x9301, 0x53C0, 0x5280, 0x9241,
     57             0x9601, 0x56C0, 0x5780, 0x9741, 0x5500, 0x95C1, 0x9481, 0x5440,
     58             0x9C01, 0x5CC0, 0x5D80, 0x9D41, 0x5F00, 0x9FC1, 0x9E81, 0x5E40,
     59             0x5A00, 0x9AC1, 0x9B81, 0x5B40, 0x9901, 0x59C0, 0x5880, 0x9841,
     60             0x8801, 0x48C0, 0x4980, 0x8941, 0x4B00, 0x8BC1, 0x8A81, 0x4A40,
     61             0x4E00, 0x8EC1, 0x8F81, 0x4F40, 0x8D01, 0x4DC0, 0x4C80, 0x8C41,
     62             0x4400, 0x84C1, 0x8581, 0x4540, 0x8701, 0x47C0, 0x4680, 0x8641,
     63             0x8201, 0x42C0, 0x4380, 0x8341, 0x4100, 0x81C1, 0x8081, 0x4040
     64          };
     65          
     66          u8 Change_UART4_for_Download;
     67          
     68          u8 download_enable_code[6]={0xd4,0xc3,0xb2,0xa1, };
     69          u8 fatoryinit_enable_code[6]={0x8d,0x7c,0x6b,0x5a, };
     70          
     71          u8 temp3[6];
     72          uint16_t Index_temp;
     73          
     74          
     75          void SPI_FLASH_SectorErase(unsigned long SectorAddr)
     76          {
     77          	// Send write enable instruction 
     78          	SPI_FLASH_WriteEnable();
     79          	// Sector Erase  
     80          	// Select the FLASH: Chip Select low 
     81          	SPI_FLASH_CS_LOW();
     82          	// Send Sector Erase instruction 
     83          	SPI_Transfer(SE);
     84          	// Send SectorAddr high nibble address byte 
     85          	SPI_Transfer((SectorAddr & 0xFF0000) >> 16);
     86          	// Send SectorAddr medium nibble address byte 
     87          	SPI_Transfer((SectorAddr & 0xFF00) >> 8);
     88          	// Send SectorAddr low nibble address byte 
     89          	SPI_Transfer(SectorAddr & 0xFF);
     90          	// Deselect the FLASH: Chip Select high 
     91          	SPI_FLASH_CS_HIGH();
     92          
     93          	// Wait the end of Flash writing 
     94          	SPI_FLASH_WaitForWriteEnd();
     95          }
     96          
     97          void SPI_FLASH_BulkErase(void)
     98          {
     99          	// Send write enable instruction 
    100          	SPI_FLASH_WriteEnable();
    101          
    102          	// Bulk Erase  
    103          	// Select the FLASH: Chip Select low 
    104          	SPI_FLASH_CS_LOW();
    105          	// Send Bulk Erase instruction  
    106          	SPI_Transfer(BE);
    107          	// Deselect the FLASH: Chip Select high 
    108          	SPI_FLASH_CS_HIGH();
    109          
    110          	// Wait the end of Flash writing 
    111          	SPI_FLASH_WaitForWriteEnd();
    112          }
    113          
    114          void SPI_FLASH_PageWrite(unsigned char* pBuffer, unsigned long WriteAddr, unsigned short NumByteToWrite)
    115          {
    116          	// Enable the write access to the FLASH 
    117          	SPI_FLASH_WriteEnable();
    118          
    119          	// Select the FLASH: Chip Select low 
    120          	SPI_FLASH_CS_LOW();
    121          	// Send "Write to Memory " instruction 
    122          	SPI_Transfer(WRITE);
    123          	// Send WriteAddr high nibble address byte to write to 
    124          	SPI_Transfer((WriteAddr & 0xFF0000) >> 16);
    125          	// Send WriteAddr medium nibble address byte to write to 
    126          	SPI_Transfer((WriteAddr & 0xFF00) >> 8);  
    127          	// Send WriteAddr low nibble address byte to write to 
    128          	SPI_Transfer(WriteAddr & 0xFF);
    129          
    130          	// while there is data to be written on the FLASH 
    131          	while(NumByteToWrite--) 
    132          	{
    133          		// Send the current byte 
    134          		SPI_Transfer(*pBuffer);
    135          		// Point on the next byte to be written 
    136          		pBuffer++; 
    137          	}
    138          
    139          	// Deselect the FLASH: Chip Select high 
    140          	SPI_FLASH_CS_HIGH();
    141          
    142          	// Wait the end of Flash writing 
    143          	SPI_FLASH_WaitForWriteEnd();
    144          }
    145          
    146          void SPI_FLASH_BufferWrite(unsigned char* pBuffer, unsigned long WriteAddr, unsigned short  NumByteToWrite)
    147          {
    148          	unsigned char NumOfPage = 0, NumOfSingle = 0, Addr = 0, count = 0, temp = 0;
    149          
    150          	Addr = WriteAddr % SPI_FLASH_PageSize;
    151          	count = SPI_FLASH_PageSize - Addr;
    152          	NumOfPage =  NumByteToWrite / SPI_FLASH_PageSize;
    153          	NumOfSingle = NumByteToWrite % SPI_FLASH_PageSize;
    154          
    155          	if(Addr == 0) // WriteAddr is SPI_FLASH_PageSize aligned  
    156          	{
    157          		if(NumOfPage == 0) // NumByteToWrite < SPI_FLASH_PageSize 
    158          		{
    159          			SPI_FLASH_PageWrite(pBuffer, WriteAddr, NumByteToWrite);
    160          		}
    161          		else // NumByteToWrite > SPI_FLASH_PageSize  
    162          		{
    163          			while(NumOfPage--)
    164          			{
    165          				SPI_FLASH_PageWrite(pBuffer, WriteAddr, SPI_FLASH_PageSize);
    166          				WriteAddr +=  SPI_FLASH_PageSize;
    167          				pBuffer += SPI_FLASH_PageSize;  
    168          			}    
    169          
    170          			SPI_FLASH_PageWrite(pBuffer, WriteAddr, NumOfSingle);
    171          		}
    172          	}
    173          	
    174          	else // WriteAddr is not SPI_FLASH_PageSize aligned  
    175          	{
    176          		if(NumOfPage== 0) // NumByteToWrite < SPI_FLASH_PageSize 
    177          		{
    178          			if(NumOfSingle > count) // (NumByteToWrite + WriteAddr) > SPI_FLASH_PageSize 
    179          			{
    180          				temp = NumOfSingle - count;
    181          
    182          				SPI_FLASH_PageWrite(pBuffer, WriteAddr, count);
    183          				WriteAddr +=  count;
    184          				pBuffer += count; 
    185          
    186          				SPI_FLASH_PageWrite(pBuffer, WriteAddr, temp);
    187          			}
    188          			else
    189          			{
    190          				SPI_FLASH_PageWrite(pBuffer, WriteAddr, NumByteToWrite);
    191          			}
    192          		
    193          		}
    194          		
    195          		else // NumByteToWrite > SPI_FLASH_PageSize 
    196          		{
    197          			NumByteToWrite -= count;
    198          			NumOfPage =  NumByteToWrite / SPI_FLASH_PageSize;
    199          			NumOfSingle = NumByteToWrite % SPI_FLASH_PageSize;
    200          
    201          			SPI_FLASH_PageWrite(pBuffer, WriteAddr, count);
    202          			WriteAddr +=  count;
    203          			pBuffer += count;  
    204          
    205          			while(NumOfPage--)
    206          			{
    207          				SPI_FLASH_PageWrite(pBuffer, WriteAddr, SPI_FLASH_PageSize);
    208          				WriteAddr +=  SPI_FLASH_PageSize;
    209          				pBuffer += SPI_FLASH_PageSize;
    210          			}
    211          
    212          			if(NumOfSingle != 0)
    213          			{
    214          				SPI_FLASH_PageWrite(pBuffer, WriteAddr, NumOfSingle);
    215          			}
    216          		}
    217          	}
    218          }
    219          
    220          void SPI_FLASH_BufferRead(unsigned char* pBuffer, unsigned long ReadAddr, unsigned short  NumByteToRead)
    221          {
    222          	// Select the FLASH: Chip Select low 
    223          	SPI_FLASH_CS_LOW();
    224          
    225          	// Send "Read from Memory " instruction 
    226          	SPI_Transfer(READ);
    227          
    228          	// Send ReadAddr high nibble address byte to read from 
    229          	SPI_Transfer((ReadAddr & 0xFF0000) >> 16);
    230          	// Send ReadAddr medium nibble address byte to read from 
    231          	SPI_Transfer((ReadAddr& 0xFF00) >> 8);
    232          	// Send ReadAddr low nibble address byte to read from 
    233          	SPI_Transfer(ReadAddr & 0xFF);
    234          
    235          	while(NumByteToRead--) // while there is data to be read 
    236          	{
    237          		// Read a byte from the FLASH 
    238          		*pBuffer = SPI_Transfer(Dummy_Byte);
    239          		// Point to the next location where the byte read will be saved 
    240          		pBuffer++;
    241          	}
    242          
    243          	// Deselect the FLASH: Chip Select high 
    244          	SPI_FLASH_CS_HIGH();
    245          }
    246          
    247          //unsigned long Temp = 0, Temp0 = 0, Temp1 = 0, Temp2 = 0;
    248          
    249          unsigned long SPI_FLASH_ReadID(void)
    250          {
    251          	unsigned long Temp = 0, Temp0 = 0, Temp1 = 0, Temp2 = 0;
    252          
    253          	// Select the FLASH: Chip Select low 
    254          	SPI_FLASH_CS_LOW();
    255          	// Send "RDID " instruction 
    256          	SPI_Transfer(0x9F);
    257          	// Read a byte from the FLASH 
    258          	Temp0 = SPI_Transfer(Dummy_Byte);
    259          
    260          	// Read a byte from the FLASH 
    261          	Temp1 = SPI_Transfer(Dummy_Byte);
    262          
    263          	// Read a byte from the FLASH 
    264          	Temp2 = SPI_Transfer(Dummy_Byte);
    265          
    266          	// Deselect the FLASH: Chip Select high 
    267          	SPI_FLASH_CS_HIGH();
    268          	Temp = (Temp0 << 16) | (Temp1 << 8) | Temp2;
    269          
    270          	return Temp;
    271          }
    272          
    273          void SPI_FLASH_StartReadSequence(unsigned long ReadAddr)
    274          {
    275          	// Select the FLASH: Chip Select low 
    276          	SPI_FLASH_CS_LOW();
    277          
    278          	// Send "Read from Memory " instruction 
    279          	SPI_Transfer(READ);
    280          
    281          	// Send the 24-bit address of the address to read from -----------------------  
    282          	// Send ReadAddr high nibble address byte 
    283          	SPI_Transfer((ReadAddr & 0xFF0000) >> 16);
    284          	// Send ReadAddr medium nibble address byte 
    285          	SPI_Transfer((ReadAddr& 0xFF00) >> 8);
    286          	// Send ReadAddr low nibble address byte 
    287          	SPI_Transfer(ReadAddr & 0xFF);
    288          }
    289          
    290          unsigned char SPI_FLASH_ReadByte(void)
    291          {
    292          	return (SPI_Transfer(Dummy_Byte));
    293          }
    294          
    295          unsigned char  SPI_Transfer(u8 data)
    296          {      
    297          	unsigned char i;
    298          	unsigned char result;
    299          
    300          	result = 0;
    301          
    302          	for (i = 0; i < 8; i++)
    303          	{
    304          		SPI_FLASH_SCK_LOW();
    305          		(data & (1 << (7- i))) ? SPI_FLASH_MOSI_HIGH():SPI_FLASH_MOSI_LOW();
    306          		SPI_FLASH_SCK_HIGH();
    307          
    308          		result <<= 1;
    309          		result |= GPIO_ReadInputDataBit(SFLASH_SPI1_PORT,SFLASH_SPI1_MISO);
    310          	}
    311          
    312          	return result;
    313              
    314          }
    315          
    316          unsigned char SPI_FLASH_SendByte(unsigned char byte)
    317          {
    318          	
    319          	// Loop while DR register in not emplty 
    320          	while(SPI_I2S_GetFlagStatus(SPI1, SPI_I2S_FLAG_TXE) == RESET);
    321          	// Send byte through the SPI1 peripheral 
    322          	SPI_I2S_SendData(SPI1, byte);
    323          	// Wait to receive a byte 
    324          	while(SPI_I2S_GetFlagStatus(SPI1, SPI_I2S_FLAG_RXNE) == RESET);
    325          	// Return the byte read from the SPI bus 
    326          	
    327          	return SPI_I2S_ReceiveData(SPI1);
    328          }
    329          
    330          void SPI_FLASH_WriteEnable(void)
    331          {
    332          	// Select the FLASH: Chip Select low 
    333          	SPI_FLASH_CS_LOW();
    334          
    335          	// Send "Write Enable" instruction 
    336          	SPI_Transfer(WREN);
    337          
    338          	// Deselect the FLASH: Chip Select high 
    339          	SPI_FLASH_CS_HIGH();
    340          }
    341          
    342          void SPI_FLASH_WaitForWriteEnd(void)
    343          {
    344          	unsigned char FLASH_Status = 0;
    345          
    346              //  ++, kutelf, 140801    
    347              //unsigned int TimeOut = 0;
    348              //  --, kutelf, 140801
    349              
    350          	// Select the FLASH: Chip Select low 
    351          	SPI_FLASH_CS_LOW();
    352          
    353          	// Send "Read Status Register" instruction 
    354          	SPI_Transfer(RDSR);
    355              
    356          	// Loop as long as the memory is busy with a write cycle 
    357            
    358          	do
    359          	{
    360          		// Send a dummy byte to generate the clock needed by the FLASH and put the value of the status register in FLASH_Status variable 
    361          		FLASH_Status = SPI_Transfer(Dummy_Byte);
    362          
    363                  //  ++, kutelf, 140801
    364                  //  SPI Flash가 문제가 있을 경우 - 무한루프에서 빠져나오지 못할 수 있음. 
    365                  //if (TimeOut++ > 2000)
    366                  //  break;
    367                  //  --, kutelf, 140801
    368          
    369          	} while((FLASH_Status & WIP_Flag) == SET); // Write in progress 
    370          
    371          	// Deselect the FLASH: Chip Select high 
    372          
    373          	SPI_FLASH_CS_HIGH();
    374          }
    375          
    376          
    377          unsigned short MakeCrc16(unsigned char *data, unsigned short nLen)
    378          {
    379              unsigned short i = 0;
    380              unsigned short crc16 = 0;
    381              
    382              while (nLen--)
    383              {
    384                  crc16 = Crc16Table[((crc16 ^ data[i]) & 0xff)] ^ (crc16 >> 8);
    385                  i++;
    386              }
    387              
    388              return(crc16);
    389          }
    390          
    391          void M25P32_Init(void)
    392          {
    393          	SPI_FLASH_CS_HIGH();
    394          	
    395          	SPI_FLASH_HOLD_DISABLE();
    396          
    397          	SPI_FLASH_WP_DISABLE();
    398          }
    399          uint8_t temp1024[1024];
    400          
    401          uint8_t temp_cmp[1024];
    402          
    403          
    404          void STM32_Update(unsigned char cmd, unsigned char FactoryInitFlag)
    405          {
    406          	unsigned long temp_address;
    407          	if(FactoryInitFlag == 1)
    408          	{
    409          		switch(cmd)
    410          		{
    411          			case FILE_WRITE_ENABLE :
    412          				if(Change_UART4_for_Download == 0)
    413          				{
    414          					SPI_FLASH_SectorErase(Sector_10);
    415          					Change_UART4_for_Download = 1;
    416          					CMD_ACK_SendToExynos(FILE_WRITE_ENABLE); 
    417          
    418          					// can serial disable
    419          					//USART_Cmd(Serial_COM2, DISABLE);
    420          				}
    421          				else
    422          				{
    423          					temp_address = Sector_10 + (WL9FM_USART_FILE_DATA.Bin_Data.index  *1024);
    424          					File_Write_to_SFLAH(temp_address);
    425          				}
    426          				break;
    427          
    428          			case FILE_VERIFY :
    429          
    430          				if(Change_UART4_for_Download == 0)
    431          				{
    432          					Change_UART4_for_Download = 1;
    433          					CMD_ACK_SendToExynos(FILE_VERIFY);
    434          				}
    435          				else
    436          				{
    437          					temp_address = Sector_10 + (WL9FM_USART_FILE_DATA.Bin_Data.index  * 1024);
    438          					Read_File_From_SFLAH(temp_address);
    439          				}
    440          				break;
    441          
    442          			case FILE_WRITE_FINISH :
    443          				SPI_FLASH_SectorErase(Sector_61);
    444          				SPI_FLASH_SectorErase(Sector_62);
    445          
    446          				fatoryinit_enable_code[4]=WL9FM_USART_FILE_DATA.Bin_Data.index;
    447          				fatoryinit_enable_code[5]=WL9FM_USART_FILE_DATA.Bin_Data.index>>8;
    448          				SPI_FLASH_PageWrite(fatoryinit_enable_code,Sector_61,6);
    449          				SPI_FLASH_PageWrite(fatoryinit_enable_code,Sector_62,6);
    450          				SPI_FLASH_BufferRead(temp3,Sector_62,6);
    451          				Change_UART4_for_Download=0;
    452          				CMD_ACK_SendToExynos(FILE_WRITE_FINISH);
    453          
    454          				// can serial disable
    455          				//USART_Cmd(Serial_COM2, ENABLE);
    456          				
    457          				break;	
    458          
    459          				
    460          		}
    461          
    462          	}
    463          	else
    464          	{
    465          		switch(cmd)
    466          		{
    467          			case FILE_WRITE_ENABLE :
    468          				if(Change_UART4_for_Download == 0)
    469          				{
    470          					SPI_FLASH_SectorErase(Sector_1);
    471          					Change_UART4_for_Download = 1;
    472          					CMD_ACK_SendToExynos(FILE_WRITE_ENABLE); 
    473          
    474          					// can serial disable
    475          					//USART_Cmd(Serial_COM2, DISABLE);
    476          				}
    477          				else
    478          				{
    479          					temp_address = Sector_1 + (WL9FM_USART_FILE_DATA.Bin_Data.index  *1024);
    480          					File_Write_to_SFLAH(temp_address);
    481          				}
    482          				break;
    483          
    484          			case FILE_VERIFY :
    485          
    486          				if(Change_UART4_for_Download == 0)
    487          				{
    488          					Change_UART4_for_Download = 1;
    489          					CMD_ACK_SendToExynos(FILE_VERIFY);
    490          				}
    491          				else
    492          				{
    493          					temp_address = Sector_1 + (WL9FM_USART_FILE_DATA.Bin_Data.index  * 1024);
    494          					Read_File_From_SFLAH(temp_address);
    495          				}
    496          				break;
    497          
    498          			case FILE_WRITE_FINISH :
    499          				SPI_FLASH_SectorErase(Sector_63);
    500          
    501          				download_enable_code[4]=WL9FM_USART_FILE_DATA.Bin_Data.index;
    502          				download_enable_code[5]=WL9FM_USART_FILE_DATA.Bin_Data.index>>8;
    503          				SPI_FLASH_PageWrite(download_enable_code,Sector_63,6);
    504          				SPI_FLASH_BufferRead(temp3,Sector_63,6);
    505          				Change_UART4_for_Download=0;
    506          				CMD_ACK_SendToExynos(FILE_WRITE_FINISH);
    507          
    508          				// can serial disable
    509          				//USART_Cmd(Serial_COM2, ENABLE);
    510          				
    511          				break;					
    512          		}
    513          	}
    514          	
    515          }
    516          
    517          void ACK_NACK_SendToExynos(uint8_t data)
    518          {
    519          	uint8_t ValueBuffer[Serial_COM4_TxSize];
    520          
    521          	ValueBuffer[0] = 0x02;				//	STX
    522          	ValueBuffer[1] = WL9FM_USART_FILE_DATA.Bin_Data.index ;			//	index L
    523          	ValueBuffer[2] = WL9FM_USART_FILE_DATA.Bin_Data.index>>8  ; 	//	index H
    524          	ValueBuffer[Serial_COM4_TxSize-1] = data;				//	ETX
    525          	
    526          	USARTx_EXYNOS(COM4, (char *)ValueBuffer);	
    527          }
    528          
    529          void CMD_ACK_SendToExynos(uint8_t data)
    530          {
    531          	uint8_t ValueBuffer[Serial_COM4_TxSize];
    532          
    533          	ValueBuffer[0] = 0x02;				//	STX
    534          	ValueBuffer[1] = DOWNRES;			//	KeyValue Command, 0x4B
    535          	ValueBuffer[2] = data;   			//	Key Value HexCode, 
    536          	ValueBuffer[Serial_COM4_TxSize-1] = 0x03;				//	ETX
    537          	
    538          	USARTx_EXYNOS(COM4, (char *)ValueBuffer);	
    539          }
    540          
    541          
    542          void File_Write_to_SFLAH(unsigned long addr)
    543          {
    544          	uint16_t	temp_crc;
    545          	uint8_t i=0;
    546          	
    547          	temp_crc = MakeCrc16(WL9FM_USART_FILE_DATA.Bin_Data.data, 1024);
    548          
    549          	if(temp_crc == WL9FM_USART_FILE_DATA.Bin_Data.CRC_data)
    550          	{
    551          		
    552          		ACK_NACK_SendToExynos(ACK);
    553          
    554          		for(i=0;i<4;i++)
    555          		{
    556          			SPI_FLASH_PageWrite(&WL9FM_USART_FILE_DATA.Bin_Data.data[i*256],addr+(i<<8),256);
    557          		}
    558                          
    559                          // ++, 150324 sys
    560                          //SPI_FLASH_BufferRead(temp1024,addr,1024);
    561                          // --, 150324 sys
    562          
    563          		if(Change_UART4_for_Download==2)	Change_UART4_for_Download=0;
    564          	}
    565          	else
    566          	{
    567          		ACK_NACK_SendToExynos(NAK);
    568          	}
    569          }
    570          
    571          uint16_t	temp_crc;
    572          
    573          void Read_File_From_SFLAH(unsigned long addr)
    574          {
    575          		
    576          	temp_crc = MakeCrc16(WL9FM_USART_FILE_DATA.Bin_Data.data, 1024);
    577          
    578          	//if(memcmp(temp_crc,WL9FM_USART_FILE_DATA.Bin_Data.CRC_data,1)==0)
    579          
    580          	if(temp_crc == WL9FM_USART_FILE_DATA.Bin_Data.CRC_data)
    581          	{
    582          		
    583          
    584          		memset(temp1024,0xff,1024);
    585          		
    586          		SPI_FLASH_BufferRead(temp1024,addr,1024);
    587          
    588          		if(memcmp(temp1024,WL9FM_USART_FILE_DATA.Bin_Data.data,1024)==0)
    589          		{
    590          
    591          			if(Change_UART4_for_Download==2)	Change_UART4_for_Download=0;
    592          
    593          			ACK_NACK_SendToExynos(ACK);
    594          		}
    595          		else
    596          			ACK_NACK_SendToExynos(NAK);
    597          	}
    598          	else
    599          	{
    600          		ACK_NACK_SendToExynos(NAK);
    601          	}
    602          }
    603          
    604          void CMD_DUMMY_SendToExynos(uint8_t data)
    605          {
    606          	uint8_t ValueBuffer[Serial_COM4_TxSize];
    607          
    608          	ValueBuffer[0] = 0x02;				//	STX
    609          	ValueBuffer[1] = DUMMYCMD;			//	DUMMYCMD
    610          	ValueBuffer[2] = data;   			//	Data
    611          	ValueBuffer[3] = 0x03;				//	ETX
    612          	
    613          	USARTx_EXYNOS(COM4, (char *)ValueBuffer);	
    614          }
    615          
    616          

   Maximum stack usage in bytes:

   .cstack Function
   ------- --------
      16   ACK_NACK_SendToExynos
        16   -> USARTx_EXYNOS
      16   CMD_ACK_SendToExynos
        16   -> USARTx_EXYNOS
      16   CMD_DUMMY_SendToExynos
        16   -> USARTx_EXYNOS
      16   File_Write_to_SFLAH
         0   -> ACK_NACK_SendToExynos
        16   -> ACK_NACK_SendToExynos
        16   -> MakeCrc16
        16   -> SPI_FLASH_PageWrite
       8   M25P32_Init
         0   -> GPIO_WriteBit
         8   -> GPIO_WriteBit
       4   MakeCrc16
      16   Read_File_From_SFLAH
         0   -> ACK_NACK_SendToExynos
        16   -> MakeCrc16
        16   -> SPI_FLASH_BufferRead
        16   -> __aeabi_memset4
        16   -> memcmp
      32   SPI_FLASH_BufferRead
        32   -> GPIO_ReadInputDataBit
         0   -> GPIO_WriteBit
        32   -> GPIO_WriteBit
        32   -> SPI_Transfer
      24   SPI_FLASH_BufferWrite
         0   -> SPI_FLASH_PageWrite
        24   -> SPI_FLASH_PageWrite
       8   SPI_FLASH_BulkErase
         8   -> GPIO_WriteBit
         0   -> SPI_FLASH_WaitForWriteEnd
         8   -> SPI_FLASH_WriteEnable
         8   -> SPI_Transfer
      32   SPI_FLASH_PageWrite
        32   -> GPIO_ReadInputDataBit
        32   -> GPIO_WriteBit
         0   -> SPI_FLASH_WaitForWriteEnd
        32   -> SPI_FLASH_WriteEnable
        32   -> SPI_Transfer
       0   SPI_FLASH_ReadByte
         0   -> SPI_Transfer
      24   SPI_FLASH_ReadID
        24   -> GPIO_WriteBit
        24   -> SPI_Transfer
      16   SPI_FLASH_SectorErase
        16   -> GPIO_WriteBit
         0   -> SPI_FLASH_WaitForWriteEnd
        16   -> SPI_FLASH_WriteEnable
        16   -> SPI_Transfer
      16   SPI_FLASH_SendByte
        16   -> SPI_I2S_GetFlagStatus
        16   -> SPI_I2S_ReceiveData
        16   -> SPI_I2S_SendData
       8   SPI_FLASH_StartReadSequence
         8   -> GPIO_WriteBit
         0   -> SPI_Transfer
         8   -> SPI_Transfer
      24   SPI_FLASH_WaitForWriteEnd
        24   -> GPIO_ReadInputDataBit
         0   -> GPIO_WriteBit
        24   -> GPIO_WriteBit
        24   -> SPI_Transfer
       8   SPI_FLASH_WriteEnable
         0   -> GPIO_WriteBit
         8   -> GPIO_WriteBit
         8   -> SPI_Transfer
      24   SPI_Transfer
        24   -> GPIO_ReadInputDataBit
        24   -> GPIO_WriteBit
       8   STM32_Update
         0   -> CMD_ACK_SendToExynos
         0   -> File_Write_to_SFLAH
         0   -> Read_File_From_SFLAH
         8   -> SPI_FLASH_BufferRead
         8   -> SPI_FLASH_PageWrite
         8   -> SPI_FLASH_SectorErase


   Section sizes:

   Bytes  Function/Label
   -----  --------------
       4  ??DataTable14
       4  ??DataTable14_1
       4  ??DataTable14_2
       4  ??DataTable14_3
       4  ??DataTable14_4
       8  ?Subroutine0
      16  ?Subroutine1
      30  ACK_NACK_SendToExynos
      22  CMD_ACK_SendToExynos
      26  CMD_DUMMY_SendToExynos
     512  Crc16Table
     114  File_Write_to_SFLAH
       2  Index_temp
      42  M25P32_Init
      38  MakeCrc16
      94  Read_File_From_SFLAH
     142  SPI_FLASH_BufferRead
     156  SPI_FLASH_BufferWrite
      42  SPI_FLASH_BulkErase
     150  SPI_FLASH_PageWrite
       2  SPI_FLASH_ReadByte
      66  SPI_FLASH_ReadID
      66  SPI_FLASH_SectorErase
      48  SPI_FLASH_SendByte
      46  SPI_FLASH_StartReadSequence
     102  SPI_FLASH_WaitForWriteEnd
      26  SPI_FLASH_WriteEnable
      84  SPI_Transfer
     292  STM32_Update
    1052  download_enable_code
          fatoryinit_enable_code
          Change_UART4_for_Download
          temp_crc
          temp3
          temp1024
    1024  temp_cmp

 
 1 026 bytes in section .bss
 1 052 bytes in section .data
 2 144 bytes in section .text
 
 2 144 bytes of CODE memory
 2 078 bytes of DATA memory

Errors: none
Warnings: none
