###############################################################################
#                                                                             #
# IAR ANSI C/C++ Compiler V6.50.1.4415/W32 for ARM      18/Oct/2017  13:40:52 #
# Copyright 1999-2012 IAR Systems AB.                                         #
#                                                                             #
#    Cpu mode     =  thumb                                                    #
#    Endian       =  little                                                   #
#    Source file  =  D:\GIT\WLF_MONITOR\ECS_MS12_02_WLF_MONITOR_STM32_APP\Pla #
#                    tform\TaeHa - ECS\SRC\RTC.c                              #
#    Command line =  "D:\GIT\WLF_MONITOR\ECS_MS12_02_WLF_MONITOR_STM32_APP\Pl #
#                    atform\TaeHa - ECS\SRC\RTC.c" -D USE_STDPERIPH_DRIVER    #
#                    -D STM32F4XX -D USE_STM324xG_EVAL -D USE_FULL_ASSERT     #
#                    -lcN D:\GIT\WLF_MONITOR\ECS_MS12_02_WLF_MONITOR_STM32_AP #
#                    P\Project\Debug\List\ -o D:\GIT\WLF_MONITOR\ECS_MS12_02_ #
#                    WLF_MONITOR_STM32_APP\Project\Debug\Obj\ --debug         #
#                    --endian=little --cpu=Cortex-M4 -e --fpu=VFPv4_sp        #
#                    --dlib_config "C:\Program Files (x86)\IAR                #
#                    Systems\Embedded Workbench 6.5\arm\INC\c\DLib_Config_Ful #
#                    l.h" -I D:\GIT\WLF_MONITOR\ECS_MS12_02_WLF_MONITOR_STM32 #
#                    _APP\Project\..\Platform\COMMON\INC\ -I                  #
#                    "D:\GIT\WLF_MONITOR\ECS_MS12_02_WLF_MONITOR_STM32_APP\Pr #
#                    oject\..\Platform\TaeHa - ECS\INC\" -I                   #
#                    D:\GIT\WLF_MONITOR\ECS_MS12_02_WLF_MONITOR_STM32_APP\Pro #
#                    ject\..\Libraries\CMSIS\Device\ST\STM32F4xx\Include\ -I  #
#                    D:\GIT\WLF_MONITOR\ECS_MS12_02_WLF_MONITOR_STM32_APP\Pro #
#                    ject\..\Libraries\STM32F4xx_StdPeriph_Driver\inc\ -Oh    #
#                    --use_c++_inline -I "C:\Program Files (x86)\IAR          #
#                    Systems\Embedded Workbench 6.5\arm\CMSIS\Include\"       #
#    List file    =  D:\GIT\WLF_MONITOR\ECS_MS12_02_WLF_MONITOR_STM32_APP\Pro #
#                    ject\Debug\List\RTC.lst                                  #
#    Object file  =  D:\GIT\WLF_MONITOR\ECS_MS12_02_WLF_MONITOR_STM32_APP\Pro #
#                    ject\Debug\Obj\RTC.o                                     #
#                                                                             #
#                                                                             #
###############################################################################

D:\GIT\WLF_MONITOR\ECS_MS12_02_WLF_MONITOR_STM32_APP\Platform\TaeHa - ECS\SRC\RTC.c
      1          #include "WL9F_Monitor_APP.h"
      2          
      3          #define RTC_PortChange_in			0x00
      4          #define RTC_PortChange_out			0x01
      5          
      6          #define RTC_WRITE_COMMAND			0xa2
      7          #define RTC_READ_COMMAND			0xa3
      8          
      9          #define PCA2119_SCL(x)					GPIO_WriteBit(FM31X4_I2C1_PORT, FM31X4_I2C1_SCL,x)
     10          #define PCA2119_SDA_READ()				GPIO_ReadInputDataBit(FM31X4_I2C1_PORT, FM31X4_I2C1_SDA)
     11          
     12          #define PCA2119_SDA(x)					GPIO_WriteBit(FM31X4_I2C1_PORT, FM31X4_I2C1_SDA,x)
     13          
     14          #define PCA2119_SDAIN()   				RTC_PortChange(RTC_PortChange_in)
     15          #define PCA2119_SDAOUT()  				RTC_PortChange(RTC_PortChange_out) 
     16          
     17          #define PCA2119_NACK                 			PCA2119_BIT_WRITE(1)
     18          #define PCA2119_ACK                 			PCA2119_BIT_WRITE(0)
     19          
     20          extern unsigned char Hardware_Revision;
     21          
     22          void RTC_PortChange(unsigned char dir)
     23          {	
     24          	GPIO_InitTypeDef GPIO_InitStructure;
     25          	
     26          	if(dir)	// Output
     27          	{	
     28          		GPIO_InitStructure.GPIO_Pin = FM31X4_I2C1_SDA;
     29          		GPIO_InitStructure.GPIO_Mode  = GPIO_Mode_OUT;
     30          		GPIO_InitStructure.GPIO_Speed = GPIO_Speed_50MHz;
     31                          GPIO_InitStructure.GPIO_PuPd  = GPIO_PuPd_UP;
     32                          GPIO_InitStructure.GPIO_OType = GPIO_OType_PP;
     33          		GPIO_Init(FM31X4_I2C1_PORT, &GPIO_InitStructure);	
     34          	}
     35          	else		// Input
     36          	{	
     37          		GPIO_InitStructure.GPIO_Pin = 	FM31X4_I2C1_SDA ;
     38          		GPIO_InitStructure.GPIO_Mode = GPIO_Mode_IN;
     39                          GPIO_InitStructure.GPIO_Speed = GPIO_Speed_50MHz;
     40                          GPIO_InitStructure.GPIO_PuPd  = GPIO_PuPd_UP;
     41                          GPIO_InitStructure.GPIO_OType = GPIO_OType_PP;
     42          		GPIO_Init(FM31X4_I2C1_PORT, &GPIO_InitStructure);
     43          	}
     44          
     45          }
     46          
     47          void WRITE_RTC_Year(unsigned char data)
     48          {
     49          	unsigned char temp;
     50          
     51          	if (data > 99)
     52          		return;
     53          
     54          	temp = 0;
     55          	temp += (data / 10) << 4;
     56          	temp += data % 10;
     57          
     58          	if(Hardware_Revision>=REVH)
     59          		write_RTC_Companion(ADDRESS_RTC_YEAR, temp);
     60          	else
     61          		WRITE_FM31xx_RTC_Companion(ADDRESS_RTC_FM31XX_YEAR, temp);
     62          }
     63          
     64          unsigned char READ_RTC_Year(void)
     65          {
     66          	unsigned char data;
     67          	unsigned char temp;
     68          
     69          	if(Hardware_Revision>=REVH)
     70          		data = read_RTC_Companion(ADDRESS_RTC_YEAR);
     71          	else
     72          		data = READ_FM31xx_RTC_Companion(ADDRESS_RTC_FM31XX_YEAR);
     73          
     74          	temp = 0;
     75          	temp += ((data >> 4) & 0x0f) * 10;
     76          	temp += data & 0x0f;
     77          
     78          	return temp;
     79          }
     80          
     81          void WRITE_RTC_Month(unsigned char data)
     82          {
     83          	unsigned char temp;
     84          
     85          	if (data > 12)
     86          	    return;
     87          
     88          	if (data < 1)
     89          	    return;
     90          
     91          	temp = 0;
     92          	temp += (data / 10) << 4;
     93          	temp += data % 10;
     94          
     95          	if(Hardware_Revision>=REVH)
     96          		write_RTC_Companion(ADDRESS_RTC_MONTH, temp);
     97          	else
     98          		WRITE_FM31xx_RTC_Companion(ADDRESS_RTC_FM31XX_MONTH, temp);
     99          }
    100          
    101          unsigned char READ_RTC_Month(void)
    102          {
    103          	unsigned char data;
    104          	unsigned char temp;
    105          
    106          	if(Hardware_Revision>=REVH)
    107          		data = read_RTC_Companion(ADDRESS_RTC_MONTH);
    108          	else
    109          		data = READ_FM31xx_RTC_Companion(ADDRESS_RTC_FM31XX_MONTH);
    110          
    111          	temp = 0;
    112          	temp += ((data >> 4) & 0x01) * 10;
    113          	temp += data & 0x0f;
    114          
    115          	return temp;
    116          }
    117          
    118          
    119          void WRITE_RTC_Date(unsigned char data)
    120          {
    121          	unsigned char temp;
    122          
    123          	if (data > 31)
    124          		return;
    125          
    126          	if (data < 1)
    127          		return;
    128          
    129          	temp = 0;
    130          	temp += (data / 10) << 4;
    131          	temp += data % 10;
    132          
    133          	if(Hardware_Revision>=REVH)
    134          		write_RTC_Companion(ADDRESS_RTC_DATE, temp);
    135          	else
    136          		WRITE_FM31xx_RTC_Companion(ADDRESS_RTC_FM31XX_DATE, temp);
    137          }
    138          
    139          unsigned char READ_RTC_Date(void)
    140          {
    141          	unsigned char data;
    142          	unsigned char temp;
    143          
    144          	if(Hardware_Revision>=REVH)
    145          		data = read_RTC_Companion(ADDRESS_RTC_DATE);
    146          	else
    147          		data = READ_FM31xx_RTC_Companion(ADDRESS_RTC_FM31XX_DATE);
    148          
    149          	temp = 0;
    150          	temp += ((data >> 4) & 0x03) * 10;
    151          	temp += data & 0x0f;
    152          
    153          	return temp;
    154          }
    155          
    156          
    157          void WRITE_RTC_Day(unsigned char data)
    158          {
    159          	unsigned char temp;
    160          
    161          	if(Hardware_Revision>=REVH)
    162          	{
    163          		temp = data;
    164          		write_RTC_Companion(ADDRESS_RTC_DAY, temp);
    165          	}
    166          	else
    167          	{
    168          		if (data > 7)
    169          			return;
    170          
    171          		if (data < 1)
    172          			return;
    173          
    174          		temp = data;
    175          
    176          		WRITE_FM31xx_RTC_Companion(ADDRESS_RTC_FM31XX_DAY, temp);
    177          	}
    178          }
    179          
    180          unsigned char READ_RTC_Day(void)
    181          {
    182          	unsigned char data;
    183          	unsigned char temp;
    184          
    185          	if(Hardware_Revision>=REVH)
    186          		data = read_RTC_Companion(ADDRESS_RTC_DAY);
    187          	else
    188          		data = READ_FM31xx_RTC_Companion(ADDRESS_RTC_FM31XX_DAY);
    189          
    190          	temp = data & 0x07;
    191          
    192          	return temp;
    193          }
    194          
    195          
    196          void WRITE_RTC_Hour(unsigned char data)
    197          {
    198          	unsigned char temp;
    199          
    200          	if (data > 23)
    201          	    return;
    202          
    203          	temp = 0;
    204          	temp += (data / 10) << 4;
    205          	temp += data % 10;
    206          
    207          	if(Hardware_Revision>=REVH)
    208          		write_RTC_Companion(ADDRESS_RTC_HOUR, temp);
    209          	else
    210          		WRITE_FM31xx_RTC_Companion(ADDRESS_RTC_FM31XX_HOUR, temp);
    211          }
    212          
    213          unsigned char READ_RTC_Hour(void)
    214          {
    215          	unsigned char data;
    216          	unsigned char temp;
    217          
    218          	if(Hardware_Revision>=REVH)
    219          		data = read_RTC_Companion(ADDRESS_RTC_HOUR);
    220          	else
    221          		data = READ_FM31xx_RTC_Companion(ADDRESS_RTC_FM31XX_HOUR);
    222          
    223          	temp = 0;
    224          	temp += ((data >> 4) & 0x03) * 10;
    225          	temp += data & 0x0f;
    226          
    227          	return temp;
    228          }
    229          
    230          void WRITE_RTC_Minute(unsigned char data)
    231          {
    232          	unsigned char temp;
    233          
    234          	if (data > 59)
    235          	    return;
    236          
    237          	temp = 0;
    238          	temp += (data / 10) << 4;
    239          	temp += data % 10;
    240          
    241          	if(Hardware_Revision>=REVH)
    242          		write_RTC_Companion(ADDRESS_RTC_MINUTE, temp);
    243          	else
    244          		WRITE_FM31xx_RTC_Companion(ADDRESS_RTC_FM31XX_MINUTE, temp);
    245          }
    246          
    247          unsigned char READ_RTC_Minute(void)
    248          {
    249          	unsigned char data;
    250          	unsigned char temp;
    251          
    252          	if(Hardware_Revision>=REVH)
    253          		data = read_RTC_Companion(ADDRESS_RTC_MINUTE);
    254          	else
    255          		data = READ_FM31xx_RTC_Companion(ADDRESS_RTC_FM31XX_MINUTE);
    256          
    257          	temp = 0;
    258          	temp += ((data >> 4) & 0x07) * 10;
    259          	temp += data & 0x0f;
    260          
    261          	return temp;
    262          }
    263          
    264          void WRITE_RTC_Second(unsigned char data)
    265          {
    266          	unsigned char temp;
    267          
    268          	if (data > 59)
    269          		return;
    270          
    271          	temp = 0;
    272          	temp += (data / 10) << 4;
    273          	temp += data % 10;
    274          
    275          	if(Hardware_Revision>=REVH)
    276          		write_RTC_Companion(ADDRESS_RTC_SECOND, temp);
    277          	else
    278          		WRITE_FM31xx_RTC_Companion(ADDRESS_RTC_FM31XX_SECOND, temp);
    279          }
    280          
    281          unsigned char READ_RTC_Second(void)
    282          {
    283          	unsigned char data;
    284          	unsigned char temp;
    285          
    286          	if(Hardware_Revision>=REVH)
    287          		data = read_RTC_Companion(ADDRESS_RTC_SECOND);
    288          	else
    289          		data = READ_FM31xx_RTC_Companion(ADDRESS_RTC_FM31XX_SECOND);
    290          
    291          	temp = 0;
    292          	temp += ((data >> 4) & 0x07) * 10;
    293          	temp += data & 0x0f;
    294          
    295          	return temp;
    296          }
    297          
    298          void WRITE_RTC(WL9FM_DATA_RTC RTC_Data)
    299          {    
    300          	if(Hardware_Revision >=REVH)
    301          	{	
    302          		WRITE_RTC_Year(RTC_Data.Year);
    303          		WRITE_RTC_Month(RTC_Data.Month);
    304          		WRITE_RTC_Date(RTC_Data.Date);
    305          		WRITE_RTC_Day(RTC_Data.Day);
    306          		WRITE_RTC_Hour(RTC_Data.Hour);
    307          		WRITE_RTC_Minute(RTC_Data.Minute);
    308          		WRITE_RTC_Second(RTC_Data.Second);
    309          	}
    310          	else
    311          	{
    312          		WRITE_FM31xx_RTC_Companion(0x00, 0x02);
    313          
    314          		WRITE_RTC_Year(RTC_Data.Year);
    315          		WRITE_RTC_Month(RTC_Data.Month);
    316          		WRITE_RTC_Date(RTC_Data.Date);
    317          		WRITE_RTC_Day(RTC_Data.Day);
    318          		WRITE_RTC_Hour(RTC_Data.Hour);
    319          		WRITE_RTC_Minute(RTC_Data.Minute);
    320          		WRITE_RTC_Second(RTC_Data.Second);
    321          
    322          		WRITE_FM31xx_RTC_Companion(0x00, 0x00);
    323          
    324          		WRITE_FM31xx_RTC_Companion(0x01, 0x00);
    325          	}
    326          }
    327          
    328          void READ_RTC(WL9FM_DATA_RTC *RTC_Data)
    329          {    
    330          
    331          	if(Hardware_Revision >=REVH)
    332          	{	
    333          		RTC_Data->Year 	 = READ_RTC_Year();
    334          		RTC_Data->Month  = READ_RTC_Month();
    335          		RTC_Data->Date 	 = READ_RTC_Date();
    336          		RTC_Data->Day 	 = READ_RTC_Day();
    337          		RTC_Data->Hour   = READ_RTC_Hour();
    338          		RTC_Data->Minute = READ_RTC_Minute();
    339          		RTC_Data->Second = READ_RTC_Second();
    340          	}
    341          	else
    342          	{
    343          		WRITE_FM31xx_RTC_Companion(0x00, 0x01);
    344          
    345          		RTC_Data->Year 	 = READ_RTC_Year();
    346          		RTC_Data->Month  = READ_RTC_Month();
    347          		RTC_Data->Date 	 = READ_RTC_Date();
    348          		RTC_Data->Day 	 = READ_RTC_Day();
    349          		RTC_Data->Hour   = READ_RTC_Hour();
    350          		RTC_Data->Minute = READ_RTC_Minute();
    351          		RTC_Data->Second = READ_RTC_Second();
    352          
    353          		WRITE_FM31xx_RTC_Companion(0x00, 0x00);
    354          	}
    355          }
    356          
    357          void PCA2119_Delay(void)
    358          {
    359          	NOP(); NOP(); NOP(); NOP(); NOP(); NOP();
    360                  NOP(); NOP(); NOP(); NOP(); NOP(); NOP();
    361                  NOP(); NOP(); NOP(); NOP(); NOP(); NOP();
    362                  NOP(); NOP(); NOP(); NOP(); NOP(); NOP();
    363                  NOP(); NOP(); NOP(); NOP(); NOP(); NOP();
    364                  NOP(); NOP(); NOP(); NOP(); NOP(); NOP();
    365                  NOP(); NOP(); NOP(); NOP(); NOP(); NOP();
    366                  NOP(); NOP(); NOP(); NOP(); NOP(); NOP();
    367                  NOP(); NOP(); NOP(); NOP(); NOP(); NOP();
    368                  NOP(); NOP(); NOP(); NOP(); NOP(); NOP();
    369                  NOP(); NOP(); NOP(); NOP(); NOP(); NOP();
    370                  NOP(); NOP(); NOP(); NOP(); NOP(); NOP();
    371                  NOP(); NOP(); NOP(); NOP(); NOP(); NOP();
    372                  NOP(); NOP(); NOP(); NOP(); NOP(); NOP();
    373                  NOP(); NOP(); NOP(); NOP(); NOP(); NOP();
    374          }
    375          
    376          void PCA2119_START(void)
    377          {
    378          #if 0
    379                  // 다름.
    380          	PCA2119_SDAOUT();
    381          	PCA2119_SDA(Bit_SET);
    382          	
    383          	// start
    384          	PCA2119_SDA(Bit_SET);
    385          	PCA2119_SCL(Bit_SET);
    386          	PCA2119_Delay();
    387          	PCA2119_SDA(Bit_RESET);
    388          	PCA2119_Delay();
    389          	PCA2119_SCL(Bit_RESET);
    390          	// start end 
    391          #else
    392                  PCA2119_SDA(Bit_SET);
    393                  PCA2119_SDAOUT();
    394          	PCA2119_SCL(Bit_SET);
    395          	PCA2119_Delay();
    396          	PCA2119_SDA(Bit_RESET);
    397          	PCA2119_Delay();
    398          	PCA2119_SCL(Bit_RESET);
    399                  PCA2119_Delay();
    400          #endif
    401          }
    402          
    403          void PCA2119_STOP(void)
    404          {
    405          #if 0
    406          	PCA2119_SDAOUT();
    407          	PCA2119_SDA(Bit_RESET);
    408          	PCA2119_Delay();
    409          	PCA2119_SCL(Bit_SET);
    410          	PCA2119_Delay();
    411          	PCA2119_SDA(Bit_SET);
    412          #else
    413                  PCA2119_SDA(Bit_RESET);
    414                  PCA2119_SDAOUT();
    415          	PCA2119_SCL(Bit_SET);
    416                  PCA2119_Delay();
    417          	PCA2119_SDA(Bit_SET);
    418                  PCA2119_Delay();
    419          #endif
    420          }
    421          
    422          
    423          void PCA2119_BIT_WRITE(unsigned char bit)
    424          {
    425          	#if 1
    426          	//다름.
    427                  PCA2119_SDA((bit) ? Bit_SET: Bit_RESET);      
    428                  PCA2119_SDAOUT();
    429          	PCA2119_Delay();
    430          	PCA2119_SCL(Bit_SET);
    431          	PCA2119_Delay();
    432          	PCA2119_SCL(Bit_RESET);
    433          	PCA2119_Delay();  
    434          	#else
    435          	PCA2119_SDAOUT();
    436          
    437          	PCA2119_SCL(Bit_SET);
    438          
    439          	PCA2119_Delay();
    440          	
    441          	PCA2119_SDA((bit) ? Bit_SET: Bit_RESET);
    442          
    443          	PCA2119_Delay();
    444          
    445          	PCA2119_SCL(Bit_RESET);
    446          
    447          	PCA2119_Delay();
    448          	#endif
    449          	
    450          }
    451          
    452          unsigned char PCA2119_BIT_READ(void)
    453          {
    454          	unsigned char bit;
    455          
    456          	PCA2119_SDAIN();
    457          
    458          	PCA2119_SCL(Bit_SET);
    459          
    460          	PCA2119_Delay();
    461          
    462          	bit = PCA2119_SDA_READ();   
    463          
    464          	PCA2119_Delay();
    465          
    466          	PCA2119_SCL(Bit_RESET);
    467          
    468          	PCA2119_Delay();
    469          
    470          	
    471          	return bit;
    472          }
    473          
    474          void PCA2119_BYTE_WRITE(unsigned char byte)
    475          {
    476          	unsigned char i;
    477          
    478          	for (i = 0; i < 8; i++)
    479          	{
    480          		PCA2119_BIT_WRITE((byte & (1 << (7 - i))) ? 1 : 0);      
    481          	}
    482          
    483          	PCA2119_BIT_READ();
    484          }
    485          
    486          unsigned char PCA2119_BYTE_READ(void)
    487          {
    488          	unsigned char byte;    
    489          	unsigned char i;
    490          
    491          	byte = 0;
    492          
    493          	for (i = 0; i < 8; i++)
    494          	{
    495          		byte <<= 1;
    496          		byte |= PCA2119_BIT_READ();      
    497          	}  
    498          
    499          	return byte;
    500          }
    501          
    502          void write_RTC_Companion(unsigned char address, unsigned char data)
    503          {
    504          	PCA2119_START();    
    505          	PCA2119_BYTE_WRITE(RTC_WRITE_COMMAND);
    506          	PCA2119_BYTE_WRITE(address);
    507          	PCA2119_BYTE_WRITE(data);    
    508          	PCA2119_STOP();
    509          }
    510          
    511          
    512          void write_PCA2129_TimewSet(unsigned char address, unsigned char *data)
    513          {
    514          	unsigned char temp;
    515          	
    516          	PCA2119_START();    
    517          	PCA2119_BYTE_WRITE(RTC_WRITE_COMMAND);
    518          	PCA2119_BYTE_WRITE(address);
    519          
    520          	temp = 0;
    521          	temp += (data[6] / 10) << 4;
    522          	temp += data[6] % 10;
    523          	
    524          	PCA2119_BYTE_WRITE(temp);  // second
    525          
    526          	temp = 0;
    527          	temp += (data[5] / 10) << 4;
    528          	temp += data[5] % 10;
    529          	
    530          	PCA2119_BYTE_WRITE(temp);  // min
    531          
    532          	temp = 0;
    533          	temp += (data[4] / 10) << 4;
    534          	temp += data[4] % 10;
    535          	
    536          	PCA2119_BYTE_WRITE(temp);  // hour
    537          
    538          	temp = 0;
    539          	temp += (data[2] / 10) << 4;
    540          	temp += data[2] % 10;
    541          	
    542          	PCA2119_BYTE_WRITE(temp);  // days
    543          
    544          	temp = data[3];
    545          	
    546          	PCA2119_BYTE_WRITE(temp); // weekdays
    547          	
    548          	temp = 0;
    549          	temp += (data[1] / 10) << 4;
    550          	temp += data[1] % 10;
    551          	
    552          	PCA2119_BYTE_WRITE(temp); // month
    553          
    554          	temp = 0;
    555          	temp += (data[0] / 10) << 4;
    556          	temp += data[0] % 10;
    557          	PCA2119_BYTE_WRITE(temp);  // year
    558          	
    559          	PCA2119_STOP();
    560          }
    561          
    562          
    563          unsigned char pca2129_get_time(unsigned char address)
    564          {
    565          	unsigned char data[3];
    566          	
    567          	PCA2119_START();    
    568          	PCA2119_BYTE_WRITE(RTC_WRITE_COMMAND);
    569          	PCA2119_BYTE_WRITE(address);
    570          	PCA2119_STOP();
    571          	
    572          	PCA2119_START();
    573          	PCA2119_BYTE_WRITE(RTC_READ_COMMAND);    
    574          	data[0]= PCA2119_BYTE_READ();
    575          	PCA2119_ACK;
    576          	data[1]= PCA2119_BYTE_READ();
    577          	PCA2119_ACK;
    578          	data[2]= PCA2119_BYTE_READ();
    579          	PCA2119_NACK;
    580          	PCA2119_STOP();
    581          	
    582          	return data[0];
    583          }
    584          	
    585          unsigned char read_RTC_Companion(unsigned char address)
    586          {
    587          	unsigned char data;
    588          	
    589          	PCA2119_START();    
    590          	PCA2119_BYTE_WRITE(RTC_WRITE_COMMAND);
    591          	PCA2119_BYTE_WRITE(address);
    592          	PCA2119_STOP();
    593          	
    594          	PCA2119_START();
    595          	PCA2119_BYTE_WRITE(RTC_READ_COMMAND);    
    596          	data= PCA2119_BYTE_READ();
    597          	PCA2119_NACK;
    598          	PCA2119_STOP();
    599          	
    600          	return data;
    601          }
    602          
    603          
    604          
    605          

   Maximum stack usage in bytes:

   .cstack Function
   ------- --------
      16   PCA2119_BIT_READ
        16   -> GPIO_ReadInputDataBit
        16   -> GPIO_WriteBit
        16   -> PCA2119_Delay
        16   -> RTC_PortChange
       8   PCA2119_BIT_WRITE
         8   -> GPIO_WriteBit
         0   -> PCA2119_Delay
         8   -> PCA2119_Delay
         8   -> RTC_PortChange
      32   PCA2119_BYTE_READ
        32   -> PCA2119_BIT_READ
      16   PCA2119_BYTE_WRITE
         0   -> PCA2119_BIT_READ
        16   -> PCA2119_BIT_WRITE
       8   PCA2119_Delay
         0   -> NOP
         8   -> NOP
       8   PCA2119_START
         8   -> GPIO_WriteBit
         0   -> PCA2119_Delay
         8   -> PCA2119_Delay
         8   -> RTC_PortChange
       8   PCA2119_STOP
         8   -> GPIO_WriteBit
         0   -> PCA2119_Delay
         8   -> PCA2119_Delay
         8   -> RTC_PortChange
      16   READ_RTC
        16   -> READ_FM31xx_RTC_Companion
        16   -> READ_RTC_Date
        16   -> READ_RTC_Hour
        16   -> READ_RTC_Minute
        16   -> READ_RTC_Month
        16   -> READ_RTC_Second
        16   -> READ_RTC_Year
         0   -> WRITE_FM31xx_RTC_Companion
        16   -> WRITE_FM31xx_RTC_Companion
        16   -> read_RTC_Companion
       8   READ_RTC_Date
         8   -> READ_FM31xx_RTC_Companion
         8   -> read_RTC_Companion
       8   READ_RTC_Day
         8   -> READ_FM31xx_RTC_Companion
         8   -> read_RTC_Companion
       8   READ_RTC_Hour
         8   -> READ_FM31xx_RTC_Companion
         8   -> read_RTC_Companion
       8   READ_RTC_Minute
         8   -> READ_FM31xx_RTC_Companion
         8   -> read_RTC_Companion
       8   READ_RTC_Month
         8   -> READ_FM31xx_RTC_Companion
         8   -> read_RTC_Companion
       8   READ_RTC_Second
         8   -> READ_FM31xx_RTC_Companion
         8   -> read_RTC_Companion
       8   READ_RTC_Year
         8   -> READ_FM31xx_RTC_Companion
         8   -> read_RTC_Companion
      16   RTC_PortChange
        16   -> GPIO_Init
      40   WRITE_RTC
         0   -> WRITE_FM31xx_RTC_Companion
        40   -> WRITE_FM31xx_RTC_Companion
        40   -> WRITE_RTC_Date
        40   -> WRITE_RTC_Day
        40   -> WRITE_RTC_Hour
        40   -> WRITE_RTC_Minute
        40   -> WRITE_RTC_Month
         0   -> WRITE_RTC_Second
        40   -> WRITE_RTC_Second
        40   -> WRITE_RTC_Year
       8   WRITE_RTC_Date
         8   -> PCA2119_BYTE_WRITE
         8   -> PCA2119_START
         0   -> PCA2119_STOP
         0   -> WRITE_FM31xx_RTC_Companion
       8   WRITE_RTC_Day
         8   -> PCA2119_BYTE_WRITE
         8   -> PCA2119_START
         0   -> PCA2119_STOP
         0   -> WRITE_FM31xx_RTC_Companion
       8   WRITE_RTC_Hour
         8   -> PCA2119_BYTE_WRITE
         8   -> PCA2119_START
         0   -> PCA2119_STOP
         0   -> WRITE_FM31xx_RTC_Companion
       8   WRITE_RTC_Minute
         8   -> PCA2119_BYTE_WRITE
         8   -> PCA2119_START
         0   -> PCA2119_STOP
         0   -> WRITE_FM31xx_RTC_Companion
       8   WRITE_RTC_Month
         8   -> PCA2119_BYTE_WRITE
         8   -> PCA2119_START
         0   -> PCA2119_STOP
         0   -> WRITE_FM31xx_RTC_Companion
       8   WRITE_RTC_Second
         8   -> PCA2119_BYTE_WRITE
         8   -> PCA2119_START
         0   -> PCA2119_STOP
         0   -> WRITE_FM31xx_RTC_Companion
       8   WRITE_RTC_Year
         8   -> PCA2119_BYTE_WRITE
         8   -> PCA2119_START
         0   -> PCA2119_STOP
         0   -> WRITE_FM31xx_RTC_Companion
       8   pca2129_get_time
         8   -> PCA2119_BIT_WRITE
         8   -> PCA2119_BYTE_READ
         8   -> PCA2119_BYTE_WRITE
         8   -> PCA2119_START
         8   -> PCA2119_STOP
       8   read_RTC_Companion
         8   -> PCA2119_BIT_WRITE
         8   -> PCA2119_BYTE_READ
         8   -> PCA2119_BYTE_WRITE
         8   -> PCA2119_START
         8   -> PCA2119_STOP
      16   write_PCA2129_TimewSet
        16   -> PCA2119_BYTE_WRITE
        16   -> PCA2119_START
         0   -> PCA2119_STOP
      16   write_RTC_Companion
        16   -> PCA2119_BYTE_WRITE
        16   -> PCA2119_START
         0   -> PCA2119_STOP


   Section sizes:

   Bytes  Function/Label
   -----  --------------
       4  ??DataTable18
       4  ??DataTable18_1
      10  ??Subroutine5_0
      12  ??Subroutine6_0
      14  ?Subroutine0
       6  ?Subroutine1
      10  ?Subroutine2
      20  ?Subroutine3
      16  ?Subroutine4
      62  PCA2119_BIT_READ
      38  PCA2119_BIT_WRITE
      82  PCA2119_BYTE_READ
      44  PCA2119_BYTE_WRITE
     366  PCA2119_Delay
      46  PCA2119_START
      46  PCA2119_STOP
     158  READ_RTC
      28  READ_RTC_Date
      32  READ_RTC_Day
      26  READ_RTC_Hour
      32  READ_RTC_Minute
      32  READ_RTC_Month
      30  READ_RTC_Second
      30  READ_RTC_Year
      52  RTC_PortChange
     160  WRITE_RTC
      70  WRITE_RTC_Date
      54  WRITE_RTC_Day
      64  WRITE_RTC_Hour
      64  WRITE_RTC_Minute
      70  WRITE_RTC_Month
      64  WRITE_RTC_Second
      64  WRITE_RTC_Year
      62  pca2129_get_time
      40  read_RTC_Companion
     192  write_PCA2129_TimewSet
      26  write_RTC_Companion

 
 2 130 bytes in section .text
 
 2 130 bytes of CODE memory

Errors: none
Warnings: 1
