###############################################################################
#                                                                             #
# IAR ANSI C/C++ Compiler V6.50.1.4415/W32 for ARM      17/Dec/2015  17:01:59 #
# Copyright 1999-2012 IAR Systems AB.                                         #
#                                                                             #
#    Cpu mode     =  thumb                                                    #
#    Endian       =  little                                                   #
#    Source file  =  D:\Project\[SVN] ECS-RD12-16 - WL9F Monitor -            #
#                    STM32_APP\Platform\TaeHa - ECS\SRC\warning_name.c        #
#    Command line =  "D:\Project\[SVN] ECS-RD12-16 - WL9F Monitor -           #
#                    STM32_APP\Platform\TaeHa - ECS\SRC\warning_name.c" -D    #
#                    USE_STDPERIPH_DRIVER -D STM32F4XX -D USE_STM324xG_EVAL   #
#                    -D USE_FULL_ASSERT -lcN "D:\Project\[SVN] ECS-RD12-16 -  #
#                    WL9F Monitor - STM32_APP\Project\Debug\List\" -o         #
#                    "D:\Project\[SVN] ECS-RD12-16 - WL9F Monitor -           #
#                    STM32_APP\Project\Debug\Obj\" --debug --endian=little    #
#                    --cpu=Cortex-M4 -e --fpu=VFPv4_sp --dlib_config          #
#                    "C:\Program Files (x86)\IAR Systems\Embedded Workbench   #
#                    6.5\arm\INC\c\DLib_Config_Full.h" -I "D:\Project\[SVN]   #
#                    ECS-RD12-16 - WL9F Monitor -                             #
#                    STM32_APP\Project\..\Platform\COMMON\INC\" -I            #
#                    "D:\Project\[SVN] ECS-RD12-16 - WL9F Monitor -           #
#                    STM32_APP\Project\..\Platform\TaeHa - ECS\INC\" -I       #
#                    "D:\Project\[SVN] ECS-RD12-16 - WL9F Monitor -           #
#                    STM32_APP\Project\..\Libraries\CMSIS\Device\ST\STM32F4xx #
#                    \Include\" -I "D:\Project\[SVN] ECS-RD12-16 - WL9F       #
#                    Monitor - STM32_APP\Project\..\Libraries\STM32F4xx_StdPe #
#                    riph_Driver\inc\" -Oh --use_c++_inline -I "C:\Program    #
#                    Files (x86)\IAR Systems\Embedded Workbench               #
#                    6.5\arm\CMSIS\Include\"                                  #
#    List file    =  D:\Project\[SVN] ECS-RD12-16 - WL9F Monitor -            #
#                    STM32_APP\Project\Debug\List\warning_name.lst            #
#    Object file  =  D:\Project\[SVN] ECS-RD12-16 - WL9F Monitor -            #
#                    STM32_APP\Project\Debug\Obj\warning_name.o               #
#                                                                             #
#                                                                             #
###############################################################################

D:\Project\[SVN] ECS-RD12-16 - WL9F Monitor - STM32_APP\Platform\TaeHa - ECS\SRC\warning_name.c
      1          /****************************************************************/
      2          /*                      TW88xx RAM FONT                         */
      3          /****************************************************************/
      4          /* <FILE TYPE>=TW8804 */
      5          /* <NUMBER OF FONTS>=0x1C(28) */
      6          /* <COLOR START>=0xFF */
      7          
      8          /* <LOOK-UP TABLE> */
      9          unsigned short warning_table[][8] = {
     10               {0x0000,0x0003,0x001C,0x001F,0x00E0,0x00E3,0x00FC,0x00FF},
     11               {0x0000,0x0010,0x0400,0x0410,0x8000,0x8010,0x8400,0xC618}
     12          };
     13          
     14          /* <FONT DATA> */
     15          unsigned char warning_value[][162] = {
     16              /*0x00(  0)*/ {0x00,0x00,0x00,0x00,0x00,0x00,0x00,0x10,0x9F,0x00,0x33,0x00,0x00,0x33,0x00,0x00,0x13,0x90,0x00,0x00,0x0F,0x00,0x00,0x00,0x00,0x00,0x00},
     17              /*0x01(  1)*/ {0x00,0x00,0x00,0x00,0x00,0x00,0x80,0xCC,0x00,0xCC,0xCF,0xC8,0xCC,0xCC,0xCC,0x8C,0xCC,0xCC,0x00,0x0F,0x18,0x00,0x00,0x00,0x00,0x00,0x00},
     18              /*0x02(  2)*/ {0x00,0x00,0x00,0x00,0x00,0x00,0x0C,0x00,0x00,0xCC,0xC7,0xC8,0xCC,0xFC,0xCC,0xCC,0xCC,0xC0,0x8C,0x07,0x08,0x00,0x00,0x00,0x00,0x00,0x00},
     19              /*0x03(  3)*/ {0x00,0x00,0x00,0x00,0x00,0x00,0x00,0x00,0xCC,0xC7,0xC9,0xCE,0xCC,0x00,0xCC,0xCC,0xC0,0xCC,0x07,0x08,0x0E,0x00,0x00,0x00,0x00,0x00,0x00},
     20              /*0x04(  4)*/ {0x00,0x00,0x00,0x00,0x00,0x00,0x00,0x00,0x00,0x63,0x6C,0x00,0x36,0xC0,0x00,0x60,0x66,0x00,0x03,0x0C,0x00,0x00,0x00,0x00,0x00,0x00,0x00},
     21              /*0x05(  5)*/ {0x00,0x00,0x00,0x00,0x00,0x00,0x00,0x0C,0x00,0x00,0xCC,0xCF,0x00,0xCC,0xCC,0x00,0xCC,0xCC,0x00,0x0C,0x0C,0x00,0x00,0x00,0x00,0x00,0x00},
     22              /*0x06(  6)*/ {0x00,0x00,0x00,0x00,0x00,0x00,0x00,0x00,0x00,0xC8,0x00,0x31,0xCC,0x00,0x13,0xCC,0x00,0x30,0x0C,0x00,0x01,0x00,0x00,0x00,0x00,0x00,0x00},
     23              /*0x07(  7)*/ {0x00,0x00,0x00,0x00,0x00,0x00,0x00,0x00,0x00,0x3E,0x31,0x3E,0xE0,0x33,0x00,0x33,0x33,0x30,0x0E,0x01,0x0E,0x00,0x00,0x00,0x00,0x00,0x00},
     24              /*0x08(  8)*/ {0x00,0x00,0x00,0x00,0x00,0x00,0x00,0x00,0x00,0x33,0x9C,0x9F,0x33,0x11,0xF9,0x33,0x11,0x98,0x03,0x00,0x0F,0x00,0x00,0x00,0x00,0x00,0x00},
     25              /*0x09(  9)*/ {0x00,0x00,0x00,0x00,0x00,0x00,0x00,0x00,0x00,0x80,0xC7,0xC8,0x88,0xFC,0xCC,0x80,0xCC,0xC0,0x00,0x07,0x08,0x00,0x00,0x00,0x00,0x00,0x00},
     26              /*0x0A( 10)*/ {0x00,0x00,0x00,0x00,0x00,0x00,0x00,0x00,0x00,0x67,0x6C,0x00,0x66,0x66,0x00,0x66,0x66,0x00,0x06,0x06,0x00,0x00,0x00,0x00,0x00,0x00,0x00},
     27              /*0x0B( 11)*/ {0x00,0x00,0x00,0x00,0x00,0x00,0x00,0x00,0x00,0x10,0x9F,0x80,0x00,0xF1,0x88,0x11,0x99,0x88,0x00,0x0F,0x0C,0x00,0x00,0x00,0x00,0x00,0x00},
     28              /*0x0C( 12)*/ {0x00,0x00,0x00,0x00,0x00,0x00,0x00,0x00,0x00,0xEF,0x63,0x6C,0xCC,0x76,0xE6,0xCC,0x66,0x60,0x0C,0x03,0x0C,0x00,0x00,0x00,0x00,0x00,0x00},
     29              /*0x0D( 13)*/ {0x00,0x00,0x00,0x00,0x00,0x00,0x00,0x00,0x00,0x00,0x10,0x9F,0x00,0x11,0x88,0x00,0x11,0x98,0x00,0x00,0x0F,0x00,0x00,0x00,0x00,0x00,0x00},
     30              /*0x0E( 14)*/ {0x00,0x00,0x00,0x00,0x00,0x00,0x11,0x88,0x00,0x91,0x98,0x9F,0x11,0x99,0x99,0x91,0x99,0x99,0x01,0x08,0x0F,0x00,0x00,0x00,0x00,0x00,0x00},
     31              /*0x0F( 15)*/ {0x00,0x00,0x00,0x00,0x00,0x00,0x00,0x00,0x00,0x90,0x9F,0x90,0x89,0xF8,0x11,0x98,0x91,0x99,0x00,0x0F,0x00,0x00,0x00,0x00,0x00,0x00,0x00},
     32              /*0x10( 16)*/ {0x00,0x00,0x00,0x00,0x00,0x00,0x00,0x00,0x00,0x9F,0x80,0xEF,0xF9,0x88,0xCC,0x98,0x80,0xCC,0x0F,0x00,0x0C,0x00,0x00,0x00,0x00,0x00,0x00},
     33              /*0x11( 17)*/ {0x00,0x00,0x00,0x00,0x00,0x00,0x00,0x11,0x88,0x00,0x13,0x8C,0x00,0x11,0x88,0x00,0x11,0x88,0x00,0x01,0x0C,0x00,0x00,0x00,0x00,0x00,0x00},
     34              /*0x12( 18)*/ {0x00,0x00,0x00,0x00,0x00,0x00,0xCC,0x00,0x00,0xCF,0xC8,0xC7,0xCC,0xCC,0x70,0xCC,0xCC,0xCC,0x0C,0x0C,0x07,0x00,0x00,0x00,0x00,0x00,0x00},
     35              /*0x13( 19)*/ {0x00,0x00,0x00,0x00,0x00,0x00,0x00,0x00,0x00,0xC8,0xCF,0xC8,0xCC,0xCC,0xCC,0xCC,0xCC,0xCC,0x0E,0x0C,0x0C,0x00,0x00,0x00,0x00,0x00,0x00},
     36              /*0x14( 20)*/ {0x00,0x00,0x00,0x00,0x00,0x00,0x00,0x33,0x11,0x00,0x37,0x19,0x00,0x33,0x11,0x00,0x33,0x11,0x00,0x03,0x09,0x00,0x00,0x00,0x00,0x00,0x00},
     37              /*0x15( 21)*/ {0x00,0x00,0x00,0x00,0x00,0x00,0x88,0x00,0x00,0x9F,0x80,0xC7,0x99,0x88,0xFC,0x99,0x88,0xCC,0x09,0x08,0x07,0x00,0x00,0x00,0x00,0x00,0x00},
     38              /*0x16( 22)*/ {0x00,0x00,0x00,0x00,0x00,0x00,0x00,0x00,0x00,0xC8,0xCC,0xCC,0xCC,0x7C,0x8C,0xC0,0x37,0x08,0x08,0xE3,0x00,0x00,0x00,0x00,0x00,0x00,0x00},
     39              /*0x17( 23)*/ {0x00,0x00,0x00,0x00,0x00,0x00,0x00,0x00,0x00,0x00,0x31,0x3E,0x00,0x10,0xF3,0x00,0x33,0x33,0x00,0x01,0x0F,0x00,0x00,0x00,0x00,0x00,0x00},
     40              /*0x18( 24)*/ {0x00,0x00,0x00,0x00,0x00,0x00,0x00,0x00,0x00,0x11,0x9F,0x91,0x11,0x99,0x99,0x11,0xF9,0x19,0x19,0x88,0x11,0x00,0x00,0x00,0x00,0x00,0x00},
     41              /*0x19( 25)*/ {0x00,0x00,0x00,0x00,0x00,0x00,0x00,0x00,0x00,0x9F,0x80,0xC7,0x99,0x88,0xFC,0xF9,0x08,0xCC,0x88,0x00,0x07,0x00,0x00,0x00,0x00,0x00,0x00},
     42              /*0x1A( 26)*/ {0x00,0x00,0x00,0x00,0x00,0x00,0x00,0x00,0x00,0xC8,0x63,0x6C,0xCC,0x30,0xE6,0xC0,0x66,0x66,0x08,0x03,0x0F,0x00,0x00,0x00,0x00,0x00,0x00},
     43              /*0x1B( 27)*/ {0x00,0x00,0x00,0x00,0x00,0x00,0x00,0x00,0x00,0x33,0x8C,0x00,0x33,0x00,0x00,0x33,0x10,0x80,0x03,0x01,0x08,0x00,0x00,0x00,0x00,0x00,0x00}
     44          };


   Section sizes:

   Bytes  Function/Label
   -----  --------------
      32  warning_table
    4536  warning_value

 
 4 568 bytes in section .data
 
 4 568 bytes of DATA memory

Errors: none
Warnings: none
