###############################################################################
#                                                                             #
# IAR ANSI C/C++ Compiler V6.50.1.4415/W32 for ARM      04/Mar/2013  18:09:10 #
# Copyright 1999-2012 IAR Systems AB.                                         #
#                                                                             #
#    Cpu mode     =  thumb                                                    #
#    Endian       =  little                                                   #
#    Source file  =  C:\Tools\IAR Systems\Embedded Workbench                  #
#                    6.5\WorkSpace\WL9F_Monitor_APP\Platform\TaeHa -          #
#                    ECS\SRC\WL9F_Display_Common.c                            #
#    Command line =  "C:\Tools\IAR Systems\Embedded Workbench                 #
#                    6.5\WorkSpace\WL9F_Monitor_APP\Platform\TaeHa -          #
#                    ECS\SRC\WL9F_Display_Common.c" -D USE_STDPERIPH_DRIVER   #
#                    -D STM32F4XX -D USE_STM324xG_EVAL -D USE_FULL_ASSERT     #
#                    -lcN "C:\Tools\IAR Systems\Embedded Workbench            #
#                    6.5\WorkSpace\WL9F_Monitor_APP\Project\Debug\List\" -o   #
#                    "C:\Tools\IAR Systems\Embedded Workbench                 #
#                    6.5\WorkSpace\WL9F_Monitor_APP\Project\Debug\Obj\"       #
#                    --debug --endian=little --cpu=Cortex-M4 -e               #
#                    --fpu=VFPv4_sp --dlib_config "C:\Tools\IAR               #
#                    Systems\Embedded Workbench 6.5\arm\INC\c\DLib_Config_Ful #
#                    l.h" -I "C:\Tools\IAR Systems\Embedded Workbench         #
#                    6.5\WorkSpace\WL9F_Monitor_APP\Project\..\Platform\COMMO #
#                    N\INC\" -I "C:\Tools\IAR Systems\Embedded Workbench      #
#                    6.5\WorkSpace\WL9F_Monitor_APP\Project\..\Platform\TaeHa #
#                     - ECS\INC\" -I "C:\Tools\IAR Systems\Embedded           #
#                    Workbench 6.5\WorkSpace\WL9F_Monitor_APP\Project\..\Libr #
#                    aries\CMSIS\Device\ST\STM32F4xx\Include\" -I             #
#                    "C:\Tools\IAR Systems\Embedded Workbench                 #
#                    6.5\WorkSpace\WL9F_Monitor_APP\Project\..\Libraries\STM3 #
#                    2F4xx_StdPeriph_Driver\inc\" -Oh --use_c++_inline -I     #
#                    "C:\Tools\IAR Systems\Embedded Workbench                 #
#                    6.5\arm\CMSIS\Include\"                                  #
#    List file    =  C:\Tools\IAR Systems\Embedded Workbench                  #
#                    6.5\WorkSpace\WL9F_Monitor_APP\Project\Debug\List\WL9F_D #
#                    isplay_Common.lst                                        #
#    Object file  =  C:\Tools\IAR Systems\Embedded Workbench                  #
#                    6.5\WorkSpace\WL9F_Monitor_APP\Project\Debug\Obj\WL9F_Di #
#                    splay_Common.o                                           #
#                                                                             #
#                                                                             #
###############################################################################

C:\Tools\IAR Systems\Embedded Workbench 6.5\WorkSpace\WL9F_Monitor_APP\Platform\TaeHa - ECS\SRC\WL9F_Display_Common.c
      1          /**
      2            ******************************************************************************
      3            * @file    WL9F_Display_Common.c
      4            * @author  kutelf (kutelf@taeha.co.kr)
      5            * @version V1.0.0
      6            * @date    02/22/2013
      7            * @brief   Main Common Module
      8            *
      9            * Project Name       : WL9F Display Common
     10            * Project Enviroment : IAREmbedded Workbench for ARM 6.5x 
     11            *                      STM32F407ZGT6 Firmware Library
     12            * Project Workspace  : WL9F_Display_APP
     13            * MCU Type           : STM32F407ZGT6
     14            *
     15            * TAEHA MECHATRONICS Co., Ltd (http://www.taeha.co.kr)				
     16            * ECS Division R&D Center. / Author by Young-Min Han (kutelf@taeha.co.kr)
     17            * 
     18            ******************************************************************************
     19            */ 
     20          
     21          /* Includes ------------------------------------------------------------------*/
     22          #include "WL9F_Display_Common.h"	
     23          
     24          /* Private typedef -----------------------------------------------------------*/
     25          /* Private define ------------------------------------------------------------*/
     26          /* Private macro -------------------------------------------------------------*/
     27          /* Private variables ---------------------------------------------------------*/
     28          struct WL9FM_SaveE2PROM1			*SaveE2PROM1;
     29          struct WL9FM_SaveE2PROM2			*SaveE2PROM2;
     30          struct WL9FM_SaveE2PROM3			*SaveE2PROM3;
     31          struct WL9FM_SaveE2PROMoniInfo		*SaveE2PROMoniInfo;
     32          
     33          struct WL9FM_DATA_RTC 		        WL9FM_RTC_Read;
     34          struct WL9FM_DATA_RTC 		        WL9FM_RTC_Write;
     35          struct WL9FM_TIME_DATA   	        WL9FM_TIME;
     36          
     37          /* Private function prototypes -----------------------------------------------*/
     38          /* Private functions ---------------------------------------------------------*/
     39          
     40          /* Exported types ------------------------------------------------------------*/
     41          /* Exported constants --------------------------------------------------------*/
     42          /* Exported macro ------------------------------------------------------------*/
     43          /* Exported variables --------------------------------------------------------*/
     44          /* Exported functions ------------------------------------------------------- */
     45          
     46          

Errors: 5
Warnings: none
