###############################################################################
#                                                                             #
# IAR ANSI C/C++ Compiler V6.50.1.4415/W32 for ARM      06/Mar/2013  19:54:01 #
# Copyright 1999-2012 IAR Systems AB.                                         #
#                                                                             #
#    Cpu mode     =  thumb                                                    #
#    Endian       =  little                                                   #
#    Source file  =  C:\Tools\IAR Systems\Embedded Workbench                  #
#                    6.5\WorkSpace\WL9F_Monitor_APP\Platform\TaeHa -          #
#                    ECS\SRC\WL9F_Display_APP.c                               #
#    Command line =  "C:\Tools\IAR Systems\Embedded Workbench                 #
#                    6.5\WorkSpace\WL9F_Monitor_APP\Platform\TaeHa -          #
#                    ECS\SRC\WL9F_Display_APP.c" -D USE_STDPERIPH_DRIVER -D   #
#                    STM32F4XX -D USE_STM324xG_EVAL -D USE_FULL_ASSERT -lcN   #
#                    "C:\Tools\IAR Systems\Embedded Workbench                 #
#                    6.5\WorkSpace\WL9F_Monitor_APP\Project\Debug\List\" -o   #
#                    "C:\Tools\IAR Systems\Embedded Workbench                 #
#                    6.5\WorkSpace\WL9F_Monitor_APP\Project\Debug\Obj\"       #
#                    --debug --endian=little --cpu=Cortex-M4 -e               #
#                    --fpu=VFPv4_sp --dlib_config "C:\Tools\IAR               #
#                    Systems\Embedded Workbench 6.5\arm\INC\c\DLib_Config_Ful #
#                    l.h" -I "C:\Tools\IAR Systems\Embedded Workbench         #
#                    6.5\WorkSpace\WL9F_Monitor_APP\Project\..\Platform\COMMO #
#                    N\INC\" -I "C:\Tools\IAR Systems\Embedded Workbench      #
#                    6.5\WorkSpace\WL9F_Monitor_APP\Project\..\Platform\TaeHa #
#                     - ECS\INC\" -I "C:\Tools\IAR Systems\Embedded           #
#                    Workbench 6.5\WorkSpace\WL9F_Monitor_APP\Project\..\Libr #
#                    aries\CMSIS\Device\ST\STM32F4xx\Include\" -I             #
#                    "C:\Tools\IAR Systems\Embedded Workbench                 #
#                    6.5\WorkSpace\WL9F_Monitor_APP\Project\..\Libraries\STM3 #
#                    2F4xx_StdPeriph_Driver\inc\" -Oh --use_c++_inline -I     #
#                    "C:\Tools\IAR Systems\Embedded Workbench                 #
#                    6.5\arm\CMSIS\Include\"                                  #
#    List file    =  C:\Tools\IAR Systems\Embedded Workbench                  #
#                    6.5\WorkSpace\WL9F_Monitor_APP\Project\Debug\List\WL9F_D #
#                    isplay_APP.lst                                           #
#    Object file  =  C:\Tools\IAR Systems\Embedded Workbench                  #
#                    6.5\WorkSpace\WL9F_Monitor_APP\Project\Debug\Obj\WL9F_Di #
#                    splay_APP.o                                              #
#                                                                             #
#                                                                             #
###############################################################################

C:\Tools\IAR Systems\Embedded Workbench 6.5\WorkSpace\WL9F_Monitor_APP\Platform\TaeHa - ECS\SRC\WL9F_Display_APP.c
      1          /**
      2            ******************************************************************************
      3            * @file    WL9F_Monitor_APP.c 
      4            * @author  kutelf (kutelf@taeha.co.kr)
      5            * @version V1.0.0
      6            * @date    02/22/2013
      7            * @brief   WL9F_Monitor_APP.c module
      8            *
      9            * Project Name       : WL9F Display APP
     10            * Project Enviroment : IAREmbedded Workbench for ARM 6.5x 
     11            *                      STM32F407ZGT6 Firmware Library
     12            * Project Workspace  : WL9F_Display_APP
     13            * MCU Type           : STM32F407ZGT6
     14            *
     15            * TAEHA MECHATRONICS Co., Ltd (http://www.taeha.co.kr)				
     16            * ECS Division R&D Center. / Author by Young-Min Han (kutelf@taeha.co.kr)
     17            * 
     18            ******************************************************************************
     19            */ 
     20          
     21          /* Includes ------------------------------------------------------------------*/
     22          #include "main.h"
     23          #include "WL9F_Display_APP.h"	
     24          #include "WL9F_Display_Variable.h"
     25          
     26          /* Private typedef -----------------------------------------------------------*/
     27          /* Private define ------------------------------------------------------------*/
     28          /* Private macro -------------------------------------------------------------*/
     29          /* Private variables ---------------------------------------------------------*/
     30          /* Private function prototypes -----------------------------------------------*/
     31          /* Private functions ---------------------------------------------------------*/
     32          
     33          /**
     34            * @brief  1msec OperationFunc
     35            * @param  None
     36            * @retval None
     37            */
     38          void WL9F_1mSecOperationFunc(void)
     39          {
     40          
     41          }
     42          
     43          /**
     44            * @brief  10msec OperationFunc
     45            * @param  None
     46            * @retval None
     47            */
     48          void WL9F_10mSecOperationFunc(void)
     49          {
     50          
     51          }
     52          
     53          /**
     54            * @brief  100msec OperationFunc
     55            * @param  None
     56            * @retval None
     57            */
     58          void WL9F_100mSecOperationFunc(void)
     59          {
     60          
     61          }
     62          
     63          /**
     64            * @brief  1sec OperationFunc
     65            * @param  None
     66            * @retval None
     67            */
     68          void WL9F_1SecOperationFunc(void)
     69          {
     70          
     71          }
     72          
     73          /**
     74            * @brief  Application Program Start Point.
     75            * @param  None
     76            * @retval None
     77            */
     78          void WL9F_Display_APP(void)
     79          {
     80          	DebugUART_Init();			//	->	Main.c
     81          	//DebugMsg_printf("** DEBUG_MSG_LEVEL1 Defined..\r\n");
     82          
     83          	System_Configuration();		//  ->  System_Init.c
     84          	                            //      RCC, NVIC, GPIO Initialize
     85          
     86          	System_Initialize();		//	-> 	System_Init.c
     87          								//		IAP와 동일한 초기화를 한다. -> 상태 변경 없음.
     88          	
     89          //	System 강제 RESET시키기 위하여 goto lable 추가..
     90          SYSTEM_RESET :
     91          
     92          	System_Variable_Init();
     93          	WL9F_System_Init_Start();
     94          	
     95          	/* Infinite loop */
     96          	while (1)
     97          	{  
     98          		if (WL9FM_TIME.Flag_1mSec == 1)     //  1msec
     99          		{
    100          			WL9FM_TIME.Flag_1mSec = 0;
    101          
    102          			//  WL9F_1mSecOperationState -> Func 실행..
    103          			//  if (WL9F_1mSecOperationState != 0) WL9F_1mSecOperationFunc[WL9F_1mSecOperationState]();    
    104          			WL9F_1mSecOperationFunc();
    105          		}            
    106          		
    107          		if (WL9FM_TIME.Flag_10mSec == 1)    //  10msec
    108          		{
    109          			WL9FM_TIME.Flag_10mSec = 0;
    110          
    111          			//  WL9F_10mSecOperationState -> Func 실행..
    112          			//  if (WL9F_10mSecOperationState != 0) WL9F_10mSecOperationFunc[WL9F_10mSecOperationState]();    
    113          			WL9F_10mSecOperationFunc();
    114          		}
    115          		
    116          		if (WL9FM_TIME.Flag_100mSec == 1)   //  100 msec
    117          		{
    118          			WL9FM_TIME.Flag_100mSec = 0;
    119          
    120          			//  WL9F_100mSecOperationState -> Func 실행..
    121          			//  if (WL9F_100mSecOperationState != 0) WL9F_100mSecOperationFunc[WL9F_100mSecOperationState]();    
    122          			WL9F_100mSecOperationFunc();
    123          
    124          			#if 0
    125          			//	WL9F Monitor RESET Code
    126          			if((SystemReset == 1) || (gRebootCmd == 1))
    127          			{
    128          				goto SYSTEM_RESET;
    129          			}
    130          			#endif
    131          		}
    132          		
    133          		if (WL9FM_TIME.Flag_1Sec == 1)      //  1000 msec
    134          		{
    135          			WL9FM_TIME.Flag_1Sec = 0;
    136          
    137          			//  WL9F_1SecOperationState -> Func 실행..
    138          			//  if (WL9F_1SecOperationState != 0) WL9F_1SecOperationFunc[WL9F_1SecOperationState]();    
    139          			WL9F_1SecOperationFunc();
    140          		}
    141          	}
    142          }
    143          
    144          /*********(C) COPYRIGHT 2010 TaeHa Mechatronics Co., Ltd. *****END OF FILE****/

   Maximum stack usage in bytes:

   .cstack Function
   ------- --------
       0   WL9F_100mSecOperationFunc
       0   WL9F_10mSecOperationFunc
       0   WL9F_1SecOperationFunc
       0   WL9F_1mSecOperationFunc
       8   WL9F_Display_APP
         8   -> DebugUART_Init
         8   -> System_Configuration
         8   -> System_Initialize
         8   -> System_Variable_Init
         8   -> WL9F_System_Init_Start


   Section sizes:

   Bytes  Function/Label
   -----  --------------
       4  ??DataTable0
       4  SaveE2PROM1
       4  SaveE2PROM2
       4  SaveE2PROM3
       4  SaveE2PROMoniInfo
       8  WL9FM_RTC
      20  WL9FM_TIME
       2  WL9F_100mSecOperationFunc
       2  WL9F_10mSecOperationFunc
       2  WL9F_1SecOperationFunc
       2  WL9F_1mSecOperationFunc
      66  WL9F_Display_APP

 
 44 bytes in section .bss
 78 bytes in section .text
 
 78 bytes of CODE memory
 44 bytes of DATA memory

Errors: none
Warnings: 1
