###############################################################################
#                                                                             #
# IAR ANSI C/C++ Compiler V6.50.1.4415/W32 for ARM      21/Oct/2016  14:30:31 #
# Copyright 1999-2012 IAR Systems AB.                                         #
#                                                                             #
#    Cpu mode     =  thumb                                                    #
#    Endian       =  little                                                   #
#    Source file  =  D:\Project\[SVN] ECS-RD12-16 - WL9F Monitor -            #
#                    STM32_APP\[MASS]\Platform\TaeHa -                        #
#                    ECS\SRC\WL9F_Monitor_APP.c                               #
#    Command line =  "D:\Project\[SVN] ECS-RD12-16 - WL9F Monitor -           #
#                    STM32_APP\[MASS]\Platform\TaeHa -                        #
#                    ECS\SRC\WL9F_Monitor_APP.c" -D USE_STDPERIPH_DRIVER -D   #
#                    STM32F4XX -D USE_STM324xG_EVAL -D USE_FULL_ASSERT -lcN   #
#                    "D:\Project\[SVN] ECS-RD12-16 - WL9F Monitor -           #
#                    STM32_APP\[MASS]\Project\Debug\List\" -o                 #
#                    "D:\Project\[SVN] ECS-RD12-16 - WL9F Monitor -           #
#                    STM32_APP\[MASS]\Project\Debug\Obj\" --debug             #
#                    --endian=little --cpu=Cortex-M4 -e --fpu=VFPv4_sp        #
#                    --dlib_config "C:\Program Files (x86)\IAR                #
#                    Systems\Embedded Workbench 6.5\arm\INC\c\DLib_Config_Ful #
#                    l.h" -I "D:\Project\[SVN] ECS-RD12-16 - WL9F Monitor -   #
#                    STM32_APP\[MASS]\Project\..\Platform\COMMON\INC\" -I     #
#                    "D:\Project\[SVN] ECS-RD12-16 - WL9F Monitor -           #
#                    STM32_APP\[MASS]\Project\..\Platform\TaeHa - ECS\INC\"   #
#                    -I "D:\Project\[SVN] ECS-RD12-16 - WL9F Monitor -        #
#                    STM32_APP\[MASS]\Project\..\Libraries\CMSIS\Device\ST\ST #
#                    M32F4xx\Include\" -I "D:\Project\[SVN] ECS-RD12-16 -     #
#                    WL9F Monitor - STM32_APP\[MASS]\Project\..\Libraries\STM #
#                    32F4xx_StdPeriph_Driver\inc\" -Oh --use_c++_inline -I    #
#                    "C:\Program Files (x86)\IAR Systems\Embedded Workbench   #
#                    6.5\arm\CMSIS\Include\"                                  #
#    List file    =  D:\Project\[SVN] ECS-RD12-16 - WL9F Monitor -            #
#                    STM32_APP\[MASS]\Project\Debug\List\WL9F_Monitor_APP.lst #
#    Object file  =  D:\Project\[SVN] ECS-RD12-16 - WL9F Monitor -            #
#                    STM32_APP\[MASS]\Project\Debug\Obj\WL9F_Monitor_APP.o    #
#                                                                             #
#                                                                             #
###############################################################################

D:\Project\[SVN] ECS-RD12-16 - WL9F Monitor - STM32_APP\[MASS]\Platform\TaeHa - ECS\SRC\WL9F_Monitor_APP.c
      1          /**
      2            ******************************************************************************
      3            * @file    WL9F_Monitor_APP.c 
      4            * @author  kutelf (kutelf@taeha.co.kr)
      5            * @version V1.0.0
      6            * @date    02/22/2013
      7            * @brief   WL9F_Monitor_APP.c module
      8            *
      9            * Project Name       : WL9F Monitor APP
     10            * Project Enviroment : IAREmbedded Workbench for ARM 6.5x 
     11            *                      STM32F407ZGT6 Firmware Library
     12            * Project Workspace  : WL9F_Monitor_APP
     13            * MCU Type           : STM32F407ZGT6
     14            *
     15            * TAEHA MECHATRONICS Co., Ltd (http://www.taeha.co.kr)				
     16            * ECS Division R&D Center. / Author by Young-Min Han (kutelf@taeha.co.kr)
     17            * 
     18            ******************************************************************************
     19            */ 
     20          
     21          /* Includes ------------------------------------------------------------------*/
     22          #include "main.h"
     23          #include "WL9F_Monitor_APP.h"	
     24          #include "WL9F_Monitor_Variable.h"
     25          #include "endecoder.h"
     26          #include "flash_if.h"
     27          /* Private typedef -----------------------------------------------------------*/
     28          /*
     29          #define RX_MSG69		0x01
     30          #define RX_MSG69_M		0x02
     31          #define RX_MSG145		0x04
     32          #define RX_MSG161		0x08
     33          #define RX_MSG162		0x10
     34          #define RX_MSG163		0x20
     35          #define RX_MSG251		0x40
     36          #define RX_MSG252		0x80
     37          #define RX_MSG202		0x100
     38          #define RX_MSG253		0x200
     39          #define RX_MSG203		0x400
     40          #define RX_MSG239		0x800
     41          #define RX_MSG247		0x1000
     42          #define RX_MSG174		0x2000
     43          #define RX_MSG239_121	0x4000
     44          */
     45          #define RX_MSG11	0x01
     46          #define RX_MSG12	0x02
     47          #define RX_MSG21	0x04
     48          #define RX_MSG23	0x08
     49          #define RX_MSG61	0x10
     50          #define RX_MSG62	0x20
     51          #define RX_MSG101	0x40
     52          #define RX_MSG104	0x80
     53          #define RX_MSG105	0x100
     54          #define RX_MSG109	0x200
     55          #define RX_MSG121	0x400
     56          #define RX_MSG123	0x800
     57          #define RX_MSG201	0x1000
     58          #define RX_MSG203	0x2000
     59          		
     60          		
     61          #define RX_MSG47	0x4000
     62          		
     63          #define RX_MSG145	0x8000
     64          #define RX_MSG247	0x10000
     65          
     66          
     67          #define UART2_Tx_BUF_SIZE		17
     68          
     69          
     70          /* Private define ------------------------------------------------------------*/
     71          #define EXT_WATCHDOG_ENALBE(x)					GPIO_WriteBit(WD_EN_PORT, WD_EN,x)		// ++, --, 160511 bwk
     72          /* Private macro -------------------------------------------------------------*/
     73          WL9FM_send_smartkey send_smartkey;
     74          WL9FM_receive_smartkey recv_smartkey;
     75          WL9FM_save_rand_value rand_value;
     76          WL9FM_flag_data smk_flag_data;	
     77          
     78          /* Private variables ---------------------------------------------------------*/
     79          u8 gAuthentication_Cnt = 0;
     80          u8 gRetryCheck=0;		// ++, --, 161021 bwk
     81          
     82          // ++ , 141118 sys3215
     83          u8 Flag_ESL;
     84          u8 Seed_request;
     85          u8 Seed_received;
     86          u8 ESL_CTS_received;
     87          u8 ESL_ACK_received;
     88          u8 Password_Certification_Result;
     89          // -- , 141118 sys3215
     90          
     91          u8 AuthResult;
     92          u8 SMKSuccess;
     93          u8 SMK_Msg_Send;
     94          u8 SMK_Tag_Count;
     95          u8 MultiPacketSendOrder = 0;
     96          u8 TotalPacketNum = 0;
     97          u8 DiffMachInfo = 0;
     98          u8 MachInfoSendCnt = 0;
     99          u8 MoniInfoSendCnt = 0;
    100          
    101          u8 RTSFlag_61184 = 0;
    102          u8 CTSFlag_61184 = 0;
    103          u8 RMCU_CTSFlag_61184 = 0;
    104          u8 RecvTotalPacket_61184 = 0;
    105          u8 RMCU_RecvTotalPacket_61184 = 0;
    106          u8 ACK_Multi_61184[8];
    107          u8 RMCU_ACK_Multi_61184[8];
    108          
    109          u8 Flag_UartTxStart = 0;
    110          u8  SendTime_E2PROM = 0;
    111          
    112          u16 Flag_1Sec_MachInfo = 0;
    113          u16 Flag_1Min = 0;
    114          
    115          u8 MachInfoTotalPacketNum = 0;
    116          u8 MoniInfoTotalPacketNum = 0;
    117          u8 Flag_200mSec = 0;
    118          u8 SendRTCnt = 0;
    119          u16 adc_value = 0;
    120          
    121          u8 SerialMsgRTC[16];
    122          u8 eepRomReadData1[32];
    123          u8 MoniInfoData[21];
    124          u8 McuInfoData2[4];
    125          u8 McuInfoData3[4];
    126          u8 McuInfoData4[4];
    127          
    128          u8 SystemReset = 0;
    129          u8 E2PROM_Save = 0;
    130          u8 PwrOffCnt = 0;
    131          u8 gRebootCmd = 0;
    132          
    133          
    134          u8 send_mcu_data=0;
    135          u8 send_bkcu_data=0;
    136          
    137          u8 ST_Update=0;
    138          u8 UpdateMode = 0;
    139          
    140          extern u8 Uart2_RxMsg_Single_252[8];
    141          extern u8 Uart2_RxMsg_Single_253[8];
    142          extern u8 Uart2_RxMsg_Single_239[8];
    143          extern u8 Uart2_RxMsg_Single_239_121[8];
    144          extern u8 Uart2_RxMsg_Single_247[8];
    145          extern u8 Uart2_RxMsg_Save_Data1[8];
    146          extern u8 Uart2_RxMsg_Save_Data2[8];
    147          extern u8 Uart2_RxMsg_AS_Phone_Data[8];
    148          extern u8 Uart2_RxMsg_Smk_Reg_Eli[8];
    149          extern u8 McuInfoData1[79];
    150          extern u8 tmpMcuInfoData[78];
    151          extern u8 FatoryInit_Flag;
    152          
    153          extern u8 stop_send_as_phone_data;
    154          extern u8 Flag_TxE2pRomData;
    155          
    156          extern u8 Buz1;
    157          
    158          extern u8 Stm32_Update_CMD;
    159          extern u8 CANUpdateFlag;
    160          
    161          extern u16 pWriteBufPos;
    162          extern u16 pReadBufPos;
    163          
    164          extern u8 Uart2_SerialTxMsg[UART2_Tx_BUF_SIZE];
    165          extern char Illumination_Sig;
    166          
    167          // ++, 141006 fort22
    168          u8 LCDOffCount;
    169          u16 OSUpdateCount;
    170          // --, 141006 fort22
    171          
    172          u8 SmartKeyUse;
    173          u8 SaveSmartKeyUse;		// ++, --, 161021 bwk
    174          
    175          u8 CameraCommFlag;
    176          
    177          // ++, sys3215, 141211
    178          extern u8 Hardware_Revision;
    179          // --, sys3215, 141211
    180          
    181          extern u8 Flag_St_Update;
    182          
    183          
    184          //	++, kutelf, 150810
    185          //	Software_Reset
    186          #define ApplicationAddress      0x8004000
    187          #define BootLoaderAddress       0x8000000
    188          
    189          typedef  void (*pFunction)(void);
    190          
    191          pFunction Jump_To_Application_Cluster_App;
    192          uint32_t JumpAddress_Cluster_App;
    193          
    194          pFunction Jump_To_Application_Cluster_Iap;
    195          uint32_t JumpAddress_Cluster_Iap;
    196          
    197          void Software_Reset_BootLoader(void);
    198          void Software_Reset_Application(void);
    199          
    200          
    201          void Software_Reset_Application(void)
    202          { 	/* Jump to user application */
    203          		JumpAddress_Cluster_App = *(__IO uint32_t*) (ApplicationAddress + 4);
    204          		Jump_To_Application_Cluster_App = (pFunction) JumpAddress_Cluster_App;
    205          		/* Initialize user application's Stack Pointer */
    206          		__set_MSP(*(__IO uint32_t*) ApplicationAddress);
    207          		Jump_To_Application_Cluster_App();
    208          }	
    209          
    210          void Software_Reset_BootLoader(void)
    211          { 	/* Jump to user application */
    212          		JumpAddress_Cluster_Iap = *(__IO uint32_t*) (BootLoaderAddress + 4);
    213          		Jump_To_Application_Cluster_Iap = (pFunction) JumpAddress_Cluster_Iap;
    214          		/* Initialize user application's Stack Pointer */
    215          		__set_MSP(*(__IO uint32_t*) BootLoaderAddress);
    216          		Jump_To_Application_Cluster_Iap();
    217          }	
    218          //	--, kutelf, 150810
    219          
    220          /* Private function prototypes -----------------------------------------------*/
    221          /* Private functions ---------------------------------------------------------*/
    222          
    223          void Init_RTC(void)
    224          {
    225          	WL9FM_RTC.Year   = 0;
    226          	WL9FM_RTC.Month  = 1;
    227          	WL9FM_RTC.Date   = 1;
    228          	WL9FM_RTC.Day    = 1;
    229          	WL9FM_RTC.Hour   = 12;
    230          	WL9FM_RTC.Minute = 0;
    231          	WL9FM_RTC.Second = 0;
    232          
    233          	WRITE_RTC(WL9FM_RTC);
    234          }
    235          void InitE2PROM(void)
    236          {
    237          	u8 i;
    238          	u8 tmpBuf1[8];
    239          	u8 tmpBuf2[8];
    240          	u8 tmpBuf3[8];
    241          	u8 tmpBuf4[21];
    242          	
    243          	SaveE2PROM1 = (WL9FM_SaveE2PROM1*)&tmpBuf1[0];
    244          	SaveE2PROM2 = (WL9FM_SaveE2PROM2*)&tmpBuf2[0];
    245          	SaveE2PROM3 = (WL9FM_SaveE2PROM3*)&tmpBuf3[0];
    246          	SaveE2PROMoniInfo = (WL9FM_SaveE2PROMoniInfo*)&tmpBuf4[0];
    247          
    248          	SaveE2PROM1->WorkLoad 				= 0;
    249          	SaveE2PROM1->testWorkLoad 			= 0;
    250          	SaveE2PROM1->Unit 					= 3;	//	섭씨 ( C ) , km/h
    251          	SaveE2PROM1->DispType	 			= 0;
    252          	SaveE2PROM1->InfoViewPriority 		= 0;
    253          	SaveE2PROM1->UnitPressure 			= 0;
    254          	SaveE2PROM1->Reserved0 				= 0;
    255          	SaveE2PROM1->Lang 					= 0;
    256          	SaveE2PROM1->ManualBackLight 		= 7;
    257          	SaveE2PROM1->AutoBackLight 			= 0;
    258          	SaveE2PROM1->TopInfoView 			= 1;	// 	Hyd Temp
    259          	SaveE2PROM1->BottomInfoView 		= 3;	// 	Cool Temp
    260          	SaveE2PROM1->InfoViewCnt 			= 2;
    261          	SaveE2PROM1->HR_Start 				= 0;
    262          	SaveE2PROM1->RearCamReverseMode 	= 0;	// 	Off
    263          	SaveE2PROM1->ActiveCamNum 			= 1;
    264          	SaveE2PROM1->FirstCam 				= 0;
    265          	SaveE2PROM1->SecondCam 				= 1;
    266          	SaveE2PROM1->ThirdCam 				= 2;
    267          	SaveE2PROM1->Reserved1 				= 0;
    268          
    269          	SaveE2PROM2->LightMode 				= 0;
    270          	SaveE2PROM2->JobTimeView 			= 0;
    271          	SaveE2PROM2->OdoMeterView 			= 0;
    272          	SaveE2PROM2->JobOdoSelect 			= 0;
    273          	SaveE2PROM2->LightLowTime 			= 8;
    274          	SaveE2PROM2->LightUpperTime 		= 16;
    275          	SaveE2PROM2->AutoLightDay 			= 0;
    276          	SaveE2PROM2->AutoLightNight 		= 0;
    277          	SaveE2PROM2->Reserved1 				= 0;
    278          
    279          	SaveE2PROM3->Phone_1  				= 0;
    280          	SaveE2PROM3->Phone_2  				= 8;
    281          	SaveE2PROM3->Phone_3  				= 0;
    282          	SaveE2PROM3->Phone_4  				= 5;
    283          	SaveE2PROM3->Phone_5  				= 5;
    284          	SaveE2PROM3->Phone_6  				= 5;
    285          	SaveE2PROM3->Phone_7  				= 8;
    286          	SaveE2PROM3->Phone_8  				= 2;
    287          	SaveE2PROM3->Phone_9  				= 7;
    288          	SaveE2PROM3->Phone_10 				= 2;
    289          	SaveE2PROM3->Phone_11 				= 0xf;
    290          	SaveE2PROM3->Phone_12 				= 0xf;
    291          
    292          #if 1	// Monitor Change History - temp
    293          	SaveE2PROMoniInfo->ManufactureYear  = 0;
    294          	SaveE2PROMoniInfo->ManufactureMonth = 0;
    295          	SaveE2PROMoniInfo->ManufactureDay   = 0;
    296          	SaveE2PROMoniInfo->MoniPorgramVer   = 0;
    297          	SaveE2PROMoniInfo->MoniSerialNo[0]  = 0;	// 0
    298          	SaveE2PROMoniInfo->MoniSerialNo[1]  = 0;	// 9
    299          	SaveE2PROMoniInfo->MoniSerialNo[2]  = 0;	// 0
    300          	SaveE2PROMoniInfo->MoniSerialNo[3]  = 0;	// 8
    301          	SaveE2PROMoniInfo->MoniSerialNo[4]  = 0;	// M
    302          	SaveE2PROMoniInfo->MoniSerialNo[5]  = 0;	// 0
    303          	SaveE2PROMoniInfo->MoniSerialNo[6]  = 0;	// 0
    304          	SaveE2PROMoniInfo->MoniSerialNo[7]  = 0;	// 0
    305          	SaveE2PROMoniInfo->MoniSerialNo[8]  = 0;	// 0
    306          	SaveE2PROMoniInfo->MoniSerialNo[9]  = 0;	// 0
    307          	SaveE2PROMoniInfo->MoniSerialNo[10] = 0;	// *
    308          	SaveE2PROMoniInfo->MoniModel[0]     = 0;	// N
    309          	SaveE2PROMoniInfo->MoniModel[1]     = 0;	// -
    310          	SaveE2PROMoniInfo->MoniModel[2]     = 0;	// H
    311          	SaveE2PROMoniInfo->MoniModel[3]     = 0;	// -
    312          	SaveE2PROMoniInfo->MoniModel[4]     = 0;	// W
    313          	SaveE2PROMoniInfo->MoniModel[5]     = 0;	// *
    314          #endif
    315          
    316          	SerialPutString("\n\rInitialize : 10 %%\n\r");
    317          
    318          	EEPROM_Write(0, 0);	// tmp
    319          	EEPROM_Write(0, 0);	// tmp
    320          	EEPROM_Write(0, 0);	// tmp
    321          
    322          	for(i = 0 ; i < 8 ; i++)
    323          	{
    324          		EEPROM_Write(i+8, tmpBuf1[i]);
    325          		TimeDelay_msec(5);
    326          		EEPROM_Write(i+16, tmpBuf2[i]);
    327          		TimeDelay_msec(5);
    328          		EEPROM_Write(i+24, tmpBuf3[i]);
    329          		TimeDelay_msec(5);
    330          	}
    331          
    332          	SerialPutString("Initialize : 30 %%\n\r");
    333          	
    334          #if 1	// Monitor Change History - temp
    335          	for(i = 0 ; i < 21 ; i++)
    336          	{
    337          		EEPROM_Write(i+50, tmpBuf4[i]);
    338          		TimeDelay_msec(5);
    339          	}
    340          #endif
    341          
    342          	for(i = 0 ; i < 79 ; i++)
    343          	{
    344          		EEPROM_Write(i+100, 0xff);
    345          		TimeDelay_msec(5);
    346          	}
    347          
    348          	SerialPutString("Initialize : 60 %%\n\r");
    349          
    350          	for(i = 0 ; i < 30 ; i++)
    351          	{
    352          		EEPROM_Write(i+200, 0xff);
    353          		TimeDelay_msec(5);
    354          	}
    355          
    356          	for(i = 0 ; i < 29 ; i++)
    357          	{
    358          		EEPROM_Write(i+230, 0xff);
    359          		TimeDelay_msec(5);
    360          	}
    361          
    362          	SerialPutString("Initialize : 95 %%\n\r");
    363          	Init_RTC();
    364          	SerialPutString("Initialize : 100 %%\n\r\n\r");
    365          }
    366          
    367          void ReadE2PROM_ToSend()
    368          {
    369          #if 1
    370          	u8 i;
    371          
    372          	adc_value = (ADC1->DR & 0x0000FFFF);
    373          
    374          	i = EEPROM_Read(0);	
    375          	i = EEPROM_Read(0);
    376          	i = EEPROM_Read(0);
    377          	i = 0;
    378              
    379          	adc_value = (ADC1->DR & 0x0000FFFF);
    380          
    381          	for(i = 0 ; i < 24 ; i++)
    382          		eepRomReadData1[i] = EEPROM_Read(i+8);
    383          
    384          	for(i = 0 ; i < 8 ; i++)
    385          		Uart2_RxMsg_Save_Data1[i] = eepRomReadData1[i];
    386          
    387          	for(i = 0 ; i < 8 ; i++)
    388          		Uart2_RxMsg_Save_Data2[i] = eepRomReadData1[i+8];
    389          
    390          	for(i = 0 ; i < 8 ; i++)
    391          		Uart2_RxMsg_AS_Phone_Data[i] = eepRomReadData1[i+16];
    392          
    393          	for(i = 0 ; i < 21 ; i++)
    394          		MoniInfoData[i] = EEPROM_Read(i+50);
    395          	
    396          	for(i = 0 ; i < 79 ; i++)
    397          		McuInfoData1[i] = EEPROM_Read(i+100);
    398          
    399          	for(i = 0 ; i < 4 ; i++)
    400          		McuInfoData2[i] = EEPROM_Read(i+200);
    401          
    402          	for(i = 0 ; i < 4 ; i++)
    403          		McuInfoData3[i] = EEPROM_Read(i+210);
    404          
    405          	for(i = 0 ; i < 4 ; i++)
    406          		McuInfoData4[i] = EEPROM_Read(i+220);
    407          
    408          	memset(&tmpMcuInfoData[1] , 0xff, 77);
    409          	memcpy((u8*)&tmpMcuInfoData[0], (u8*)&McuInfoData1[0], 5);
    410          	memcpy((u8*)&tmpMcuInfoData[5], (u8*)&McuInfoData2[0], 4);
    411          	memcpy((u8*)&tmpMcuInfoData[9], (u8*)&McuInfoData3[0], 4);
    412          	memcpy((u8*)&tmpMcuInfoData[13], (u8*)&McuInfoData4[0], 4);
    413          
    414          
    415          	adc_value = (ADC1->DR & 0x0000FFFF);
    416          	
    417          	eepRomReadData1[12] = (adc_value & 0xff);
    418          	eepRomReadData1[13] = (adc_value & 0xff00) >> 8;
    419          //	DebugMsg_printf("%2x %2x\r\n", eepRomReadData1[13], eepRomReadData1[12]);
    420          
    421          #endif
    422          }
    423          
    424          
    425          void Init_Smart_Key_valuable(void)
    426          {
    427          	smk_flag_data.recv_resp_packet = REQUEST_FIRST_AUTHENTICATION;
    428          	AuthResult = 0xff;
    429          	SMK_Msg_Send = 0;
    430          	SMK_Tag_Count = 0;
    431          	SMKSuccess = 0;
    432          
    433          // ++, 141118 sys3215
    434          	Flag_ESL=0;
    435          	Seed_request=0;
    436          	Seed_received=0;
    437          	ESL_CTS_received=0;
    438          	ESL_ACK_received=0;
    439          	Password_Certification_Result=0;
    440          // --, 141118 sys3215
    441          
    442          	gAuthentication_Cnt = 0;						// ++, --, 161021 bwk
    443          	rand_value.rand_cpk = (rand() % 0xfaffffff);	// ++, --, 161021 bwk
    444          
    445          }
    446          
    447          
    448          void read_clock(void)
    449          {
    450          	uint8_t Temp[Serial_COM4_TxSize];
    451          	
    452          	READ_RTC(&WL9FM_RTC);
    453          
    454          	Temp[0] = 0x02;				
    455          	Temp[1] = RTCRES;				
    456          	Temp[2] = WL9FM_RTC.Year;	
    457          	Temp[3] = WL9FM_RTC.Month;	
    458          	Temp[4] = WL9FM_RTC.Date;	
    459          	Temp[5] = WL9FM_RTC.Day;	
    460          	Temp[6] = WL9FM_RTC.Hour;	
    461          	Temp[7] = WL9FM_RTC.Minute;	
    462          	Temp[8] = WL9FM_RTC.Second;	
    463          	Temp[9] = 0xFF;	
    464          	Temp[Serial_COM4_RxSize-1] = 0x03;	
    465          	USARTx_EXYNOS(COM4, (char *)Temp);	
    466          
    467          }
    468          
    469          void SaveDataToEEPROM(void)
    470          {
    471          	u8 i;
    472          	
    473          	for(i = 0 ; i < 8 ; i++)
    474          	{
    475          		EEPROM_Write(i+8, Uart2_RxMsg_Save_Data1[i]);
    476          		TimeDelay_msec(1);
    477          	}
    478          
    479          	for(i = 0 ; i < 8 ; i++)
    480          	{
    481          		EEPROM_Write(i+16, Uart2_RxMsg_Save_Data2[i]);
    482          		TimeDelay_msec(1);
    483          	}
    484          
    485          	for(i = 0 ; i < 8 ; i++)
    486          	{
    487          		EEPROM_Write(i+24, Uart2_RxMsg_AS_Phone_Data[i]);
    488          		TimeDelay_msec(1);
    489          	}
    490          
    491          	for(i = 0 ; i < 21 ; i++)
    492          	{
    493          		EEPROM_Write(i+50, MoniInfoData[i]);
    494          		TimeDelay_msec(1);
    495          	}
    496          	
    497          	for(i = 0 ; i < 79 ; i++)
    498          	{
    499          		EEPROM_Write(i+100, McuInfoData1[i]);
    500          		TimeDelay_msec(1);
    501          	}
    502          
    503          
    504          	if(DiffMachInfo == 1)
    505          	{
    506          		memcpy((u8*)&McuInfoData2[0], (u8*)&tmpMcuInfoData[5] , 4);		
    507          		memcpy((u8*)&McuInfoData3[0], (u8*)&tmpMcuInfoData[9] , 4);
    508          		memcpy((u8*)&McuInfoData4[0], (u8*)&tmpMcuInfoData[13] , 4);
    509          	}
    510          
    511          	for(i = 0 ; i < 4 ; i++)
    512          	{
    513          		EEPROM_Write(i+200, McuInfoData2[i]);
    514          		TimeDelay_msec(1);
    515          	}
    516          
    517          	for(i = 0 ; i < 4 ; i++)
    518          	{
    519          		EEPROM_Write(i+210, McuInfoData3[i]);
    520          		TimeDelay_msec(1);
    521          	}
    522          
    523          	for(i = 0 ; i < 4 ; i++)
    524          	{
    525          		EEPROM_Write(i+220, McuInfoData4[i]);
    526          		TimeDelay_msec(1);
    527          	}
    528          }
    529          void SaveSMKUseToEEPROM(u8 Use)
    530          {
    531          	EEPROM_Write(0,Use);
    532          }
    533          u8 LoadSMKUseToEEPROM(void)
    534          {
    535          	return EEPROM_Read(0);
    536          }
    537          
    538          // ++, 160511 bwk
    539          void SaveSMKUseToFlash(u8 Use)
    540          {
    541          	// ++, 161021 bwk
    542          	#if 0
    543          	u8 SaveSMKUse[1];
    544          	SaveSMKUse[0] = Use;
    545          	SPI_FLASH_SectorErase(0);		// 0 : Sector_0
    546          	SPI_FLASH_PageWrite(SaveSMKUse,0,1);		// 0 : Sector_0
    547          	#else
    548          	FLASH_If_Init();	
    549          	u32 SmkAddress = ADDR_FLASH_SECTOR_11;
    550          	FLASH_If_SMK_Erase(SmkAddress);
    551          	FLASH_ProgramByte(SmkAddress, Use);
    552          	FLASH_Lock();
    553          	#endif
    554          	// --, 161021 bwk
    555          }
    556          u8 LoadSMKUseToFlash(void)
    557          {
    558          	// ++, 161021 bwk
    559          	#if 0
    560          	u8 SaveSMKUse[1];
    561          	SPI_FLASH_BufferRead(SaveSMKUse,0,1);		// 0 : Sector_0
    562          	return SaveSMKUse[0];
    563          	#else
    564          	u8 loadSMKUse;
    565          	u32 SmkAddress = ADDR_FLASH_SECTOR_11;
    566          	loadSMKUse =  *(unsigned char*)SmkAddress++;
    567          	if(loadSMKUse == 0xff)
    568          		loadSMKUse = 0;
    569          	return loadSMKUse;
    570          	#endif
    571          	// --, 161021 bwk
    572                  /*
    573                  */
    574          }
    575          // --, 160511 bwk
    576          
    577          void SaveTestToEEPROM(u8 Use)
    578          {
    579          	EEPROM_Write(1,Use);
    580          }
    581          
    582          u8 LoadTestToEEPROM(void)
    583          {
    584          	return EEPROM_Read(1);
    585          }
    586          
    587          
    588          void System_CheckPowerIG()
    589          {
    590          	// Check POWER IG
    591          	if(!WL9FM_GetPowerIG())
    592          	{
    593          		WL9FM_PowerIG(PowerIG_ON);
    594          		SystemReset = 0;
    595          	}
    596          	else
    597          	{
    598          		if(E2PROM_Save == 0)
    599          		{
    600          			//SaveDataToEEPROM();
    601          
    602          			PwrOffCnt = 0;
    603          			
    604          			while(1)
    605          			{
    606          				//	100msec 마다 15번 체크 -> 1.5초..
    607          				//	PowerIG Off 상태일 경우
    608          				//		-> while 루프를 나와서 PowerOff Logic 진행  
    609          				//	PowerIG On  상태일 경우 
    610          				//		-> PowerIG Control 신호를 Enable하고, 정상 동작으로 진행 
    611          				
    612          				if(!WL9FM_GetPowerIG())
    613          				{
    614          					
    615          					WL9FM_PowerIG(PowerIG_ON);	// PowerIG Set
    616          					
    617          					
    618          					//	1.5초 동안 체크해서 PowerIG가 다시 들어오면, Software Reset을 하지 않고, 다시 동작
    619          					SystemReset = 0;
    620          					return;
    621          				}
    622          			
    623          				TimeDelay_msec(100);
    624          
    625          				PwrOffCnt++;
    626          				if(PwrOffCnt >= 15)	
    627          					break;
    628          			}
    629          
    630          			// ++, 161021 bwk
    631          			if(SaveSmartKeyUse != SmartKeyUse)
    632          			{
    633          				SaveSMKUseToFlash(SaveSmartKeyUse);
    634          			}
    635          			// --, 161021 bwk
    636          			Buzzer_Off();
    637          
    638          			//	POWER OFF Code를 3msec 마다 2번 Exynos로 보낸다. 
    639          			KeySwitch_SendToEXYNOS(KEYSWITCH_POWER_OFF,0);	TimeDelay_msec(100);
    640          			KeySwitch_SendToEXYNOS(KEYSWITCH_POWER_OFF,0);	//TimeDelay_msec(3);
    641          
    642          			//	POWER OFF 일 때, 시리얼과 캔 통신 부분을 죽여놔야지, 정상적으로 RESET 동작을 수행
    643          			USART_ITConfig(USART2, USART_IT_TXE, DISABLE);
    644          			CAN_ITConfig(CAN1,CAN_IT_FMP0, DISABLE);
    645          
    646          
    647          			Buzzer_UnLimitOff();
    648          			
    649          			//	POWER OFF 일 때, LAMP Clear
    650          			LAMP_Update_Data = LAMP_ALL_OFF;
    651          
    652          			//Old_LAMP_Update_Data = LAMP_ALL_OFF;
    653          
    654          			Illumination_Sig = 0;
    655          			Lamp_Update_System();
    656          			
    657          			//	엔딩화면 딜레이 시간
    658          			//	1200msec 이상 설정하면, LCD가 하얗게 된다. -> POWER Off Time으로 인하여
    659          			TimeDelay_msec(1200);
    660          
    661          			//	LCDBL, LCD, LED Off
    662          			LCDBL_PWM_LEVEL(0);            	//  LCDBL PWM LEVEL0
    663          			LCDBL_ONOFF(LCDBL_OFF);			//  LCDBL Power On
    664          			LCD_POWER_ONOFF(LCDPWR_OFF);	//  LCD Power Off
    665          			//LED_POWER_ONOFF(LED_OFF);       //  LED Off
    666          
    667          		//	++, kutelf, 140801
    668          		//	RevD.01.01 
    669          		//	Power, PMIC On/Off 방법 변경 
    670          		#if 0
    671          
    672          			WL9FM_EXYNOS_POWER_ONOFF(EXYNOS_PMIC_OFF);	//	->	GPIO_Control.c EXYNOS-4412 Power On..
    673          			WL9FM_EXYNOS_PMIC_PWRONOFF(EXYNOS_PMIC_OFF);
    674          			WL9FM_EXYNOS_PMIC_nRESET();
    675          		#else
    676          			WL9FM_EXYNOS_PMIC_PWROFF();
    677          			
    678          			//	Exynos VDD5V0_4412 Off
    679          			WL9FM_EXYNOS_POWER_ONOFF(EXYNOS_POWER_OFF);
    680          			
    681          			TimeDelay_msec(1000);			//	1.5초 동안. 대기한 후, 마지막으로 PowerIG를 체크 
    682          
    683          			//	엔딩화면이 지난 후에 PowerIG가 다시 들어오면, System을 RESET 시킨다. 
    684          			if(!WL9FM_GetPowerIG())
    685          			{
    686          				WL9FM_PowerIG(PowerIG_ON);	// 	PowerIG Set
    687          
    688          				//	++, kutelf, 150810
    689          				#if 1
    690          				if (Flag_St_Update==1)
    691          				{
    692          					gRebootCmd=1;
    693          					Flag_St_Update=0;
    694          
    695          					USART_ITConfig(USART2, USART_IT_TXE, DISABLE);
    696          					CAN_ITConfig(CAN1,CAN_IT_FMP0, DISABLE);
    697          
    698          					Software_Reset_BootLoader();
    699          				}
    700          				else
    701          				{
    702          					USART_ITConfig(USART2, USART_IT_TXE, DISABLE);
    703          					CAN_ITConfig(CAN1,CAN_IT_FMP0, DISABLE);
    704          
    705          					Software_Reset_Application();
    706          				}	
    707          				#else
    708          				if(Flag_St_Update==1)
    709          				{
    710          					gRebootCmd=1;
    711          					Flag_St_Update=0;
    712          				}
    713          				else
    714          					SystemReset = 1;			//	Software RESET
    715          
    716          				USART_ITConfig(USART2, USART_IT_TXE, DISABLE);
    717          				CAN_ITConfig(CAN1,CAN_IT_FMP0, DISABLE);
    718          				return;
    719          				#endif
    720          				//	--, kutelf, 150810
    721          			}
    722          
    723          			WL9FM_PowerIG(PowerIG_OFF);		//  24v Main Power Off	 
    724          			WL9FM_PowerIG(PowerIG_OFF);		
    725          			WL9FM_PowerIG(PowerIG_OFF);		
    726          		#endif
    727          		//	--, kutelf, 140801
    728          		}
    729          	}
    730          }
    731          
    732          
    733          void JumpIAP(void)
    734          {
    735          	//#ifdef USE_WATCH_DOG
    736          	/* IWDG timeout equal to 280 ms (the timeout may varies due to LSI frequency
    737          	dispersion) -------------------------------------------------------------*/
    738          	/* Enable write access to IWDG_PR and IWDG_RLR registers */
    739          	IWDG_WriteAccessCmd(IWDG_WriteAccess_Enable);
    740          
    741          	/* IWDG counter clock: 40KHz(LSI) / 32 = 156.25 Hz */
    742          	IWDG_SetPrescaler(IWDG_Prescaler_256);
    743          
    744          	/* Set counter reload value to 150   about 1sec */
    745          	IWDG_SetReload(1);
    746          
    747          	/* Reload IWDG counter */
    748          	IWDG_ReloadCounter();
    749          
    750          	IWDG_Enable();
    751          		
    752          	while(1);
    753          	//#endif		
    754          }
    755          
    756          /*******************************************************************************
    757          *
    758          *	Smart Key Test Function
    759          *
    760          *******************************************************************************/
    761          #if 1
    762          void SendSMKAuthResult(u8 result)
    763          {
    764          	// ++, 150707 bwk
    765          	#if 0
    766          	SMK_SendToExynos( result,0xFF, SMK_Tag_Count );
    767          	#else
    768          	SMK_SendToExynos( result,0xFF, SMK_Tag_Count , 0xff, 0xff);
    769          	#endif
    770          	// --, 150707 bwk
    771          }
    772          
    773          // ++, 150710 bwk
    774          void SendSMKCountResult()
    775          {
    776          	SMK_SendToExynos( 0xFF,SMK_RESPONSE_FLAG_DUPLICATION_REG, SMK_Tag_Count , 0xff, 0xff);
    777          }
    778          // --, 150710 bwk
    779          
    780          void SendSMKMsgResult(u8 result)
    781          {
    782          	// ++, 150707 bwk
    783          	#if 0
    784          	SMK_SendToExynos( 0xFF, result, recv_smartkey.Registered_Tag_Count );
    785          	#else
    786          	SMK_SendToExynos( 0xFF, result, recv_smartkey.Registered_Tag_Count, recv_smartkey.Smk_Response_Code, recv_smartkey.Smk_Response_Flag);
    787          	#endif
    788          	// --, 150707 bwk
    789          }
    790          
    791          void SetTagLevel(u8 level)
    792          {
    793          	if((level == TAG_LEVEL_NORMAL) || (level == TAG_LEVEL_MASTER_TAG))
    794          		send_smartkey.TagLevel = level;
    795          	else
    796          		send_smartkey.TagLevel = 3;
    797          }
    798          
    799          void SetTagCmd(u8 cmd)
    800          {
    801          	if(cmd <= TAG_CMD_COMM_AUTHENTICATION)
    802          		send_smartkey.TagCommand = cmd;
    803          	else
    804          		send_smartkey.TagCommand = 0xf;
    805          }
    806          
    807          void SetVMC(void)
    808          {
    809          	if(rand_value.rand_vmc <= 64255)
    810          		send_smartkey.VMC = rand_value.rand_vmc;
    811          	else
    812          		send_smartkey.VMC = 0xffff;
    813          }
    814          
    815          void SetCPK(void)
    816          {
    817          #if 1
    818          	if(rand_value.rand_cpk <= 0xfaffffff)
    819          		send_smartkey.CPK = rand_value.rand_cpk;
    820          	else
    821          		send_smartkey.CPK = 0xffffffff;
    822          #else
    823          	send_smartkey.CPK = 0x11223344;
    824          #endif
    825          }
    826          
    827          void Srand()
    828          {
    829          	READ_RTC(&WL9FM_RTC);
    830          	srand((u32)WL9FM_RTC.Second);
    831          }
    832          
    833          void GetRandValue(u8 random)
    834          {
    835          	// ++, 161021 bwk
    836          	#if 0
    837          	if(random == GET_VMC)	
    838          	{
    839          		// ++, 150710 bwk
    840          #if 0
    841          		rand_value.rand_vmc = (rand() % 64255);
    842          #else
    843          		return;
    844          #endif
    845          		// --, 150710 bwk 
    846          	}
    847          	else if(random == GET_CPK)	
    848          		rand_value.rand_cpk = (rand() % 0xfaffffff);
    849          	else if(random == GET_VMC_CPK)		
    850          	{
    851          		rand_value.rand_vmc = (rand() % 64255);
    852          		rand_value.rand_cpk = (rand() % 0xfaffffff);
    853          	}	
    854          	#else
    855          	if((random == GET_VMC) || (random == GET_VMC_CPK))
    856          		rand_value.rand_vmc = (rand() % 64255);	
    857          	#endif
    858          	// --, 161021 bwk
    859          }
    860          
    861          void RequestFirstAuthentication(void)
    862          {
    863          	unsigned int temp;
    864          	
    865          	gRetryCheck = 0;				// ++, --, 161021 bwk
    866          	
    867          	SetTagLevel(TAG_LEVEL_NORMAL);
    868          	SetTagCmd(TAG_CMD_COMM_AUTHENTICATION);
    869          	GetRandValue(GET_VMC_CPK);
    870          	SetVMC();
    871          	SetCPK();
    872          
    873          	setCipherParam(0x8085, 0x8087);
    874          	encode((u8*)&send_smartkey.CPK, 4, (u8*)&temp, 4);
    875          	
    876          	send_smartkey.CPK = temp;
    877          
    878          	// CPK 암호화 Function 추가 필요
    879          	TimeDelay_msec(10);
    880          
    881          	struct st_CAN_Message1 Send_Message;
    882          	memcpy(&Send_Message.Data,&send_smartkey,8);	
    883          	Send_Message.Priority= 0x18;
    884          	Send_Message.PDU_Format= 0xFF;
    885          	Send_Message.PDU_Specific= 0xE7;
    886          	Send_Message.Source_Address= 0x28;
    887          	Write_CAN_Single(Send_Message);
    888          }
    889          
    890          void RequestSecondAuthentication(void)
    891          {
    892          	unsigned short upper_cpk, lower_cpk;
    893          	unsigned int temp;
    894          
    895          	gRetryCheck = 0;				// ++, --, 161021 bwk
    896          
    897          	upper_cpk = (rand_value.rand_cpk & 0xffff0000) >> 16;
    898          	lower_cpk = rand_value.rand_cpk & 0x0000ffff;
    899          	
    900          	SetTagLevel(TAG_LEVEL_NORMAL);
    901          	SetTagCmd(TAG_CMD_AUTHENTICATON);
    902          	GetRandValue(GET_VMC);
    903          	SetVMC();
    904          
    905          	setCipherParam(upper_cpk, lower_cpk);
    906          	//setCipherParam(0x1122, 0x3344);
    907          	encode((u8*)&send_smartkey.CPK, 4, (u8*)&temp, 4);
    908          
    909          	send_smartkey.CPK = temp;
    910          	
    911          	TimeDelay_msec(10);
    912          
    913          	struct st_CAN_Message1 Send_Message;
    914          	memcpy(&Send_Message.Data,&send_smartkey,8);	
    915          	Send_Message.Priority= 0x18;
    916          	Send_Message.PDU_Format= 0xFF;
    917          	Send_Message.PDU_Specific= 0xE7;
    918          	Send_Message.Source_Address= 0x28;
    919          	Write_CAN_Single(Send_Message);
    920          
    921          	//smk_flag_data.recv_resp_packet = REQUEST_SECOND_AUTHENTICATION;
    922          }
    923          
    924          void RequestSMKRegistration(void)
    925          {
    926          	unsigned short upper_cpk, lower_cpk;
    927          	unsigned int temp;
    928          
    929          	upper_cpk = (rand_value.rand_cpk & 0xffff0000) >> 16;
    930          	lower_cpk = rand_value.rand_cpk & 0x0000ffff;
    931          	
    932          	SetTagLevel(TAG_LEVEL_NORMAL);
    933          	SetTagCmd(TAG_CMD_REGISTRATION);
    934          	GetRandValue(GET_VMC);
    935          	SetVMC();
    936          
    937          	setCipherParam(upper_cpk, lower_cpk);
    938          	encode((u8*)&send_smartkey.CPK, 4, (u8*)&temp, 4);
    939          
    940          	send_smartkey.CPK = temp;
    941          
    942          
    943          	struct st_CAN_Message1 Send_Message;
    944          	memcpy(&Send_Message.Data,&send_smartkey,8);	
    945          	Send_Message.Priority= 0x18;
    946          	Send_Message.PDU_Format= 0xFF;
    947          	Send_Message.PDU_Specific= 0xE7;
    948          	Send_Message.Source_Address= 0x28;
    949          	Write_CAN_Single(Send_Message);
    950          
    951          
    952          
    953          	//smk_flag_data.recv_resp_packet = REQUEST_SECOND_AUTHENTICATION;
    954          }
    955          
    956          void RequestSMKElimination(void)
    957          {
    958          	unsigned short upper_cpk, lower_cpk;
    959          	unsigned int temp;
    960          
    961          	upper_cpk = (rand_value.rand_cpk & 0xffff0000) >> 16;
    962          	lower_cpk = rand_value.rand_cpk & 0x0000ffff;
    963          	
    964          	SetTagLevel(TAG_LEVEL_NORMAL);
    965          	SetTagCmd(TAG_CMD_ELIMINATION);
    966          	GetRandValue(GET_VMC);
    967          	SetVMC();
    968          
    969          	setCipherParam(upper_cpk, lower_cpk);
    970          	encode((u8*)&send_smartkey.CPK, 4, (u8*)&temp, 4);
    971          
    972          	send_smartkey.CPK = temp;
    973          
    974          	struct st_CAN_Message1 Send_Message;
    975          	memcpy(&Send_Message.Data,&send_smartkey,8);	
    976          	Send_Message.Priority= 0x18;
    977          	Send_Message.PDU_Format= 0xFF;
    978          	Send_Message.PDU_Specific= 0xE7;
    979          	Send_Message.Source_Address= 0x28;
    980          	Write_CAN_Single(Send_Message);
    981          
    982          
    983          	//smk_flag_data.recv_resp_packet = REQUEST_SECOND_AUTHENTICATION;
    984          }
    985          
    986          void RequestSMKMessage(u8 Msg)
    987          {
    988          	if(Msg == 1)
    989          		RequestSMKRegistration();
    990          	else if(Msg == 2)
    991          		RequestSMKElimination();
    992          }
    993          
    994          void RequestSMKComm(void)
    995          {
    996          	SetTagLevel(TAG_LEVEL_NORMAL);
    997          	SetTagCmd(TAG_CMD_COMM_AUTHENTICATION);
    998          	GetRandValue(GET_VMC);
    999          	SetVMC();
   1000          
   1001          	struct st_CAN_Message1 Send_Message;
   1002          	memcpy(&Send_Message.Data,&send_smartkey,8);	
   1003          	Send_Message.Priority= 0x18;
   1004          	Send_Message.PDU_Format= 0xFF;
   1005          	Send_Message.PDU_Specific= 0xE7;
   1006          	Send_Message.Source_Address= 0x28;
   1007          	Write_CAN_Single(Send_Message);
   1008          
   1009          	//smk_flag_data.recv_resp_packet = REQUEST_SECOND_AUTHENTICATION;
   1010          }
   1011          
   1012          u8 CheckResponseVMC(void)
   1013          {
   1014          	if(send_smartkey.VMC == recv_smartkey.ReturnVMC)
   1015          		return RETURN_VMC_OK;
   1016          	else
   1017          		return RETURN_VMC_NOT_OK;
   1018          }
   1019          
   1020          u8 CheckResponseAuthentication(u8 Auth)
   1021          {
   1022          	u8 output_buf[8];
   1023          	u16 upper_cpk, lower_cpk;
   1024          
   1025          	upper_cpk = (rand_value.rand_cpk & 0xffff0000) >> 16;
   1026          	lower_cpk = rand_value.rand_cpk & 0x0000ffff;
   1027          	
   1028          	setCipherParam(upper_cpk, lower_cpk);
   1029          	//setCipherParam(0x1122, 0x3344);	// 임시
   1030          	decode((u8*)&recv_smartkey, 8, (u8*)&output_buf[0], 8);
   1031          
   1032          	memcpy((u8*)&recv_smartkey, (u8*)&output_buf[0], 8);
   1033          
   1034          	if((send_smartkey.TagLevel == recv_smartkey.ReturnTagLevel) && (send_smartkey.TagCommand == recv_smartkey.ReturnTagCommand) 
   1035          		&& (send_smartkey.VMC == recv_smartkey.ReturnVMC))
   1036          	{
   1037          		if((recv_smartkey.Smk_Response_Code == Auth) && 
   1038          			(recv_smartkey.Smk_Response_Flag == SMK_RESPONSE_FLAG_SUCCESS))
   1039          		{
   1040          			return SMK_RESPONSE_FLAG_SUCCESS;
   1041          		}
   1042          		else
   1043          			return recv_smartkey.Smk_Response_Flag;
   1044          	}
   1045          	else
   1046          		return SMK_RESPONSE_CODE_NOT_MATCH;
   1047          }
   1048          
   1049          void CheckResponseMsgComm(void)
   1050          {
   1051          	u8 output_buf[8];
   1052          	u16 upper_cpk, lower_cpk;
   1053          
   1054          	upper_cpk = (rand_value.rand_cpk & 0xffff0000) >> 16;
   1055          	lower_cpk = rand_value.rand_cpk & 0x0000ffff;
   1056          	
   1057          	setCipherParam(upper_cpk, lower_cpk);
   1058          	//setCipherParam(0x1122, 0x3344);	// 임시
   1059          	decode((u8*)&recv_smartkey, 8, (u8*)&output_buf[0], 8);
   1060          
   1061          	memcpy((u8*)&recv_smartkey, (u8*)&output_buf[0], 8);
   1062          
   1063          	if((send_smartkey.TagLevel == recv_smartkey.ReturnTagLevel) && (send_smartkey.TagCommand == recv_smartkey.ReturnTagCommand) 
   1064          		&& (send_smartkey.VMC == recv_smartkey.ReturnVMC))
   1065          	{
   1066          		if(recv_smartkey.Smk_Response_Code == 1)
   1067          		{
   1068          			switch(recv_smartkey.Smk_Response_Flag)
   1069          			{
   1070          				
   1071          				case 2 :
   1072          					SendSMKMsgResult(SMK_MSG_TAG_NO_REALIZE);
   1073          					break;
   1074          				
   1075          				case 1:
   1076          				case 3 :
   1077          					SendSMKMsgResult(SMK_MSG_FAIL);
   1078          					break;
   1079          				case 4 :
   1080          					SendSMKMsgResult(SMK_MSG_TAG_ALREADY_REG);
   1081          					break;
   1082          				default :
   1083          					if(recv_smartkey.ReturnTagCommand == SMK_RESPONSE_CODE_REGISTRATION)
   1084          					{
   1085          						if(recv_smartkey.Registered_Tag_Count == 1)
   1086          							SendSMKMsgResult(SMK_MSG_TAG_FIRST_REG_SUCCESS);
   1087          						else if(recv_smartkey.Registered_Tag_Count == 2)
   1088          							SendSMKMsgResult(SMK_MSG_TAG_SECOND_REG_SUCCESS);
   1089          						else if(recv_smartkey.Registered_Tag_Count == 3)
   1090          							SendSMKMsgResult(SMK_MSG_TAG_THIRD_REG_SUCCESS);
   1091          						else if(recv_smartkey.Registered_Tag_Count == 4)
   1092          							SendSMKMsgResult(SMK_MSG_TAG_FOURTH_REG_SUCCESS);
   1093          						else if(recv_smartkey.Registered_Tag_Count == 5)
   1094          							SendSMKMsgResult(SMK_MSG_TAG_FIFTH_REG_SUCCESS);
   1095          						else
   1096          							SendSMKMsgResult(SMK_MSG_FAIL);
   1097          					}
   1098          					else
   1099          					{
   1100          						// ++, 150707 sys
   1101          						#if 0
   1102          						if(SMK_Tag_Count != 0)
   1103          							SMK_Tag_Count--;
   1104          						#endif
   1105          						// --, 150707 sys
   1106          						
   1107          						SendSMKMsgResult(SMK_MSG_FAIL);
   1108          					}
   1109          					break;
   1110          			}
   1111          		}
   1112          		else if(recv_smartkey.Smk_Response_Code == 2)
   1113          			SendSMKMsgResult(SMK_MSG_TAG_ELIMINATION_SUCCESS);
   1114          		else
   1115          			SendSMKMsgResult(SMK_MSG_FAIL);
   1116          	}
   1117          	else
   1118          		SendSMKMsgResult(SMK_MSG_FAIL);
   1119          }
   1120          
   1121          
   1122          void SmartKeyAuthentication(void)
   1123          {
   1124          	u8  Auth = 0;
   1125          	u8 returnvalue;
   1126          
   1127          	if(AuthResult != 1)
   1128          	{
   1129          		if((smk_flag_data.recv_resp_packet != RESPONSE_SUCCESS) && (smk_flag_data.recv_resp_packet != RESPONSE_TIME_OUT))
   1130          		{
   1131          			if(smk_flag_data.recv_resp_packet == REQUEST_FIRST_AUTHENTICATION)
   1132          			{
   1133          				smk_flag_data.recv_resp_packet |= RESPONSE_WAIT;
   1134          				RequestFirstAuthentication();
   1135          			}
   1136          			else if(smk_flag_data.recv_resp_packet == REQUEST_SECOND_AUTHENTICATION)
   1137          			{
   1138          				smk_flag_data.recv_resp_packet |= RESPONSE_WAIT;
   1139          				RequestSecondAuthentication();
   1140          			}
   1141          			else if(smk_flag_data.recv_resp_packet & RESPONSE_AUTHENTICATION)
   1142          			{
   1143          
   1144          				//smk_flag_data.recv_resp_packet &= (~(RESPONSE_AUTHENTICATION));
   1145          				smk_flag_data.recv_resp_packet = (smk_flag_data.recv_resp_packet & (~(RESPONSE_AUTHENTICATION)));
   1146          
   1147          				if(smk_flag_data.recv_resp_packet & REQUEST_FIRST_AUTHENTICATION)
   1148          					Auth = SMK_RESPOSEN_CODE_COMM_AUTHENTICATION;
   1149          				else if(smk_flag_data.recv_resp_packet & REQUEST_SECOND_AUTHENTICATION)
   1150          					Auth = SMK_RESPONSE_CODE_AUTHENTICATION;
   1151          					
   1152          				returnvalue = CheckResponseAuthentication(Auth);
   1153          					
   1154          				if(returnvalue == SMK_RESPONSE_FLAG_SUCCESS)	// Success
   1155          				{
   1156          					if(smk_flag_data.recv_resp_packet & REQUEST_FIRST_AUTHENTICATION)
   1157          					{
   1158          						gAuthentication_Cnt = 0;
   1159          						smk_flag_data.recv_resp_packet = REQUEST_SECOND_AUTHENTICATION;
   1160                                                          // ++, 150713 bwk
   1161          						SMK_Tag_Count = recv_smartkey.Registered_Tag_Count;		// ++, --, 150709 bwk
   1162          						SendSMKCountResult();
   1163                                                          // --, 150713 bwk
   1164          					}
   1165          					else if(smk_flag_data.recv_resp_packet & REQUEST_SECOND_AUTHENTICATION)
   1166          					{
   1167          						gAuthentication_Cnt = 0;
   1168          						AuthResult = 1;
   1169          						SMK_Tag_Count = recv_smartkey.Registered_Tag_Count;
   1170          						smk_flag_data.recv_resp_packet = RESPONSE_SUCCESS;
   1171          						SMKSuccess = SMK_SUCCESS;
   1172          						SendSMKAuthResult(SMK_SUCCESS);
   1173          
   1174          						// ++ , 141118 sys3215
   1175          						Flag_ESL=1;
   1176          						// -- , 141118 sys3215
   1177          						
   1178          					}
   1179          				}
   1180          				else
   1181          				{
   1182          					if(++gAuthentication_Cnt >= TIME_OUT_COUNT)
   1183          					{
   1184          						gAuthentication_Cnt = 0;
   1185          						//AuthResult = 2;
   1186          						AuthResult = 1;
   1187          						smk_flag_data.recv_resp_packet = RESPONSE_TIME_OUT;
   1188          						SMKSuccess = SMK_FAIL;
   1189          						SendSMKAuthResult(SMK_FAIL);
   1190          						return;
   1191          					}
   1192          
   1193          					if(smk_flag_data.recv_resp_packet & REQUEST_FIRST_AUTHENTICATION)
   1194          						smk_flag_data.recv_resp_packet = REQUEST_FIRST_AUTHENTICATION;
   1195          					else if(smk_flag_data.recv_resp_packet & REQUEST_SECOND_AUTHENTICATION)
   1196          						smk_flag_data.recv_resp_packet = REQUEST_SECOND_AUTHENTICATION;
   1197          				}
   1198          			}
   1199          			else if(smk_flag_data.recv_resp_packet == (REQUEST_FIRST_AUTHENTICATION | RESPONSE_WAIT))
   1200          			{
   1201          				// ++, 161021 bwk
   1202          				#if 0
   1203          				//RequestFirstAuthentication();
   1204          				#else
   1205          				if(gRetryCheck < 5)
   1206          				{
   1207          					if(++gAuthentication_Cnt >= 2)
   1208          					{
   1209          						gAuthentication_Cnt = 0;
   1210          						struct st_CAN_Message1 Send_Message;
   1211          						memcpy(&Send_Message.Data,&send_smartkey,8);	
   1212          						Send_Message.Priority= 0x18;
   1213          						Send_Message.PDU_Format= 0xFF;
   1214          						Send_Message.PDU_Specific= 0xE7;
   1215          						Send_Message.Source_Address= 0x28;
   1216          						Write_CAN_Single(Send_Message);
   1217          
   1218          						gRetryCheck++;
   1219          					}
   1220          				}
   1221          				#endif
   1222          				// --, 161021 bwk
   1223          			}
   1224          			else if(smk_flag_data.recv_resp_packet == (REQUEST_SECOND_AUTHENTICATION | RESPONSE_WAIT))
   1225          			{
   1226          				// ++, 161021 bwk
   1227          				#if 0
   1228          				//RequestSecondAuthentication();
   1229          				#else
   1230          				if(gRetryCheck < 5)
   1231          				{
   1232          					if(++gAuthentication_Cnt >= 2)
   1233          					{
   1234          						gAuthentication_Cnt = 0;
   1235          						struct st_CAN_Message1 Send_Message;
   1236          						memcpy(&Send_Message.Data,&send_smartkey,8);	
   1237          						Send_Message.Priority= 0x18;
   1238          						Send_Message.PDU_Format= 0xFF;
   1239          						Send_Message.PDU_Specific= 0xE7;
   1240          						Send_Message.Source_Address= 0x28;
   1241          						Write_CAN_Single(Send_Message);
   1242          
   1243          						gRetryCheck++;
   1244          					}
   1245          				}
   1246          				#endif
   1247          				// --, 161021 bwk
   1248          			}
   1249          		}
   1250          	}
   1251          	//else if(AuthResult == 1)
   1252          	{
   1253          	
   1254          		if((Uart2_RxMsg_Smk_Reg_Eli[2] == 1) || (Uart2_RxMsg_Smk_Reg_Eli[2] == 2)) 
   1255          		{
   1256          			RequestSMKMessage(Uart2_RxMsg_Smk_Reg_Eli[2]);
   1257          			SMK_Msg_Send = 1;
   1258          			smk_flag_data.recv_resp_packet = 0;
   1259          		//	Uart2_RxMsg_Smk_Reg_Eli[7] = Uart2_RxMsg_Smk_Reg_Eli[0];
   1260          			Uart2_RxMsg_Smk_Reg_Eli[2] = 0xff;
   1261          		}
   1262          		
   1263          		if(SMK_Msg_Send == 1)
   1264          		{
   1265          			if(smk_flag_data.recv_resp_packet == RESPONSE_AUTHENTICATION)
   1266          			{
   1267          				SMK_Msg_Send = 0;
   1268          				CheckResponseMsgComm();
   1269          			}
   1270          		}
   1271          	}
   1272          }
   1273          #endif
   1274          
   1275          // ++, 141118 sys3215
   1276          void ESL_System(void)
   1277          {
   1278          	if(Seed_request==0)
   1279          	{
   1280          		Seed_request=0xff;
   1281          		Seed_Request_CAN_TX();
   1282          	}
   1283          	if(Seed_received==1)
   1284          	{
   1285          		Seed_received=0xff;
   1286          		SendMultiPacketRTS_ESL();
   1287          	}
   1288          	if(ESL_CTS_received==1)
   1289          	{
   1290          		ESL_CTS_received=0xff;
   1291          		SendMultiPacketData_ESL();
   1292                          Flag_ESL = 0;
   1293          	}
   1294          	if(ESL_ACK_received==1)
   1295          	{
   1296          		Init_Smart_Key_valuable();
   1297          	}
   1298          }
   1299          
   1300          // --, 141118 sys3215
   1301          
   1302          
   1303          
   1304          /**
   1305            * @brief  1msec OperationFunc
   1306            * @param  None
   1307            * @retval None
   1308            */
   1309          void WL9FM_1mSecOperationFunc(void)
   1310          {
   1311          #if 1
   1312          	if( Flag_UartTxStart == 1 )
   1313          	{
   1314          		if (SendTime_E2PROM++ > 3) //	25msec
   1315          		{
   1316          			SendTime_E2PROM = 0;
   1317          			SendTo_E2PROM();
   1318          			KeySwitch_SendToEXYNOS(KEYSWITCH_NONE,0);
   1319          		}			
   1320          	}
   1321          	// CAN_TX Routine
   1322          	CAN_TX();
   1323          	Write_UART_Single();
   1324          #endif
   1325          }
   1326          
   1327          /**
   1328            * @brief  10msec OperationFunc
   1329            * @param  None
   1330            * @retval None
   1331            */
   1332          
   1333          u8 flag_reset=0;
   1334          
   1335          void WL9FM_10mSecOperationFunc(void)
   1336          {
   1337          	//Lamp_Update_State();	//	LAMP Update 상태를 체크한다.
   1338          	
   1339          }
   1340          
   1341          /**
   1342            * @brief  100msec OperationFunc
   1343            * @param  None
   1344            * @retval None
   1345            */
   1346          void WL9FM_100mSecOperationFunc(void)
   1347          {
   1348          	
   1349          	
   1350          	Lamp_Update_System();	//	체크된 LAMP 상태를 업데이트 한다.
   1351          
   1352          #if 1
   1353          	if(SmartKeyUse == 1)
   1354          		SmartKeyAuthentication();
   1355          #endif
   1356          
   1357          // ++ , 141118 sys3215
   1358          	if(Flag_ESL==1)
   1359          	{
   1360          		ESL_System();
   1361          	}
   1362          // -- , 141118 sys3215
   1363          	
   1364          	if(LCDOffCount < 30)
   1365          	{
   1366          		LCDOffCount++;
   1367          		LCDBL_ONOFF(LCDBL_OFF);
   1368          	}
   1369          	else if(LCDOffCount == 30)
   1370          	{
   1371          		LCDOffCount++;
   1372          		LCDBL_ONOFF(LCDBL_ON);
   1373          	}
   1374          	else
   1375          	{
   1376          		LCDBL_ONOFF(LCDBL_ON);
   1377          	}
   1378          	
   1379          	if(CommErrCnt > 1000)
   1380             	{
   1381             		if( Flag_TxE2pRomData == 1 )
   1382          	   	{
   1383          	   		CAN_COMInit();
   1384             			CAN_ITConfig(CAN1, CAN_IT_FMP0,ENABLE);	
   1385          
   1386          			Buz1 = 0;
   1387                      //RTCSend();
   1388          			if(++SendRTCnt >= 10)
   1389          			{
   1390          				SendRTCnt = 0;
   1391          				
   1392          			}
   1393          	   	}
   1394          	}	
   1395          	if(OSUpdateCount < 200)
   1396          	{
   1397          		OSUpdateCount++;
   1398          	}
   1399          	else if(OSUpdateCount == 200)
   1400          	{
   1401          		OSUpdateCount++;
   1402          		System_CheckPowerIG();
   1403          	}
   1404          	else
   1405          	{
   1406          		System_CheckPowerIG();
   1407          	}
   1408          	
   1409          
   1410          	if(ST_Update)
   1411          	{
   1412          		if(UpdateMode < 10)
   1413          			UpdateMode++;
   1414          
   1415          		if(UpdateMode >= 10)
   1416          		{
   1417          			STM32_Update(Stm32_Update_CMD,FatoryInit_Flag); 
   1418          			ST_Update=0;
   1419          		}
   1420          	}
   1421          		
   1422          	//	WL9A Monitor RESET Code
   1423          	if((SystemReset == 1) || (gRebootCmd == 1))
   1424          	{
   1425          		if(gRebootCmd == 1)
   1426          			//SaveDataToEEPROM();
   1427          				
   1428          		//	여기서 WL99F_100mSecOperationFunc() 함수를 빠져나간다.
   1429          		//	WL9F_100mSecOperationFunc() 함수가 종료되는 시점에 SYSTEM RESET을 시킨다.
   1430          		//	WL9F_Monitor_APP() 함수로 이동!!!
   1431          		return;
   1432          	}
   1433          
   1434          	if(CameraCommFlag == 1)
   1435          	{
   1436                          // ++, 150715 bwk
   1437          #if 0
   1438          		cam_mode_change(Camera_Mode);
   1439          		CameraCommFlag = 0;
   1440          #else
   1441          		CameraCommFlag = 0;
   1442          		cam_mode_change(Camera_Mode);
   1443                          cam_mode_check();
   1444          #endif
   1445                          // --, 150715 bwk
   1446          	}
   1447          
   1448          
   1449          	// ++, 150204 sys3215
   1450          	CAN_TX_Key_Status();
   1451          	// --, 150204 sys3215
   1452          }
   1453          
   1454          void WL9FM_500mSecOperationFunc(void)
   1455          {
   1456          	if(CANUpdateFlag != 1)
   1457          		MonitorStatus_CAN_TX();
   1458          
   1459          }
   1460          
   1461          
   1462          
   1463          /**
   1464            * @brief  1sec OperationFunc
   1465            * @param  None
   1466            * @retval None
   1467            */
   1468          void WL9FM_1SecOperationFunc(void)
   1469          {
   1470          	if(UpdateMode < 10)
   1471          		read_clock();
   1472          
   1473          
   1474          	//  ++, kutelf, 131007
   1475          	//	카메라 동작 모드 일 경우, 3초 마다 한번씩 각 채널의
   1476          	//	상태를 체크하여, Video가 없으면 No Video 띄워준다.
   1477          	if (Camera_CheckFlag == 1 && Camera_Mode != 0xFF)
   1478          	{
   1479          		if (++Camera_CheckCnt == 6) Camera_CheckCnt = 0;
   1480          			
   1481          		if ((Camera_CheckCnt % 3) == 0)
   1482          		{
   1483          			cam_mode_check();
   1484          		}
   1485          	}
   1486          	else
   1487          	{
   1488          		Camera_CheckCnt = 0;
   1489          	}
   1490          	//  --, kutelf, 131007
   1491          }
   1492          
   1493          //	++, kutelf, 140801
   1494          //	RevD.01.01
   1495          //	RevD 보드와 호환성을 위하여 함수 추가 및 이름 변경
   1496          void CameraMode(u8 Mode, u8 OSD)
   1497          {
   1498          // ++, sys3215, 141211
   1499          #if 0
   1500          	#ifdef BoardVersion_RevD
   1501          		TW8816_CameraMode(Mode, OSD);
   1502          	#else
   1503          		TW2835_CameraMode(Mode, OSD);
   1504          	#endif
   1505          #endif
   1506          
   1507          	if(Hardware_Revision==REVB)
   1508          	{
   1509          		TW2835_CameraMode(Mode, OSD);
   1510          	}
   1511          	else
   1512          	{
   1513          		TW8816_CameraMode(Mode, OSD);
   1514          	}
   1515          // --, sys3215, 141211
   1516          }
   1517          
   1518          void CheckCamera_Input(u8 Mode)
   1519          {
   1520          // ++, sys3215, 141211
   1521          #if 0
   1522          	#ifdef BoardVersion_RevD
   1523          		TW8816_CheckCamera_Input(Mode);
   1524          	#else
   1525          		TW2835_CheckCamera_Input(Mode);
   1526          	#endif
   1527          #endif
   1528          
   1529          	if(Hardware_Revision==REVB)
   1530          	{
   1531          		TW2835_CheckCamera_Input(Mode);
   1532          	}
   1533          	else
   1534          	{
   1535          		TW8816_CheckCamera_Input(Mode);
   1536          	}
   1537          // --, sys3215, 14121
   1538          }
   1539          //	--, kutelf, 140801
   1540          
   1541          void WL9FM_System_Init_Start(void)
   1542          {
   1543          	//	만약에 Software RESET 일 경우, 이미 PowerIG_ON을 한 상태이므로 PowerIG_OFF를 수행하지 않는다. 
   1544          	if (SystemReset != 1)
   1545          	{
   1546          		WL9FM_PowerIG(PowerIG_OFF);				//  ->	GPIO_Control.c PowerIG를 OFF로 만들어 놓고
   1547          												//		System_CheckPowerIG() 함수에서 PowerIG 상태에 따라서 설정
   1548          	}				
   1549          
   1550          //	++, kutelf, 140801
   1551          //	RevD.01.01
   1552          //	Power, PMIC On/Off 방법 변경 
   1553          #if 0
   1554          	WL9FM_EXYNOS_POWER_ONOFF(EXYNOS_POWER_ON);	//	->	GPIO_Control.c EXYNOS-4412 Power On..
   1555          	WL9FM_EXYNOS_PMIC_nRESET();
   1556          	WL9FM_EXYNOS_PMIC_PWRONOFF(EXYNOS_PMIC_OFF);
   1557          
   1558          #else
   1559          	WL9FM_EXYNOS_POWER_ONOFF(EXYNOS_POWER_ON);	//	->	GPIO_Control.c EXYNOS-4412 Power On..
   1560          	WL9FM_EXYNOS_PMIC_PWRON();
   1561          #endif
   1562          //	--, kutelf, 140801
   1563          
   1564          	//++,  sys3215 ,141211
   1565          	Hardware_Version_Init();					//  ->  Hardware_Version.c (Hardware Version ADC Start)
   1566          	Camera_IO_Init();
   1567          
   1568          	WL9FM_CAMERA_nRESET();	
   1569          	WL9F_CAMERA_Init();
   1570          #if 0	
   1571          //	++, kutelf, 140801
   1572          //	RevD.01.01 
   1573          //	Camera Input, LCD Controller 변경
   1574          //		=> TW2835 + TW8832 -> TW8816
   1575          //	DPRAM 삭제 - FSMC 사용 안함.
   1576          #ifdef BoardVersion_RevD
   1577          	WL9FM_CAMERA_nRESET();						//	-> 	TW8816 Power On..
   1578          	TW8816_Control_Init();
   1579          #else
   1580          	WL9FM_CAMERA_nRESET();						//	-> 	TW2835, TW8832 Power On..
   1581          	TW8832_Control_Init();						//	-> 	TW8832_Control.c (LCD Interface)
   1582          	TW2835_Control_Init();	
   1583          	//DPRAM_Init();								//	-> 	DPRAM_Control.c (Dual Port RAM Init)
   1584          #endif
   1585          //	--, kutelf, 140801	
   1586          #endif 
   1587          	//--, sys3215, 141211
   1588          	
   1589          	Buzzer_Init();              				//  ->  Buzzer.c (Buzzer Timer Start)
   1590          	// ++, 160511 bwk
   1591          	#if 0
   1592          	FM3164_Watchdog_Init(0x00);
   1593          	#else
   1594          	if(Hardware_Revision < REVH)			// ++, --, 160511 bwk
   1595          		FM3164_Watchdog_Init(0x00);					//  ->  FM31X4.c (Integrated Processor Companion ON)
   1596          	else
   1597          		EXT_WATCHDOG_ENALBE(0);
   1598          	#endif
   1599          	// --, 160511 bwk
   1600          	KeySwitch_Init();           				//  ->  KeySwitch.c
   1601          	LAMP_Control_Init();						//	-> 	LAMP_Control.c
   1602          												//		LAMP ALL ON
   1603          	LED_POWER_ONOFF(LED_OFF);					//	->	LCD_Control.c (LED On/Off)
   1604          	LCD_POWER_ONOFF(LCDPWR_ON);					//	-> 	LCD_Control.c (LCD 12V Power On/Off)
   1605          
   1606          	LCDBL_ONOFF(LCDBL_OFF); 					//	->	 부팅시 LCD에 하얀 화면 나옴
   1607          
   1608          	LCD_Control_Init();							//	-> 	LCD_Control.c (LCDBL, ON/OFF)
   1609          
   1610          	//USART_COMInit(COMPORT2);       				//      COM2 : CAN
   1611          	USART_COMInit_DMA(COMPORT2,Uart2_SerialTxMsg);   //      COM2 : CAN
   1612          	USART_COMInit(COMPORT4);       					//      COM4 : CMDData
   1613          
   1614          												
   1615          	CAN_COMInit();								//	-> 	CAN_Control.c
   1616          	//InitE2PROM();
   1617          	//ReadE2PROM_ToSend();						//	->	EEPROM Data Read
   1618          	// ++, 160511 bwk
   1619          	#if 0
   1620          	SmartKeyUse = LoadSMKUseToEEPROM();
   1621          	#else
   1622          	if(Hardware_Revision >= REVH)
   1623          		SaveSmartKeyUse = SmartKeyUse = LoadSMKUseToFlash();		// ++, --, 161021 bwk SaveSmartKeyUse 추가 
   1624          	else
   1625          		SaveSmartKeyUse = SmartKeyUse = LoadSMKUseToEEPROM();	// ++, --, 161021 bwk SaveSmartKeyUse 추가 
   1626          	#endif
   1627          	// --, 160511 bwk
   1628          	M25P32_Init();
   1629          
   1630          	LAMP_Update_Data = LAMP_ALL_OFF;			//	-> 	LAMP ALL OFF	
   1631          	//Old_LAMP_Update_Data = LAMP_ALL_OFF;			//	-> 	LAMP ALL OFF	
   1632          
   1633          	CAN_ITConfig(CAN1, CAN_IT_FMP0,ENABLE);	
   1634          
   1635          	SetFontOSDWindow();
   1636          }
   1637          
   1638          /**
   1639            * @brief  Application Program Start Point.
   1640            * @param  None
   1641            * @retval None
   1642            */
   1643          void WL9FM_Monitor_APP(void)
   1644          {
   1645          	DebugUART_Init();			//	->	Main.c
   1646          	DebugMsg_printf("== START -> DebugMsg from Exynos-4412 \r\n");    
   1647          
   1648          //	++, kutelf, 140925
   1649          //	KeyIG Off에서 무한 RESET 되는 현상 수정 => SYSTEM_RESET 위치 변경
   1650          //	System 강제 RESET시키기 위하여 goto lable 추가..
   1651          SYSTEM_RESET :
   1652          //	--, kutelf, 140925
   1653          	System_Configuration();		//  ->  System_Init.c
   1654          	                    		//      RCC, NVIC, GPIO Initialize
   1655          
   1656          	System_Initialize();		//	-> 	System_Init.c
   1657          
   1658          								//		IAP와 동일한 초기화를 한다. -> 상태 변경 없음.
   1659          	System_Variable_Init();
   1660          	WL9FM_System_Init_Start();
   1661          
   1662          	//RCC_ClearFlag();
   1663          	
   1664          	/* Infinite loop */
   1665          	while (1)
   1666          	{  
   1667          		if (WL9FM_TIME.Flag_1mSec == 1)     //  1msec
   1668          		{
   1669          			WL9FM_TIME.Flag_1mSec = 0;
   1670          
   1671          			//  WL9F_1mSecOperationState -> Func 실행..
   1672          			//  if (WL9F_1mSecOperationState != 0) WL9F_1mSecOperationFunc[WL9F_1mSecOperationState]();    
   1673          			WL9FM_1mSecOperationFunc();
   1674          		}            
   1675          		
   1676          		if (WL9FM_TIME.Flag_10mSec == 1)    //  10msec
   1677          		{
   1678          			WL9FM_TIME.Flag_10mSec = 0;
   1679          
   1680          			//  WL9F_10mSecOperationState -> Func 실행..
   1681          			//  if (WL9F_10mSecOperationState != 0) WL9F_10mSecOperationFunc[WL9F_10mSecOperationState]();    
   1682          			WL9FM_10mSecOperationFunc();
   1683          		}
   1684          		
   1685          		if (WL9FM_TIME.Flag_100mSec == 1)   //  100 msec
   1686          		{
   1687          			WL9FM_TIME.Flag_100mSec = 0;
   1688          
   1689          			//  WL9F_100mSecOperationState -> Func 실행..
   1690          			//  if (WL9F_100mSecOperationState != 0) WL9F_100mSecOperationFunc[WL9F_100mSecOperationState]();    
   1691          			WL9FM_100mSecOperationFunc();
   1692          
   1693          			#if 1
   1694          			//	WL9F Monitor RESET Code
   1695          			if((SystemReset == 1) || (gRebootCmd == 1))
   1696          			{
   1697          				//	++, kutelf, 150810
   1698          				#if 1
   1699          				if (gRebootCmd)	
   1700          				{	
   1701          					Software_Reset_BootLoader();
   1702          				}	
   1703          				else
   1704          				{
   1705          					goto SYSTEM_RESET;
   1706          				}	
   1707          
   1708          				#else
   1709          				if(gRebootCmd)	JumpIAP();
   1710          				else
   1711          					goto SYSTEM_RESET;
   1712          				#endif
   1713          				//	--, kutelf, 150810
   1714          			}
   1715          			#endif
   1716          		}
   1717          
   1718          		if(WL9FM_TIME.Flag_500mSec == 1)
   1719          		{
   1720          			WL9FM_TIME.Flag_500mSec = 0;
   1721          			WL9FM_500mSecOperationFunc();
   1722          		}
   1723          		
   1724          		if (WL9FM_TIME.Flag_1Sec == 1)      //  1000 msec
   1725          		{
   1726          			WL9FM_TIME.Flag_1Sec = 0;
   1727          
   1728          			//  WL9F_1SecOperationState -> Func 실행..
   1729          			//  if (WL9F_1SecOperationState != 0) WL9F_1SecOperationFunc[WL9F_1SecOperationState]();    
   1730          			WL9FM_1SecOperationFunc();
   1731                                  
   1732          		}
   1733          	}
   1734          }
   1735          
   1736          /*********(C) COPYRIGHT 2010 TaeHa Mechatronics Co., Ltd. *****END OF FILE****/
   1737          
   1738          

   Maximum stack usage in bytes:

   .cstack Function
   ------- --------
       0   CameraMode
         0   -> TW2835_CameraMode
         0   -> TW8816_CameraMode
       0   CheckCamera_Input
         0   -> TW2835_CheckCamera_Input
         0   -> TW8816_CheckCamera_Input
      24   CheckResponseAuthentication
        24   -> decode
        24   -> setCipherParam
      16   CheckResponseMsgComm
        16   -> SendSMKMsgResult
        16   -> decode
        16   -> setCipherParam
       0   CheckResponseVMC
       8   ESL_System
         8   -> Init_Smart_Key_valuable
         8   -> Seed_Request_CAN_TX
         8   -> SendMultiPacketData_ESL
         8   -> SendMultiPacketRTS_ESL
       8   GetRandValue
         8   -> rand
      72   InitE2PROM
        72   -> EEPROM_Write
        72   -> Init_RTC
        72   -> TimeDelay_msec
      16   Init_RTC
        16   -> WRITE_RTC
       8   Init_Smart_Key_valuable
         8   -> rand
       8   JumpIAP
         8   -> IWDG_Enable
         8   -> IWDG_ReloadCounter
         8   -> IWDG_SetPrescaler
         8   -> IWDG_SetReload
         8   -> IWDG_WriteAccessCmd
       0   LoadSMKUseToEEPROM
         0   -> EEPROM_Read
       0   LoadSMKUseToFlash
       0   LoadTestToEEPROM
         0   -> EEPROM_Read
      24   ReadE2PROM_ToSend
        24   -> EEPROM_Read
        24   -> __aeabi_memcpy
        24   -> __aeabi_memset
      24   RequestFirstAuthentication
        24   -> GetRandValue
        24   -> SetTagCmd
        24   -> SetTagLevel
        24   -> SetVMC
        24   -> TimeDelay_msec
        24   -> Write_CAN_Single
        24   -> encode
        24   -> setCipherParam
      16   RequestSMKComm
        16   -> GetRandValue
        16   -> SetTagCmd
        16   -> SetTagLevel
        16   -> Write_CAN_Single
      32   RequestSMKElimination
        32   -> GetRandValue
        32   -> SetTagCmd
        32   -> SetTagLevel
        32   -> Write_CAN_Single
        32   -> encode
        32   -> setCipherParam
       0   RequestSMKMessage
         0   -> RequestSMKElimination
         0   -> RequestSMKRegistration
      32   RequestSMKRegistration
        32   -> GetRandValue
        32   -> SetTagCmd
        32   -> SetTagLevel
        32   -> Write_CAN_Single
        32   -> encode
        32   -> setCipherParam
      32   RequestSecondAuthentication
        32   -> GetRandValue
        32   -> SetTagCmd
        32   -> SetTagLevel
        32   -> TimeDelay_msec
        32   -> Write_CAN_Single
        32   -> encode
        32   -> setCipherParam
      16   SaveDataToEEPROM
        16   -> EEPROM_Write
         0   -> TimeDelay_msec
        16   -> TimeDelay_msec
        16   -> __aeabi_memcpy
       0   SaveSMKUseToEEPROM
         0   -> EEPROM_Write
      16   SaveSMKUseToFlash
        16   -> FLASH_If_Init
        16   -> FLASH_If_SMK_Erase
         0   -> FLASH_Lock
        16   -> FLASH_ProgramByte
       0   SaveTestToEEPROM
         0   -> EEPROM_Write
       8   SendSMKAuthResult
         8   -> SMK_SendToExynos
       8   SendSMKCountResult
         8   -> SMK_SendToExynos
       8   SendSMKMsgResult
         8   -> SMK_SendToExynos
       0   SetCPK
       0   SetTagCmd
       0   SetTagLevel
       0   SetVMC
      24   SmartKeyAuthentication
        24   -> CheckResponseAuthentication
        24   -> CheckResponseMsgComm
        24   -> RequestFirstAuthentication
        24   -> RequestSMKElimination
        24   -> RequestSMKRegistration
        24   -> RequestSecondAuthentication
        24   -> SMK_SendToExynos
        24   -> Write_CAN_Single
       0   Software_Reset_Application
         0   -- Indirect call
       0   Software_Reset_BootLoader
         0   -- Indirect call
       8   Srand
         8   -> READ_RTC
         0   -> srand
      24   System_CheckPowerIG
        24   -> Buzzer_Off
        24   -> Buzzer_UnLimitOff
        24   -> CAN_ITConfig
        24   -> FLASH_If_Init
        24   -> FLASH_If_SMK_Erase
        24   -> FLASH_Lock
        24   -> FLASH_ProgramByte
        24   -> KeySwitch_SendToEXYNOS
        24   -> LCDBL_ONOFF
        24   -> LCDBL_PWM_LEVEL
        24   -> LCD_POWER_ONOFF
        24   -> Lamp_Update_System
        24   -> Software_Reset_Application
        24   -> Software_Reset_BootLoader
        24   -> TimeDelay_msec
        24   -> USART_ITConfig
        24   -> WL9FM_EXYNOS_PMIC_PWROFF
        24   -> WL9FM_EXYNOS_POWER_ONOFF
        24   -> WL9FM_GetPowerIG
         0   -> WL9FM_PowerIG
        24   -> WL9FM_PowerIG
       8   WL9FM_100mSecOperationFunc
         8   -> CAN_COMInit
         8   -> CAN_ITConfig
         0   -> CAN_TX_Key_Status
         8   -> ESL_System
         8   -> LCDBL_ONOFF
         8   -> Lamp_Update_System
         8   -> STM32_Update
         8   -> SmartKeyAuthentication
         8   -> System_CheckPowerIG
         8   -> cam_mode_change
         8   -> cam_mode_check
       0   WL9FM_10mSecOperationFunc
       8   WL9FM_1SecOperationFunc
         0   -> cam_mode_check
         8   -> read_clock
       8   WL9FM_1mSecOperationFunc
         8   -> CAN_TX
         8   -> KeySwitch_SendToEXYNOS
         8   -> SendTo_E2PROM
         0   -> Write_UART_Single
       0   WL9FM_500mSecOperationFunc
         0   -> MonitorStatus_CAN_TX
      32   WL9FM_Monitor_APP
        32   -- Indirect call
        32   -> CAN_TX
        32   -> DebugUART_Init
        32   -> KeySwitch_SendToEXYNOS
        32   -> MonitorStatus_CAN_TX
        32   -> SendTo_E2PROM
        32   -> System_Configuration
        32   -> System_Initialize
        32   -> System_Variable_Init
        32   -> WL9FM_100mSecOperationFunc
        32   -> WL9FM_System_Init_Start
        32   -> Write_UART_Single
        32   -> cam_mode_check
        32   -> read_clock
      16   WL9FM_System_Init_Start
        16   -> Buzzer_Init
        16   -> CAN_COMInit
        16   -> CAN_ITConfig
        16   -> Camera_IO_Init
        16   -> EEPROM_Read
        16   -> FM3164_Watchdog_Init
        16   -> GPIO_WriteBit
        16   -> Hardware_Version_Init
        16   -> KeySwitch_Init
        16   -> LAMP_Control_Init
        16   -> LCDBL_ONOFF
        16   -> LCD_Control_Init
        16   -> LCD_POWER_ONOFF
        16   -> LED_POWER_ONOFF
        16   -> M25P32_Init
         0   -> SetFontOSDWindow
        16   -> USART_COMInit
        16   -> USART_COMInit_DMA
        16   -> WL9FM_CAMERA_nRESET
        16   -> WL9FM_EXYNOS_PMIC_PWRON
        16   -> WL9FM_EXYNOS_POWER_ONOFF
        16   -> WL9FM_PowerIG
        16   -> WL9F_CAMERA_Init
      24   read_clock
        24   -> READ_RTC
        24   -> USARTx_EXYNOS


   Section sizes:

   Bytes  Function/Label
   -----  --------------
       4  ??DataTable24
       4  ??DataTable24_1
       4  ??DataTable27
       4  ??DataTable27_1
       4  ??DataTable27_2
       4  ??DataTable29
       4  ??DataTable29_1
       4  ??DataTable29_2
       4  ??DataTable30
       4  ??DataTable31
       4  ??DataTable32
       4  ??DataTable32_1
       4  ??DataTable33
       4  ??DataTable34
       4  ??DataTable34_1
       4  ??DataTable34_10
       4  ??DataTable34_11
       4  ??DataTable34_12
       4  ??DataTable34_13
       4  ??DataTable34_14
       4  ??DataTable34_15
       4  ??DataTable34_16
       4  ??DataTable34_17
       4  ??DataTable34_18
       4  ??DataTable34_19
       4  ??DataTable34_2
       4  ??DataTable34_20
       4  ??DataTable34_3
       4  ??DataTable34_4
       4  ??DataTable34_5
       4  ??DataTable34_6
       4  ??DataTable34_7
       4  ??DataTable34_8
       4  ??DataTable34_9
      34  ??Subroutine5_0
      10  ?Subroutine0
       6  ?Subroutine1
       6  ?Subroutine2
       6  ?Subroutine3
      40  ?Subroutine4
       8  ACK_Multi_61184
       1  CTSFlag_61184
      16  CameraMode
      16  CheckCamera_Input
      90  CheckResponseAuthentication
     170  CheckResponseMsgComm
      20  CheckResponseVMC
      66  ESL_System
       2  Flag_1Min
       2  Flag_1Sec_MachInfo
       1  Flag_200mSec
      38  GetRandValue
     458  InitE2PROM
      50  Init_RTC
      50  Init_Smart_Key_valuable
      32  JumpIAP
       8  Jump_To_Application_Cluster_App
          JumpAddress_Cluster_App
       4  KeySwitch_Value
       6  LoadSMKUseToEEPROM
      14  LoadSMKUseToFlash
       6  LoadTestToEEPROM
       1  MachInfoSendCnt
       1  MachInfoTotalPacketNum
      13  McuInfoData2
          McuInfoData3
          McuInfoData4
          DiffMachInfo
       1  MoniInfoSendCnt
       1  MoniInfoTotalPacketNum
       1  MultiPacketSendOrder
       4  Old_LAMP_Update_Data
       8  RMCU_ACK_Multi_61184
       1  RMCU_CTSFlag_61184
       1  RMCU_RecvTotalPacket_61184
       1  RTSFlag_61184
     326  ReadE2PROM_ToSend
       1  RecvTotalPacket_61184
     128  RequestFirstAuthentication
      84  RequestSMKComm
      38  RequestSMKElimination
      18  RequestSMKMessage
      42  RequestSMKRegistration
      90  RequestSecondAuthentication
     632  SaveDataToEEPROM
      16  SaveE2PROM1
          SaveE2PROM2
          SaveE2PROM3
          SaveE2PROMoniInfo
       8  SaveSMKUseToEEPROM
      34  SaveSMKUseToFlash
       8  SaveTestToEEPROM
      18  SendSMKAuthResult
      18  SendSMKCountResult
      28  SendSMKMsgResult
      24  SendTime_E2PROM
          WL9FM_TIME
      16  SerialMsgRTC
      20  SetCPK
      28  SetTagCmd
      36  SetTagLevel
      20  SetVMC
     400  SmartKeyAuthentication
      16  Software_Reset_Application
      14  Software_Reset_BootLoader
      22  Srand
     316  System_CheckPowerIG
       1  TotalPacketNum
     202  WL9FM_100mSecOperationFunc
       2  WL9FM_10mSecOperationFunc
      78  WL9FM_1SecOperationFunc
      50  WL9FM_1mSecOperationFunc
      14  WL9FM_500mSecOperationFunc
       8  WL9FM_BUZZER
       4  WL9FM_LCDBL
     252  WL9FM_Monitor_APP
       8  WL9FM_RTC
     174  WL9FM_System_Init_Start
     532  WL9FM_USART_DATA
    1032  WL9FM_USART_FILE_DATA
       8  WL9FM_USART_INDEX
    1032  WL9FM_USART_RX_FILE_DATA
      58  eepRomReadData1
          MoniInfoData
          adc_value
       1  flag_reset
      82  read_clock
      68  recv_smartkey
          gAuthentication_Cnt
          gRetryCheck
          Flag_ESL
          Seed_request
          Seed_received
          ESL_CTS_received
          ESL_ACK_received
          Password_Certification_Result
          AuthResult
          SMKSuccess
          SMK_Msg_Send
          SMK_Tag_Count
          Flag_UartTxStart
          SendRTCnt
          SystemReset
          E2PROM_Save
          PwrOffCnt
          gRebootCmd
          ST_Update
          UpdateMode
          LCDOffCount
          SmartKeyUse
          SaveSmartKeyUse
          CameraCommFlag
          send_smartkey
          rand_value
          OSUpdateCount
          LAMP_Update_Data
          smk_flag_data
          Jump_To_Application_Cluster_Iap
          JumpAddress_Cluster_Iap
       1  send_bkcu_data
       1  send_mcu_data

 
 2 870 bytes in section .bss
 4 468 bytes in section .text
 
 4 468 bytes of CODE memory
 2 870 bytes of DATA memory

Errors: none
Warnings: 5
